{
  "stats": {
    "suites": 2,
    "tests": 15,
    "passes": 8,
    "pending": 2,
    "failures": 5,
    "start": "2023-02-13T10:50:15.197Z",
    "end": "2023-02-13T10:53:39.250Z",
    "duration": 204053,
    "testsRegistered": 16,
    "passPercent": 57.14285714285714,
    "pendingPercent": 12.5,
    "other": 1,
    "hasOther": true,
    "skipped": 2,
    "hasSkipped": true
  },
  "results": [
    {
      "uuid": "eda14cf1-7aa8-4132-8eef-be4d6fdcbef4",
      "title": "",
      "fullFile": "cypress/e2e/WebApplications/Checko.cy.js",
      "file": "cypress/e2e/WebApplications/Checko.cy.js",
      "beforeHooks": [],
      "afterHooks": [],
      "tests": [],
      "suites": [
        {
          "uuid": "1ab0f552-426d-4f35-b99e-e3cd86699bb4",
          "title": "Regression Checklist",
          "fullFile": "",
          "file": "",
          "beforeHooks": [],
          "afterHooks": [],
          "tests": [
            {
              "title": "Create Sales Order",
              "fullTitle": "Regression Checklist Create Sales Order",
              "timedOut": null,
              "duration": 36453,
              "state": "passed",
              "speed": "slow",
              "pass": true,
              "fail": false,
              "pending": false,
              "context": null,
              "code": "cy.visit(QAServer + 'Sales/index.php/order/index');\ncy.wait(1000);\ncy.get('#addButton > .svg-inline--fa > path').click({\n  force: true\n});\ncy.get('#select2-order-int_area_id-container').click();\ncy.get('.select2-dropdown > .select2-search > .select2-search__field').click();\n//Assertions on area name via loop\ncy.get('li[role=option]').each(function ($ele, index, list) {\n  if ($ele.text() === area_name) {\n    cy.wrap($ele).click();\n  } else {\n    cy.log('not found');\n  }\n});\ncy.get('#select2-order-int_party_id-container').click();\ncy.wait(1000);\ncy.get('li[role=option]').each(function ($ele, index) {\n  cy.log($ele.text());\n  if ($ele.text() === Party_name) {\n    cy.wrap($ele).click();\n  } else {\n    cy.log('not found');\n  }\n});\n//cy.get('.select2-dropdown > .select2-search > .select2-search__field').type('Vina{enter}')\ncy.get('#select2-order-int_placed_by_employee_id-container').click({\n  force: true\n});\ncy.get('li[role=option]').each(function ($ele, index, list) {\n  cy.log($ele.text());\n  if ($ele.text() === Placed_By) {\n    cy.wrap($ele).click();\n  } else {\n    cy.log('not found');\n  }\n});\n//cy.get('.select2-dropdown > .select2-search > .select2-search__field').type('Vish{enter}')\n//.should('have.value','nilesh')\ncy.get('.modal-footer > .btn').click();\ncy.wait(500);\ncy.get('.view > .text-dark > .svg-inline--fa').click();\ncy.get('#select2-orderdetail-0-int_product_id-container').click();\ncy.get('li[role=option]').each(function ($ele) {\n  cy.log($ele.text());\n  if ($ele.text() === Select_product) {\n    cy.wrap($ele).click();\n  } else {\n    cy.log('not found');\n  }\n});\n//cy.get('.select2-search__field').type('DAP{enter}')\ncy.wait(400);\ncy.get('#select2-orderdetail-0-int_product_pack_id-container').click();\ncy.get('li[role=option]').each(function ($ele, index, list) {\n  //Below will do assertion and check if list contains the product\n  //cy.log($ele.text()).should('contain', 'DAP')\n  if ($ele.text() === Select_pack) {\n    cy.wrap($ele).click();\n  } else {\n    cy.log('not found');\n  }\n});\n//cy.get('.select2-search__field').type('DAP{enter}')\ncy.get('#orderdetail-0-dbl_quantity').type('1');\ncy.get('.modal-footer > .btn').click({\n  force: true\n});\ncy.wait(5000);\ncy.get('.breadcrumb-item > a').each(function ($ele) {\n  OrderNumber = $ele.text();\n  cy.log(OrderNumber);\n  cy.wait(2000);\n});\n//Change status to final \ncy.get('.font-size-lg > .view > .svg-inline--fa').click({\n  force: true\n});\ncy.get('#select2-order-int_status_type-container').click();\ncy.get('li[role=option]').each(function ($ele, index) {\n  cy.log($ele.text());\n  if ($ele.text() === 'Final') {\n    cy.wrap($ele).click();\n    cy.get('#submitBtn').click();\n  } else {\n    cy.log('not found');\n  }\n});\ncy.wait(2000);\n//Change staus to PO confirm\ncy.get('.font-size-lg > .view > .svg-inline--fa').click({\n  force: true\n});\ncy.get('#select2-order-int_status_type-container').click();\ncy.get('li[role=option]').each(function ($ele, index) {\n  cy.log($ele.text());\n  if ($ele.text() === 'Confirmed') {\n    cy.wrap($ele).click();\n    cy.wait(1000);\n    cy.get('#submitBtn').click();\n    cy.wait(2000);\n  } else {\n    cy.log('not found');\n  }\n});\n//Change status to Approved\ncy.get('.font-size-lg > .view > .svg-inline--fa').click({\n  force: true\n});\ncy.get('#select2-order-int_status_type-container').click();\ncy.get('li[role=option]').each(function ($ele, index) {\n  cy.log($ele.text());\n  if ($ele.text() === 'Approved') {\n    cy.wrap($ele).click();\n    cy.wait(1000);\n    cy.get('#submitBtn').click();\n    cy.wait(2000);\n  } else {\n    cy.log('not found');\n  }\n});\ncy.wait(2000);",
              "err": {},
              "uuid": "fd0f6892-3826-4172-ac73-660f60e05972",
              "parentUUID": "1ab0f552-426d-4f35-b99e-e3cd86699bb4",
              "isHook": false,
              "skipped": false
            },
            {
              "title": "Send Mail - Sales Order",
              "fullTitle": "Regression Checklist Send Mail - Sales Order",
              "timedOut": null,
              "duration": 4507,
              "state": "passed",
              "speed": "fast",
              "pass": true,
              "fail": false,
              "pending": false,
              "context": null,
              "code": "cy.visit(QAServer + '/BusinessSettings/index.php/message/index');\ncy.get('.summary > :nth-child(2)').each(function ($ele) {\n  var x = parseInt($ele.text());\n  cy.log(x);\n  cy.get('[data-key=\"' + x + '\"] > [data-col-seq=\"4\"]').should('contain', OrderNumber);\n});",
              "err": {},
              "uuid": "4647b687-098a-43ba-9107-94fe32441ba6",
              "parentUUID": "1ab0f552-426d-4f35-b99e-e3cd86699bb4",
              "isHook": false,
              "skipped": false
            },
            {
              "title": "Create Dispatch",
              "fullTitle": "Regression Checklist Create Dispatch",
              "timedOut": null,
              "duration": 22144,
              "state": "failed",
              "speed": null,
              "pass": false,
              "fail": true,
              "pending": false,
              "context": null,
              "code": "cy.visit(QAServer + '/Inventory/index.php/delivery/index');\ncy.wait(500);\ncy.get('.top_btn > .view').click({\n  force: true\n});\ncy.get('#freight-int_vehicle_source_type').select('Self');\ncy.get('#delivery-int_vehicle_type').select('Truck');\ncy.get('#submitBtn').click();\ncy.wait(500);\ncy.get('.top_btn > .view').click();\ncy.get(':nth-child(1) > :nth-child(2) > .input-group > .form-control').type(OrderNumber);\ncy.get('[type=\"checkbox\"]').first().check({\n  force: true\n});\ncy.get('td.dispatch-branch > select.dispatch').select('VEW - Partapur (Head office)');\ncy.get('td.warehouse-branch > select.warehouse').select('VEW - Partapur (Head office)');\ncy.get('#submitBtn').click({\n  force: true\n});\ncy.wait(1000);\ncy.get('.box-header > .d-flex > :nth-child(3) > .badge > [data-bs-toggle=\"tooltip\"]').each(function ($ele) {\n  ChallanNumber = $ele.text();\n  cy.log(ChallanNumber);\n  cy.wait(2000);\n});\n//Change status to final \ncy.get('.font-size-lg > .view > .svg-inline--fa > path').click({\n  force: true\n});\ncy.get('#select2-delivery-int_status_type-container').click();\ncy.get('li[role=option]').each(function ($ele, index) {\n  if ($ele.text() === 'Final') {\n    cy.wrap($ele).click();\n    cy.get('#submitBtn').click();\n  } else {\n    cy.log('not found');\n  }\n});\ncy.wait(2000);\n//Change staus to Approved\ncy.get('.font-size-lg > .view > .svg-inline--fa > path').click({\n  force: true\n});\ncy.get('#select2-delivery-int_status_type-container').click();\ncy.get('li[role=option]').each(function ($ele, index) {\n  if ($ele.text() === 'Approved') {\n    cy.wrap($ele).click();\n    cy.wait(1000);\n    cy.get('#submitBtn').click();\n    cy.wait(2000);\n  } else {\n    cy.log('not found');\n  }\n});",
              "err": {
                "message": "CypressError: Timed out retrying after 4050ms: `cy.click()` failed because this element is `disabled`:\n\n`<button type=\"submit\" id=\"submitBtn\" class=\"btn btn-primary btn-md disableSaveBtn\" disabled=\"disabled\" style=\"pointer-events: auto;\">Save</button>`\n\nFix this problem, or use `{force: true}` to disable error checking.\n\nhttps://on.cypress.io/element-cannot-be-interacted-with",
                "estack": "CypressError: Timed out retrying after 4050ms: `cy.click()` failed because this element is `disabled`:\n\n`<button type=\"submit\" id=\"submitBtn\" class=\"btn btn-primary btn-md disableSaveBtn\" disabled=\"disabled\" style=\"pointer-events: auto;\">Save</button>`\n\nFix this problem, or use `{force: true}` to disable error checking.\n\nhttps://on.cypress.io/element-cannot-be-interacted-with\n    at Object.isNotDisabled (http://192.168.0.16/__cypress/runner/cypress_runner.js:154745:66)\n    at runAllChecks (http://192.168.0.16/__cypress/runner/cypress_runner.js:133446:26)\n    at retryActionability (http://192.168.0.16/__cypress/runner/cypress_runner.js:133535:16)\n    at tryCatcher (http://192.168.0.16/__cypress/runner/cypress_runner.js:11327:23)\n    at Promise.attempt.Promise.try (http://192.168.0.16/__cypress/runner/cypress_runner.js:8601:29)\n    at whenStable (http://192.168.0.16/__cypress/runner/cypress_runner.js:149610:65)\n    at <unknown> (http://192.168.0.16/__cypress/runner/cypress_runner.js:149051:14)\n    at tryCatcher (http://192.168.0.16/__cypress/runner/cypress_runner.js:11327:23)\n    at Promise._settlePromiseFromHandler (http://192.168.0.16/__cypress/runner/cypress_runner.js:9262:31)\n    at Promise._settlePromise (http://192.168.0.16/__cypress/runner/cypress_runner.js:9319:18)\n    at Promise._settlePromise0 (http://192.168.0.16/__cypress/runner/cypress_runner.js:9364:10)\n    at Promise._settlePromises (http://192.168.0.16/__cypress/runner/cypress_runner.js:9444:18)\n    at Promise._fulfill (http://192.168.0.16/__cypress/runner/cypress_runner.js:9388:18)\n    at <unknown> (http://192.168.0.16/__cypress/runner/cypress_runner.js:11002:46)\nFrom Your Spec Code:\n    at Context.eval (webpack:///./cypress/e2e/WebApplications/Checko.cy.js:205:31)",
                "diff": null
              },
              "uuid": "bfa1a3e5-a5ea-4fe5-b6a9-43daa3b741c3",
              "parentUUID": "1ab0f552-426d-4f35-b99e-e3cd86699bb4",
              "isHook": false,
              "skipped": false
            },
            {
              "title": "Loading Slip Preview",
              "fullTitle": "Regression Checklist Loading Slip Preview",
              "timedOut": null,
              "duration": 9695,
              "state": "failed",
              "speed": null,
              "pass": false,
              "fail": true,
              "pending": false,
              "context": null,
              "code": "cy.visit(QAServer + 'Inventory/index.php/delivery/index');\ncy.get('[data-key=\"0\"] > [style=\"vertical-align:middle;\"] > .dropdown > .btn').click({\n  force: true\n});\ncy.get('[data-key=\"0\"] > [style=\"vertical-align:middle;\"] > .dropdown > .dropdown-menu > :nth-child(3) > a').click();\ncy.get('#w6  .modal-dialog  .modal-content  .modal-footer  .bootstrap-dialog-footer  .bootstrap-dialog-footer-buttons .btn-warning').click();\ncy.get('body').should('not.contain', 'Exception (Database Exception)');",
              "err": {
                "message": "AssertionError: Timed out retrying after 4000ms: Expected to find element: `[data-key=\"0\"] > [style=\"vertical-align:middle;\"] > .dropdown > .dropdown-menu > :nth-child(3) > a`, but never found it.",
                "estack": "AssertionError: Timed out retrying after 4000ms: Expected to find element: `[data-key=\"0\"] > [style=\"vertical-align:middle;\"] > .dropdown > .dropdown-menu > :nth-child(3) > a`, but never found it.\n    at Context.eval (webpack:///./cypress/e2e/WebApplications/Checko.cy.js:216:9)",
                "diff": null
              },
              "uuid": "4533df6a-b178-4814-8267-f75235c896ee",
              "parentUUID": "1ab0f552-426d-4f35-b99e-e3cd86699bb4",
              "isHook": false,
              "skipped": false
            },
            {
              "title": "Send Mail - Dispatch",
              "fullTitle": "Regression Checklist Send Mail - Dispatch",
              "timedOut": null,
              "duration": 8607,
              "state": "failed",
              "speed": null,
              "pass": false,
              "fail": true,
              "pending": false,
              "context": null,
              "code": "cy.visit(QAServer + '/BusinessSettings/index.php/message/index');\ncy.get('.summary > :nth-child(2)').each(function ($ele) {\n  var x = parseInt($ele.text());\n  cy.log(x);\n  cy.get('[data-key=\"' + x + '\"] > [data-col-seq=\"4\"]').should('contain', ChallanNumber);\n});",
              "err": {
                "message": "AssertionError: Timed out retrying after 4000ms: expected '<td.w3>' to contain 'VEW/PTPR/22-23/00046'",
                "estack": "AssertionError: Timed out retrying after 4000ms: expected '<td.w3>' to contain 'VEW/PTPR/22-23/00046'\n    at Context.eval (webpack:///./cypress/e2e/WebApplications/Checko.cy.js:225:58)",
                "diff": null
              },
              "uuid": "80636510-3104-45ae-ae1e-eaa7d714067e",
              "parentUUID": "1ab0f552-426d-4f35-b99e-e3cd86699bb4",
              "isHook": false,
              "skipped": false
            },
            {
              "title": "Create Invoice",
              "fullTitle": "Regression Checklist Create Invoice",
              "timedOut": null,
              "duration": 13312,
              "state": "failed",
              "speed": null,
              "pass": false,
              "fail": true,
              "pending": false,
              "context": null,
              "code": "cy.visit(QAServer + 'Sales/index.php/invoice/index');\ncy.wait(2000);\ncy.get('[href=\"/' + clone + '/Sales/index.php/invoice/create?intDocumentType=211\"]').click({\n  force: true\n});\ncy.get('.box-body > .input-group > .form-control').type(ChallanNumber);\ncy.get('.display-inline-block > .col-md-1 > .delivery-note').first().check({\n  force: true\n});\ncy.get('.payment-term-cls').select('Standard');\ncy.get(':nth-child(3) > .btn').click();\ncy.get('.top_btn > .btn-primary').click({\n  force: true\n});\ncy.wait(1000);\ncy.get('.breadcrumb-item > a').each(function ($ele) {\n  InvoiceNumber = $ele.text();\n  cy.log(InvoiceNumber);\n  cy.wait(2000);\n});",
              "err": {
                "message": "AssertionError: Timed out retrying after 4000ms: Expected to find element: `.display-inline-block > .col-md-1 > .delivery-note`, but never found it.",
                "estack": "AssertionError: Timed out retrying after 4000ms: Expected to find element: `.display-inline-block > .col-md-1 > .delivery-note`, but never found it.\n    at Context.eval (webpack:///./cypress/e2e/WebApplications/Checko.cy.js:234:7)",
                "diff": null
              },
              "uuid": "860cac29-8485-466e-9ce5-bdf122e09f7e",
              "parentUUID": "1ab0f552-426d-4f35-b99e-e3cd86699bb4",
              "isHook": false,
              "skipped": false
            },
            {
              "title": "Invoice Preview",
              "fullTitle": "Regression Checklist Invoice Preview",
              "timedOut": null,
              "duration": 11496,
              "state": "failed",
              "speed": null,
              "pass": false,
              "fail": true,
              "pending": false,
              "context": null,
              "code": "cy.visit(QAServer + 'Sales/index.php/invoice/index');\ncy.wait(200);\ncy.get('[data-col-seq=\"2\"] > .form-control').click({\n  force: true\n}).type(InvoiceNumber + '{enter}');\ncy.wait(300);\ncy.get('.dropdown > .btn').click({\n  force: true\n});\ncy.get(':nth-child(13) > .dropdown > .dropdown-menu > :nth-child(4) > a').click({\n  force: true\n});\ncy.wait(1500);\ncy.get('#w6  .modal-dialog  .modal-content  .modal-footer  .bootstrap-dialog-footer  .bootstrap-dialog-footer-buttons .btn-warning').click();\ncy.get('body').should('not.contain', 'Exception (Database Exception)');",
              "err": {
                "message": "AssertionError: Timed out retrying after 4000ms: Expected to find element: `.dropdown > .btn`, but never found it.",
                "estack": "AssertionError: Timed out retrying after 4000ms: Expected to find element: `.dropdown > .btn`, but never found it.\n    at Context.eval (webpack:///./cypress/e2e/WebApplications/Checko.cy.js:250:5)",
                "diff": null
              },
              "uuid": "cae46c70-624d-49f9-9a58-bbc5d40f4d7f",
              "parentUUID": "1ab0f552-426d-4f35-b99e-e3cd86699bb4",
              "isHook": false,
              "skipped": false
            },
            {
              "title": "SATHI support ticket",
              "fullTitle": "Regression Checklist SATHI support ticket",
              "timedOut": null,
              "duration": 7464,
              "state": "passed",
              "speed": "medium",
              "pass": true,
              "fail": false,
              "pending": false,
              "context": null,
              "code": "cy.visit(QAServer + 'index.php/customer-care/sathi-support-list');\ncy.wait(500);\ncy.get('#modalButton').click({\n  force: true\n});\ncy.get('#scribble_subject').type('This is ticket from web');\n//cy.get('.mb-3 > .select2 > .selection > .select2-selection > .select2-selection__rendered > .select2-search > .select2-search__field').click()\ncy.get('.modal-footer > .btn').click();",
              "err": {},
              "uuid": "20926085-4cbf-4244-bc9d-a4f1fc77ee94",
              "parentUUID": "1ab0f552-426d-4f35-b99e-e3cd86699bb4",
              "isHook": false,
              "skipped": false
            },
            {
              "title": "Helpdesk Ticket",
              "fullTitle": "Regression Checklist Helpdesk Ticket",
              "timedOut": null,
              "duration": 11512,
              "state": "passed",
              "speed": "slow",
              "pass": true,
              "fail": false,
              "pending": false,
              "context": null,
              "code": "let To = 'Abhishek Tyagi';\ncy.visit(QAServer + 'index.php/customer-care/helpdesk-list');\ncy.wait(2000);\ncy.get('.float-end > .view > .svg-inline--fa').click({\n  force: true\n});\ncy.get('#select2-pmsscribble-txtscribbleprojectuser-container').click();\ncy.get('li[role=option]').each(function ($ele, index, list) {\n  if ($ele.text() === To) {\n    cy.wrap($ele).click();\n  } else {\n    cy.log('not found');\n  }\n});\ncy.get('#scribble_subject').type('This is helpdesk ticket from web');\ncy.get('.modal-footer > .btn').click();\n//cy.get('#w10-success-0').should('contain','sucess')\ncy.get('[data-notify=\"message\"]').should('contain', 'successful');",
              "err": {},
              "uuid": "5a46d436-52c1-4f3d-956a-1e10789a6bcb",
              "parentUUID": "1ab0f552-426d-4f35-b99e-e3cd86699bb4",
              "isHook": false,
              "skipped": false
            },
            {
              "title": "Create Retail",
              "fullTitle": "Regression Checklist Create Retail",
              "timedOut": null,
              "duration": 12767,
              "state": "passed",
              "speed": "slow",
              "pass": true,
              "fail": false,
              "pending": false,
              "context": null,
              "code": "cy.visit(QAServer + 'Sales/index.php/retail-order/retail-list');\ncy.wait(2000);\ncy.get('[href=\"/' + clone + '/Sales/index.php/retail-order/create\"]').click({\n  force: true\n});\ncy.get('#select2-invoicedetail-0-int_product_pack_id-container').click();\ncy.wait(1000);\ncy.get('li[role=option]').each(function ($ele, index) {\n  if ($ele.text() === 'DAP 18:46 | DAP 50 Kg') {\n    cy.wrap($ele).click();\n  } else {\n    cy.log('not found');\n  }\n});\ncy.get('#invoicedetail-0-dbl_quantity').type('2{enter}');\ncy.get('.dropdown > .btn').click();\ncy.wait(500);\n//cy.get('[data-notify=\"message\"]').should('contain','Successfully')\ncy.get('.top_btn > .dropdown > .dropdown-menu > :nth-child(2) > a').click().should('not.contain', 'Exception (Database Exception)');",
              "err": {},
              "uuid": "8d53bedf-a0e3-4e64-9a73-36bd5260da24",
              "parentUUID": "1ab0f552-426d-4f35-b99e-e3cd86699bb4",
              "isHook": false,
              "skipped": false
            },
            {
              "title": "Retail Preview",
              "fullTitle": "Regression Checklist Retail Preview",
              "timedOut": null,
              "duration": 6972,
              "state": "passed",
              "speed": "medium",
              "pass": true,
              "fail": false,
              "pending": false,
              "context": null,
              "code": "cy.visit(QAServer + 'Sales/index.php/retail-order/retail-list');\ncy.get('tr[data-key=\"66\"] > :nth-child(10) > .dropdown > .btn').click({\n  force: true\n});\ncy.get('tr[data-key=\"66\"] > :nth-child(10) > .dropdown > .dropdown-menu > :nth-child(3) > a').click();\ncy.wait(1500);\ncy.get('body').should('not.contain', 'Exception (Database Exception)');",
              "err": {},
              "uuid": "94ef04d8-4208-4bea-8f37-897fed060deb",
              "parentUUID": "1ab0f552-426d-4f35-b99e-e3cd86699bb4",
              "isHook": false,
              "skipped": false
            },
            {
              "title": "Import Product",
              "fullTitle": "Regression Checklist Import Product",
              "timedOut": null,
              "duration": 10961,
              "state": "passed",
              "speed": "slow",
              "pass": true,
              "fail": false,
              "pending": false,
              "context": null,
              "code": "cy.visit(QAServer + 'index.php/import/product-master');\ncy.get('#select2-product-int_organisation_id-container').click();\ncy.get('li[role=option]').each(function ($ele, index) {\n  if ($ele.text() === 'Vishal Engineering Works (VEW)') {\n    cy.wrap($ele).click();\n  } else {\n    cy.log('not found');\n  }\n});\ncy.get('#product-file').attachFile('mSATHI-Product-PackSheetNew.csv');\ncy.get('.text-end > .btn-sm').click();\ncy.wait(500);\ncy.get('[data-notify=\"message\"]').should('contain', 'successful');",
              "err": {},
              "uuid": "32757511-2468-44f5-b2f2-cbc5dc303ee1",
              "parentUUID": "1ab0f552-426d-4f35-b99e-e3cd86699bb4",
              "isHook": false,
              "skipped": false
            },
            {
              "title": "Import Customer",
              "fullTitle": "Regression Checklist Import Customer",
              "timedOut": null,
              "duration": 15362,
              "state": "failed",
              "speed": null,
              "pass": false,
              "fail": true,
              "pending": false,
              "context": null,
              "code": "cy.visit(QAServer + 'index.php/import/customer');\ncy.get('#select2-party-int_organisation_id-container').click();\ncy.get('li[role=option]').each(function ($ele, index) {\n  if ($ele.text() === 'Vishal Engineering Works (VEW)') {\n    cy.wrap($ele).click();\n  } else {\n    cy.log('not found');\n  }\n});\ncy.get('#select2-party-int_customer_type-container').click();\ncy.get('li[role=option]').each(function ($ele, index) {\n  if ($ele.text() === 'Customer') {\n    cy.wrap($ele).click();\n  } else {\n    cy.log('not found');\n  }\n});\ncy.get('#select2-party-int_type_of_customer-container').click();\ncy.get('li[role=option]').each(function ($ele, index) {\n  if ($ele.text() === 'End Customer') {\n    cy.wrap($ele).click();\n  } else {\n    cy.log('not found');\n  }\n});\ncy.get('#party-file').attachFile('SampleData-CustomerMasterNew.csv');\ncy.get('.col-sm-12 > .btn-sm').click();\ncy.wait(500);\ncy.get('[data-notify=\"message\"]').should('contain', 'successful');\ncy.wait(2000);",
              "err": {
                "message": "AssertionError: Timed out retrying after 4000ms: Expected to find element: `[data-notify=\"message\"]`, but never found it.",
                "estack": "AssertionError: Timed out retrying after 4000ms: Expected to find element: `[data-notify=\"message\"]`, but never found it.\n    at Context.eval (webpack:///./cypress/e2e/WebApplications/Checko.cy.js:366:40)",
                "diff": null
              },
              "uuid": "51b19a38-fb34-442e-872f-c1e6a5b4c70e",
              "parentUUID": "1ab0f552-426d-4f35-b99e-e3cd86699bb4",
              "isHook": false,
              "skipped": false
            },
            {
              "title": "Import Rate",
              "fullTitle": "Regression Checklist Import Rate",
              "timedOut": null,
              "duration": 0,
              "state": "pending",
              "speed": null,
              "pass": false,
              "fail": false,
              "pending": false,
              "context": null,
              "code": "cy.visit(QAServer + 'index.php/rate/index');\ncy.get('[value=\"/' + clone + '/index.php/rate/upload-file\"]').click();\ncy.get('#productratetemplateproduct-date').click();\ncy.get('[data-date=\"1670284800000\"]').click();\ncy.get('#productratetemplateproduct-txtfile').attachFile('Sale_Final Price_20221201171643.xls');\ncy.get('.modal-footer > .btn').click();\ncy.get('[data-notify=\"message\"]').should('contain', 'successful');",
              "err": {},
              "uuid": "90745eba-a2bf-4caa-9474-b9effa2254bb",
              "parentUUID": "1ab0f552-426d-4f35-b99e-e3cd86699bb4",
              "isHook": false,
              "skipped": true
            },
            {
              "title": "Import Rate - Rate from other template",
              "fullTitle": "Regression Checklist Import Rate - Rate from other template",
              "timedOut": null,
              "duration": 0,
              "state": "pending",
              "speed": null,
              "pass": false,
              "fail": false,
              "pending": false,
              "context": null,
              "code": "cy.visit(QAServer + 'index.php/rate/index');\ncy.get('[data-key=\"0\"] > [data-col-seq=\"1\"] > a').click();\ncy.wait(500);\ncy.get('a[value=\"/' + clone + '/index.php/rate/import-template?id=1\"] > .text-dark > b').click({\n  force: true\n});\ncy.get('#productratetemplate-int_product_rate_template_id').select(3);\ncy.get('#productratetemplate-date-kvdate > .input-group-text').click();\ncy.get('[data-date=\"1670284800000\"]').click();\ncy.get('#productratetemplate-datimport-kvdate > .input-group-text').click();\ncy.get('[data-date=\"1670284800000\"]').click();\ncy.get('.modal-footer > .btn').click();\ncy.wait(1000);\ncy.get('[data-notify=\"message\"]').should('contain', 'successful');",
              "err": {},
              "uuid": "67253f4c-ff0d-4d53-8b53-d12e3d9fb638",
              "parentUUID": "1ab0f552-426d-4f35-b99e-e3cd86699bb4",
              "isHook": false,
              "skipped": true
            }
          ],
          "suites": [],
          "passes": [
            "fd0f6892-3826-4172-ac73-660f60e05972",
            "4647b687-098a-43ba-9107-94fe32441ba6",
            "20926085-4cbf-4244-bc9d-a4f1fc77ee94",
            "5a46d436-52c1-4f3d-956a-1e10789a6bcb",
            "8d53bedf-a0e3-4e64-9a73-36bd5260da24",
            "94ef04d8-4208-4bea-8f37-897fed060deb",
            "32757511-2468-44f5-b2f2-cbc5dc303ee1"
          ],
          "failures": [
            "bfa1a3e5-a5ea-4fe5-b6a9-43daa3b741c3",
            "4533df6a-b178-4814-8267-f75235c896ee",
            "80636510-3104-45ae-ae1e-eaa7d714067e",
            "860cac29-8485-466e-9ce5-bdf122e09f7e",
            "cae46c70-624d-49f9-9a58-bbc5d40f4d7f",
            "51b19a38-fb34-442e-872f-c1e6a5b4c70e"
          ],
          "pending": [],
          "skipped": [
            "90745eba-a2bf-4caa-9474-b9effa2254bb",
            "67253f4c-ff0d-4d53-8b53-d12e3d9fb638"
          ],
          "duration": 171252,
          "root": false,
          "rootEmpty": false,
          "_timeout": 2000
        },
        {
          "uuid": "3502086e-991c-4c87-acf1-44ebba24376a",
          "title": "db-Xpert",
          "fullFile": "",
          "file": "",
          "beforeHooks": [],
          "afterHooks": [],
          "tests": [
            {
              "title": "Documents - Mobile",
              "fullTitle": "db-Xpert Documents - Mobile",
              "timedOut": null,
              "duration": 29494,
              "state": "passed",
              "speed": "slow",
              "pass": true,
              "fail": false,
              "pending": false,
              "context": null,
              "code": "cy.visit(QAServer + 'Administration/index.php/documents/mobile-index');\ncy.get('ul[class=list_ul]>li').each(function ($ele, index) {\n  var liCount = parseInt(index) + parseInt(1);\n  cy.get('.list_ul > :nth-child(' + liCount + ') > a').invoke('removeAttr', 'target').click();\n  cy.wait(500);\n  //  cy.get('body').should('not.contain','The requested URL was not found on this server.')\n  cy.visit(QAServer + 'Administration/index.php/documents/mobile-index');\n});",
              "err": {},
              "uuid": "ea42f72b-1340-4f47-8f04-41821c3ffc03",
              "parentUUID": "3502086e-991c-4c87-acf1-44ebba24376a",
              "isHook": false,
              "skipped": false
            }
          ],
          "suites": [],
          "passes": [
            "ea42f72b-1340-4f47-8f04-41821c3ffc03"
          ],
          "failures": [],
          "pending": [],
          "skipped": [],
          "duration": 29494,
          "root": false,
          "rootEmpty": false,
          "_timeout": 2000
        }
      ],
      "passes": [],
      "failures": [],
      "pending": [],
      "skipped": [],
      "duration": 0,
      "root": true,
      "rootEmpty": true,
      "_timeout": 2000
    }
  ],
  "meta": {
    "mocha": {
      "version": "7.0.1"
    },
    "mochawesome": {
      "options": {
        "quiet": false,
        "reportFilename": "mochawesome",
        "saveHtml": false,
        "saveJson": true,
        "consoleReporter": "spec",
        "useInlineDiffs": false,
        "code": true
      },
      "version": "7.1.3"
    },
    "marge": {
      "options": {
        "charts": true,
        "overwrite": false,
        "html": false,
        "json": true,
        "reportDir": "cypress/report/mochawesome-report"
      },
      "version": "6.2.0"
    }
  }
}