{
  "stats": {
    "suites": 1,
    "tests": 33,
    "passes": 33,
    "pending": 0,
    "failures": 0,
    "start": "2023-01-03T07:02:01.649Z",
    "end": "2023-01-03T07:02:43.618Z",
    "duration": 41969,
    "testsRegistered": 33,
    "passPercent": 100,
    "pendingPercent": 0,
    "other": 0,
    "hasOther": false,
    "skipped": 0,
    "hasSkipped": false
  },
  "results": [
    {
      "uuid": "4a5ec017-39e2-4580-a06d-5b811cd6a579",
      "title": "",
      "fullFile": "cypress/e2e/APItest/GetAPIs/Sales_Order/getAPI.cy.js",
      "file": "cypress/e2e/APItest/GetAPIs/Sales_Order/getAPI.cy.js",
      "beforeHooks": [],
      "afterHooks": [],
      "tests": [],
      "suites": [
        {
          "uuid": "200731a6-fb2d-40c8-966b-ee2d54775a74",
          "title": "Sales Order Get API",
          "fullFile": "",
          "file": "",
          "beforeHooks": [],
          "afterHooks": [],
          "tests": [
            {
              "title": "GET - Application",
              "fullTitle": "Sales Order Get API GET - Application",
              "timedOut": null,
              "duration": 376,
              "state": "passed",
              "speed": "fast",
              "pass": true,
              "fail": false,
              "pending": false,
              "context": null,
              "code": "cy.request({\n  Method: 'GET',\n  url: BaseURL + 'api/common.php',\n  body: {\n    params: {\n      \"clientId\": data.ClientId,\n      \"blIncludeParent\": 1,\n      \"model\": \"Application\",\n      \"actionModel\": \"Default\",\n      \"intEmpId\": data.intEmpId,\n      \"page\": \"\",\n      \"last_sync_date\": \"\",\n      \"appName\": \"eSATHI\",\n      \"appNameForService\": \"COMMON_API\",\n      \"appVersion\": \"22.52.456\",\n      \"access-token\": data.AccessToken,\n      \"intCustomerUserId\": 1001,\n      \"intCustomerUserDeviceId\": 0,\n      \"requestType\": \"GET\"\n    }\n  }\n}).then(res => {\n  expect(res.status).to.eq(200);\n  expect(res.body.response[0].int_delete_type).to.eq(0);\n  expect(res.body.status).to.eq('success');\n  cy.log(res.body.status);\n  cy.log(res.body.total_records);\n  // let numberOfKey = Object.keys(res.body.response[0]).toString()\n  // cy.log(numberOfKey)            \n});",
              "err": {},
              "uuid": "433bb557-508d-43e0-855d-f2efba08d7f4",
              "parentUUID": "200731a6-fb2d-40c8-966b-ee2d54775a74",
              "isHook": false,
              "skipped": false
            },
            {
              "title": "GET - Branch",
              "fullTitle": "Sales Order Get API GET - Branch",
              "timedOut": null,
              "duration": 412,
              "state": "passed",
              "speed": "fast",
              "pass": true,
              "fail": false,
              "pending": false,
              "context": null,
              "code": "cy.request({\n  Method: 'GET',\n  url: BaseURL + 'api/common.php',\n  body: {\n    params: {\n      \"model\": \"Branch\",\n      \"actionModel\": \"Default\",\n      \"intEmpId\": data.intEmpId,\n      \"page\": \"\",\n      \"last_sync_date\": data.LSD,\n      \"appName\": \"order_app\",\n      \"appNameForService\": \"order_app\",\n      \"appVersion\": \"22.52.172\",\n      \"access-token\": data.AccessToken,\n      \"clientId\": data.ClientId,\n      \"action\": \"\",\n      \"requestType\": \"GET\",\n      \"primaryKey\": \"\",\n      \"intCustomerUserId\": 1001,\n      \"intCustomerUserDeviceId\": 0,\n      \"intApplicationId\": 0,\n      \"expand\": \"tbl_address#int_address_id,tbl_address#int_address_id.tbl_city#int_city_id,tbl_address#int_address_id.tbl_city#int_tehsil_city_id,tbl_branch_regn#int_branch_id\",\n      \"blShowUserBranch\": true\n    }\n  }\n}).then(res => {\n  expect(res.status).to.eq(200);\n  expect(res.body.response[0].int_delete_type).to.eq(0);\n  expect(res.body.status).to.eq('success');\n  cy.log(res.body.status);\n  cy.log(res.body.total_records);\n  // let numberOfKey = Object.keys(res.body.response[0]).toString()\n  // cy.log(numberOfKey)            \n});",
              "err": {},
              "uuid": "4afc208a-0194-4469-9bc0-fcb0768534dc",
              "parentUUID": "200731a6-fb2d-40c8-966b-ee2d54775a74",
              "isHook": false,
              "skipped": false
            },
            {
              "title": "GET - Organisation",
              "fullTitle": "Sales Order Get API GET - Organisation",
              "timedOut": null,
              "duration": 245,
              "state": "passed",
              "speed": "fast",
              "pass": true,
              "fail": false,
              "pending": false,
              "context": null,
              "code": "cy.request({\n  Method: 'GET',\n  url: BaseURL + 'api/common.php',\n  body: {\n    params: {\n      \"model\": \"Organisation\",\n      \"actionModel\": \"Default\",\n      \"intEmpId\": data.intEmpId,\n      \"page\": \"\",\n      \"last_sync_date\": data.LSD,\n      \"appName\": \"order_app\",\n      \"appNameForService\": \"order_app\",\n      \"appVersion\": \"22.52.172\",\n      \"access-token\": data.AccessToken,\n      \"clientId\": data.ClientId,\n      \"action\": \"\",\n      \"requestType\": \"GET\",\n      \"primaryKey\": \"\",\n      \"intCustomerUserId\": 1001,\n      \"intCustomerUserDeviceId\": 0,\n      \"intApplicationId\": 0,\n      \"expand\": \"tbl_address#int_address_id,tbl_address#int_address_id.tbl_city#int_city_id,tbl_address#int_address_id.tbl_city#int_tehsil_city_id,tbl_branch_regn#int_branch_id\",\n      \"blShowUserBranch\": true\n    }\n  }\n}).then(res => {\n  expect(res.status).to.eq(200);\n  expect(res.body.response[0].int_delete_type).to.eq(0);\n  expect(res.body.status).to.eq('success');\n  cy.log(res.body.status);\n  cy.log(res.body.total_records);\n  // let numberOfKey = Object.keys(res.body.response[0]).toString()\n  // cy.log(numberOfKey)            \n});",
              "err": {},
              "uuid": "53766027-a014-446d-ad03-751b95b5e066",
              "parentUUID": "200731a6-fb2d-40c8-966b-ee2d54775a74",
              "isHook": false,
              "skipped": false
            },
            {
              "title": "GET - OrganisationAttachment",
              "fullTitle": "Sales Order Get API GET - OrganisationAttachment",
              "timedOut": null,
              "duration": 224,
              "state": "passed",
              "speed": "fast",
              "pass": true,
              "fail": false,
              "pending": false,
              "context": null,
              "code": "cy.request({\n  Method: 'GET',\n  url: BaseURL + 'api/common.php',\n  body: {\n    params: {\n      \"model\": \"OrganisationAttachment\",\n      \"actionModel\": \"Default\",\n      \"intEmpId\": data.intEmpId,\n      \"page\": \"\",\n      \"last_sync_date\": data.LSD,\n      \"appName\": \"eSATHI\",\n      \"appNameForService\": \"COMMON_API\",\n      \"appVersion\": \"22.52.456\",\n      \"access-token\": data.AccessToken,\n      \"clientId\": data.ClientId,\n      \"action\": \"\",\n      \"requestType\": \"GET\",\n      \"primaryKey\": \"\",\n      \"intCustomerUserId\": 1001,\n      \"intCustomerUserDeviceId\": 0,\n      \"intApplicationId\": 0\n    }\n  }\n}).then(res => {\n  expect(res.status).to.eq(200);\n  expect(res.body.response[0].int_delete_type).to.eq(0);\n  expect(res.body.status).to.eq('success');\n  cy.log(res.body.status);\n  cy.log(res.body.total_records);\n  // let numberOfKey = Object.keys(res.body.response[0]).toString()\n  // cy.log(numberOfKey)            \n});",
              "err": {},
              "uuid": "68052846-fd5d-4a72-86a6-2fbd6aa351c6",
              "parentUUID": "200731a6-fb2d-40c8-966b-ee2d54775a74",
              "isHook": false,
              "skipped": false
            },
            {
              "title": "GET - EmployeeAttachment",
              "fullTitle": "Sales Order Get API GET - EmployeeAttachment",
              "timedOut": null,
              "duration": 244,
              "state": "passed",
              "speed": "fast",
              "pass": true,
              "fail": false,
              "pending": false,
              "context": null,
              "code": "cy.request({\n  Method: 'GET',\n  url: BaseURL + 'api/hcms.php',\n  body: {\n    params: {\n      \"model\": \"EmployeeAttachment\",\n      \"actionModel\": \"EmployeeAttachmentImage\",\n      \"intEmpId\": data.intEmpId,\n      \"page\": \"\",\n      \"last_sync_date\": data.LSD,\n      \"appName\": \"eSATHI\",\n      \"appNameForService\": \"hcms_app\",\n      \"appVersion\": \"22.52.456\",\n      \"access-token\": data.AccessToken,\n      \"clientId\": data.ClientId,\n      \"action\": \"\",\n      \"requestType\": \"GET\",\n      \"primaryKey\": \"\",\n      \"intCustomerUserId\": 1001,\n      \"intCustomerUserDeviceId\": 0,\n      \"intApplicationId\": 0\n    }\n  }\n}).then(res => {\n  cy.log(res.body.message);\n  expect(res.status).to.eq(200);\n  expect(res.body.response[0].int_delete_type).to.eq(0);\n  expect(res.body.status).to.eq('success');\n  cy.log(res.body.status);\n  cy.log(res.body.total_records);\n  // let numberOfKey = Object.keys(res.body.response[0]).toString()\n  // cy.log(numberOfKey)            \n});",
              "err": {},
              "uuid": "3b5d4916-b443-4d50-8380-b82736197421",
              "parentUUID": "200731a6-fb2d-40c8-966b-ee2d54775a74",
              "isHook": false,
              "skipped": false
            },
            {
              "title": "GET - Configuration",
              "fullTitle": "Sales Order Get API GET - Configuration",
              "timedOut": null,
              "duration": 172,
              "state": "passed",
              "speed": "fast",
              "pass": true,
              "fail": false,
              "pending": false,
              "context": null,
              "code": "cy.request({\n  Method: 'GET',\n  url: BaseURL + 'api/common.php',\n  body: {\n    params: {\n      \"model\": \"Configuration\",\n      \"actionModel\": \"Default\",\n      \"intEmpId\": data.intEmpId,\n      \"page\": \"\",\n      \"last_sync_date\": data.LSD,\n      \"appName\": \"order_app\",\n      \"appNameForService\": \"order_app\",\n      \"appVersion\": \"22.52.172\",\n      \"access-token\": data.AccessToken,\n      \"clientId\": data.ClientId,\n      \"action\": \"\",\n      \"requestType\": \"GET\",\n      \"primaryKey\": \"\",\n      \"intCustomerUserId\": 1001,\n      \"intCustomerUserDeviceId\": 0,\n      \"intApplicationId\": 0\n    }\n  }\n}).then(res => {\n  cy.log(res.body.message);\n  expect(res.status).to.eq(200);\n  expect(res.body.response[0].int_delete_type).to.eq(0);\n  expect(res.body.status).to.eq('success');\n  cy.log(res.body.status);\n  cy.log(res.body.total_records);\n  // let numberOfKey = Object.keys(res.body.response[0]).toString()\n  // cy.log(numberOfKey)            \n});",
              "err": {},
              "uuid": "b87bb593-6677-4445-a88e-f6a84261535d",
              "parentUUID": "200731a6-fb2d-40c8-966b-ee2d54775a74",
              "isHook": false,
              "skipped": false
            },
            {
              "title": "GET - UserPermission",
              "fullTitle": "Sales Order Get API GET - UserPermission",
              "timedOut": null,
              "duration": 32501,
              "state": "passed",
              "speed": "slow",
              "pass": true,
              "fail": false,
              "pending": false,
              "context": null,
              "code": "var pageCount = 1;\nvar PageLeft;\nclass AllPage {\n  NextPage() {\n    cy.request({\n      Method: 'GET',\n      url: BaseURL + 'api/common.php',\n      body: {\n        params: {\n          \"model\": \"UserPermission\",\n          \"actionModel\": \"Default\",\n          \"intEmpId\": data.intEmpId,\n          \"page\": pageCount,\n          \"last_sync_date\": data.LSD,\n          \"appName\": \"order_app\",\n          \"appNameForService\": \"order_app\",\n          \"appVersion\": \"22.52.172\",\n          \"access-token\": data.AccessToken,\n          \"clientId\": data.ClientId,\n          \"action\": \"\",\n          \"requestType\": \"GET\",\n          \"primaryKey\": \"\",\n          \"intCustomerUserId\": 1001,\n          \"intCustomerUserDeviceId\": 0,\n          \"intApplicationId\": 0,\n          \"txtApplicationIds\": \"311,600,721,111\"\n        }\n      }\n    }).then(res => {\n      expect(res.status).to.eq(200);\n      expect(res.body.response[0].int_delete_type).to.eq(0);\n      //expect(res.body.status).to.eq('success')\n      PageLeft = res.body.page;\n      cy.log(PageLeft);\n      cy.log(res.body.total_records);\n      cy.log(res.body.message);\n      if (PageLeft !== 'No pages left.') {\n        next.NextPage();\n      } else {\n        expect(res.body.status).to.eq('success');\n      }\n      // let numberOfKey = Object.keys(res.body.response[0]).toString()\n      // cy.log(numberOfKey) \n      pageCount = pageCount + 1;\n    });\n  }\n}\nvar next = new AllPage();\ncy.request({\n  Method: 'GET',\n  url: BaseURL + 'api/common.php',\n  body: {\n    params: {\n      \"model\": \"UserPermission\",\n      \"actionModel\": \"Default\",\n      \"intEmpId\": data.intEmpId,\n      \"page\": pageCount,\n      \"last_sync_date\": data.LSD,\n      \"appName\": \"order_app\",\n      \"appNameForService\": \"order_app\",\n      \"appVersion\": \"22.52.172\",\n      \"access-token\": data.AccessToken,\n      \"clientId\": data.ClientId,\n      \"action\": \"\",\n      \"requestType\": \"GET\",\n      \"primaryKey\": \"\",\n      \"intCustomerUserId\": 1001,\n      \"intCustomerUserDeviceId\": 0,\n      \"intApplicationId\": 0,\n      \"txtApplicationIds\": \"311,600,721,111\"\n    }\n  }\n}).then(res => {\n  expect(res.status).to.eq(200);\n  expect(res.body.response[0].int_delete_type).to.eq(0);\n  //expect(res.body.status).to.eq('success')\n  PageLeft = res.body.page;\n  cy.log(PageLeft);\n  cy.log('Total records: ' + res.body.total_records);\n  cy.log(res.body.message);\n  if (PageLeft !== 'No pages left.') {\n    next.NextPage();\n  } else {\n    expect(res.body.status).to.eq('success');\n  }\n  // let numberOfKey = Object.keys(res.body.response[0]).toString()\n  // cy.log(numberOfKey)            \n});",
              "err": {},
              "uuid": "48982139-487d-473d-83ae-bd135129e15a",
              "parentUUID": "200731a6-fb2d-40c8-966b-ee2d54775a74",
              "isHook": false,
              "skipped": false
            },
            {
              "title": "GET - Product",
              "fullTitle": "Sales Order Get API GET - Product",
              "timedOut": null,
              "duration": 367,
              "state": "passed",
              "speed": "fast",
              "pass": true,
              "fail": false,
              "pending": false,
              "context": null,
              "code": "cy.request({\n  Method: 'GET',\n  url: BaseURL + 'api/scms.php',\n  body: {\n    params: {\n      \"model\": \"Product\",\n      \"actionModel\": \"Default\",\n      \"intEmpId\": data.intEmpId,\n      \"page\": \"\",\n      \"last_sync_date\": data.LSD,\n      \"appName\": \"order_app\",\n      \"appNameForService\": \"eSATHI\",\n      \"appVersion\": \"22.44.169\",\n      \"access-token\": data.AccessToken,\n      \"clientId\": data.ClientId,\n      \"action\": \"\",\n      \"requestType\": \"GET\",\n      \"primaryKey\": \"\",\n      \"intCustomerUserId\": 694,\n      \"intCustomerUserDeviceId\": 0,\n      \"intApplicationId\": 0,\n      \"expand\": \"tbl_product_pack#int_product_id.tbl_product_pack_bom#int_product_pack_id, tbl_product_pack#int_product_id.tbl_product_pack_branch#int_product_pack_id, tbl_product_attachment#int_product_id, tbl_product_pack#int_product_id.tbl_product_attachment#int_product_pack_id,tbl_product_organisation#int_product_id, tbl_product_party#int_product_id, tbl_product_sales_applicability#int_product_id\"\n    }\n  }\n}).then(res => {\n  expect(res.status).to.eq(200);\n  expect(res.body.response[0].ysn_to_sale).to.eq(1);\n  expect(res.body.status).to.eq('success');\n  cy.log(res.body.status);\n  cy.log(res.body.total_records);\n  // let numberOfKey = Object.keys(res.body.response[0]).toString()\n  // cy.log(numberOfKey)\n});",
              "err": {},
              "uuid": "a60ff29c-fe05-4591-b6a9-452caf8eac12",
              "parentUUID": "200731a6-fb2d-40c8-966b-ee2d54775a74",
              "isHook": false,
              "skipped": false
            },
            {
              "title": "GET - Party",
              "fullTitle": "Sales Order Get API GET - Party",
              "timedOut": null,
              "duration": 435,
              "state": "passed",
              "speed": "fast",
              "pass": true,
              "fail": false,
              "pending": false,
              "context": null,
              "code": "cy.request({\n  Method: 'GET',\n  url: BaseURL + 'api/scms.php',\n  body: {\n    params: {\n      \"model\": \"Party\",\n      \"actionModel\": \"Default\",\n      \"intEmpId\": data.intEmpId,\n      \"page\": \"\",\n      \"last_sync_date\": data.LSD,\n      \"appName\": \"order_app\",\n      \"appNameForService\": \"order_app\",\n      \"appVersion\": \"20.51.96\",\n      \"access-token\": data.AccessToken,\n      \"clientId\": data.ClientId,\n      \"action\": \"\",\n      \"requestType\": \"GET\",\n      \"primaryKey\": \"\",\n      \"intCustomerUserId\": 2,\n      \"intCustomerUserDeviceId\": 0,\n      \"intApplicationId\": 0,\n      \"expand\": \"tbl_address#int_address_id, tbl_address#int_billing_address_id, tbl_address#int_shipping_address_id, tbl_party_regn#int_party_id, tbl_party_organisation#int_party_id, tbl_party_branch#int_party_id, tbl_party_branch_tax_category#int_party_id, tbl_party_employee#int_party_id\"\n    }\n  }\n}).then(res => {\n  expect(res.status).to.eq(200);\n  expect(res.body.response[0].txt_name).to.eq('Cash Sale');\n  expect(res.body.status).to.eq('success');\n  cy.log(res.body.status);\n  cy.log(res.body.total_records);\n  // let numberOfKey = Object.keys(res.body.response[0]).toString()\n  // cy.log(numberOfKey)\n});",
              "err": {},
              "uuid": "68e3c155-960c-4c8b-a504-6653648219b7",
              "parentUUID": "200731a6-fb2d-40c8-966b-ee2d54775a74",
              "isHook": false,
              "skipped": false
            },
            {
              "title": "GET - DocumentStatus",
              "fullTitle": "Sales Order Get API GET - DocumentStatus",
              "timedOut": null,
              "duration": 219,
              "state": "passed",
              "speed": "fast",
              "pass": true,
              "fail": false,
              "pending": false,
              "context": null,
              "code": "cy.request({\n  Method: 'GET',\n  url: BaseURL + 'api/common.php',\n  body: {\n    params: {\n      \"model\": \"DocumentStatus\",\n      \"actionModel\": \"Default\",\n      \"intEmpId\": data.ClientId,\n      \"page\": \"\",\n      \"last_sync_date\": data.LSD,\n      \"appName\": \"order_app\",\n      \"appNameForService\": \"order_app\",\n      \"appVersion\": \"22.52.172\",\n      \"access-token\": data.AccessToken,\n      \"clientId\": data.ClientId,\n      \"action\": \"\",\n      \"requestType\": \"GET\",\n      \"primaryKey\": \"\",\n      \"intCustomerUserId\": 1001,\n      \"intCustomerUserDeviceId\": 0,\n      \"intApplicationId\": 0,\n      \"intDocumentType\": 201\n    }\n  }\n}).then(res => {\n  cy.log(res.body.message);\n  expect(res.status).to.eq(200);\n  expect(res.body.response[0].int_delete_type).to.eq(0);\n  expect(res.body.status).to.eq('success');\n  cy.log(res.body.status);\n  cy.log('Total Records: ' + res.body.total_records);\n  // let numberOfKey = Object.keys(res.body.response[0]).toString()\n  // cy.log(numberOfKey)            \n});",
              "err": {},
              "uuid": "72a7c479-692a-4536-9b60-203907952ed6",
              "parentUUID": "200731a6-fb2d-40c8-966b-ee2d54775a74",
              "isHook": false,
              "skipped": false
            },
            {
              "title": "GET - District",
              "fullTitle": "Sales Order Get API GET - District",
              "timedOut": null,
              "duration": 195,
              "state": "passed",
              "speed": "fast",
              "pass": true,
              "fail": false,
              "pending": false,
              "context": null,
              "code": "cy.request({\n  Method: 'GET',\n  url: BaseURL + 'api/common.php',\n  body: {\n    params: {\n      \"model\": \"District\",\n      \"actionModel\": \"Default\",\n      \"intEmpId\": data.ClientId,\n      \"page\": \"\",\n      \"last_sync_date\": data.LSD,\n      \"appName\": \"order_app\",\n      \"appNameForService\": \"order_app\",\n      \"appVersion\": \"22.52.172\",\n      \"access-token\": data.AccessToken,\n      \"clientId\": data.ClientId,\n      \"action\": \"\",\n      \"requestType\": \"GET\",\n      \"primaryKey\": \"\",\n      \"intCustomerUserId\": 1001,\n      \"intCustomerUserDeviceId\": 0,\n      \"intApplicationId\": 0,\n      \"intDocumentType\": 201\n    }\n  }\n}).then(res => {\n  cy.log(res.body.message);\n  expect(res.status).to.eq(200);\n  expect(res.body.response[0].int_delete_type).to.eq(0);\n  expect(res.body.status).to.eq('success');\n  cy.log(res.body.status);\n  cy.log('Total Records: ' + res.body.total_records);\n  // let numberOfKey = Object.keys(res.body.response[0]).toString()\n  // cy.log(numberOfKey)            \n});",
              "err": {},
              "uuid": "8725d3ee-48a9-4e44-b443-7153b9177652",
              "parentUUID": "200731a6-fb2d-40c8-966b-ee2d54775a74",
              "isHook": false,
              "skipped": false
            },
            {
              "title": "GET - City",
              "fullTitle": "Sales Order Get API GET - City",
              "timedOut": null,
              "duration": 234,
              "state": "passed",
              "speed": "fast",
              "pass": true,
              "fail": false,
              "pending": false,
              "context": null,
              "code": "cy.request({\n  Method: 'GET',\n  url: BaseURL + 'api/common.php',\n  body: {\n    params: {\n      \"model\": \"City\",\n      \"actionModel\": \"Default\",\n      \"intEmpId\": data.ClientId,\n      \"page\": \"\",\n      \"last_sync_date\": data.LSD,\n      \"appName\": \"order_app\",\n      \"appNameForService\": \"order_app\",\n      \"appVersion\": \"22.52.172\",\n      \"access-token\": data.AccessToken,\n      \"clientId\": data.ClientId,\n      \"action\": \"\",\n      \"requestType\": \"GET\",\n      \"primaryKey\": \"\",\n      \"intCustomerUserId\": 1001,\n      \"intCustomerUserDeviceId\": 0,\n      \"intApplicationId\": 0,\n      \"intDocumentType\": 201\n    }\n  }\n}).then(res => {\n  cy.log(res.body.message);\n  expect(res.status).to.eq(200);\n  expect(res.body.response[0].int_delete_type).to.eq(0);\n  expect(res.body.status).to.eq('success');\n  cy.log(res.body.status);\n  cy.log('Total Records: ' + res.body.total_records);\n  // let numberOfKey = Object.keys(res.body.response[0]).toString()\n  // cy.log(numberOfKey)            \n});",
              "err": {},
              "uuid": "2c601c73-e989-4f40-80ae-24dfc48b7624",
              "parentUUID": "200731a6-fb2d-40c8-966b-ee2d54775a74",
              "isHook": false,
              "skipped": false
            },
            {
              "title": "GET - Employee",
              "fullTitle": "Sales Order Get API GET - Employee",
              "timedOut": null,
              "duration": 222,
              "state": "passed",
              "speed": "fast",
              "pass": true,
              "fail": false,
              "pending": false,
              "context": null,
              "code": "cy.request({\n  Method: 'GET',\n  url: BaseURL + 'api/hcms.php',\n  body: {\n    params: {\n      \"model\": \"Employee\",\n      \"actionModel\": \"Default\",\n      \"intEmpId\": data.ClientId,\n      \"page\": \"\",\n      \"last_sync_date\": data.LSD,\n      \"appName\": \"order_app\",\n      \"appNameForService\": \"order_app\",\n      \"appVersion\": \"22.52.172\",\n      \"access-token\": data.AccessToken,\n      \"clientId\": data.ClientId,\n      \"action\": \"\",\n      \"requestType\": \"GET\",\n      \"primaryKey\": \"\",\n      \"intCustomerUserId\": 1001,\n      \"intCustomerUserDeviceId\": 0,\n      \"intApplicationId\": 0,\n      \"intDocumentType\": 201\n    }\n  }\n}).then(res => {\n  cy.log(res.body.message);\n  expect(res.status).to.eq(200);\n  expect(res.body.response[0].int_delete_type).to.eq(0);\n  expect(res.body.status).to.eq('success');\n  cy.log(res.body.status);\n  cy.log('Total Records: ' + res.body.total_records);\n  // let numberOfKey = Object.keys(res.body.response[0]).toString()\n  // cy.log(numberOfKey)            \n});",
              "err": {},
              "uuid": "b0db33f7-0adf-4d15-93f3-0fe6752f0800",
              "parentUUID": "200731a6-fb2d-40c8-966b-ee2d54775a74",
              "isHook": false,
              "skipped": false
            },
            {
              "title": "GET - State",
              "fullTitle": "Sales Order Get API GET - State",
              "timedOut": null,
              "duration": 328,
              "state": "passed",
              "speed": "fast",
              "pass": true,
              "fail": false,
              "pending": false,
              "context": null,
              "code": "cy.request({\n  Method: 'GET',\n  url: BaseURL + 'api/common.php',\n  body: {\n    params: {\n      \"model\": \"State\",\n      \"actionModel\": \"Default\",\n      \"intEmpId\": data.ClientId,\n      \"page\": \"\",\n      \"last_sync_date\": data.LSD,\n      \"appName\": \"order_app\",\n      \"appNameForService\": \"order_app\",\n      \"appVersion\": \"22.52.172\",\n      \"access-token\": data.AccessToken,\n      \"clientId\": data.ClientId,\n      \"action\": \"\",\n      \"requestType\": \"GET\",\n      \"primaryKey\": \"\",\n      \"intCustomerUserId\": 1001,\n      \"intCustomerUserDeviceId\": 0,\n      \"intApplicationId\": 0,\n      \"intDocumentType\": 201\n    }\n  }\n}).then(res => {\n  cy.log(res.body.message);\n  expect(res.status).to.eq(200);\n  expect(res.body.response[0].int_delete_type).to.eq(0);\n  expect(res.body.status).to.eq('success');\n  cy.log(res.body.status);\n  cy.log('Total Records: ' + res.body.total_records);\n  // let numberOfKey = Object.keys(res.body.response[0]).toString()\n  // cy.log(numberOfKey)            \n});",
              "err": {},
              "uuid": "747d6bd2-a07d-45a2-aa9c-2b67fc989659",
              "parentUUID": "200731a6-fb2d-40c8-966b-ee2d54775a74",
              "isHook": false,
              "skipped": false
            },
            {
              "title": "GET - Area",
              "fullTitle": "Sales Order Get API GET - Area",
              "timedOut": null,
              "duration": 236,
              "state": "passed",
              "speed": "fast",
              "pass": true,
              "fail": false,
              "pending": false,
              "context": null,
              "code": "cy.request({\n  Method: 'GET',\n  url: BaseURL + 'api/common.php',\n  body: {\n    params: {\n      \"model\": \"Area\",\n      \"actionModel\": \"Default\",\n      \"intEmpId\": data.ClientId,\n      \"page\": \"\",\n      \"last_sync_date\": data.LSD,\n      \"appName\": \"order_app\",\n      \"appNameForService\": \"order_app\",\n      \"appVersion\": \"22.52.172\",\n      \"access-token\": data.AccessToken,\n      \"clientId\": data.ClientId,\n      \"action\": \"\",\n      \"requestType\": \"GET\",\n      \"primaryKey\": \"\",\n      \"intCustomerUserId\": 1001,\n      \"intCustomerUserDeviceId\": 0,\n      \"intApplicationId\": 0,\n      \"intDocumentType\": 201\n    }\n  }\n}).then(res => {\n  cy.log(res.body.message);\n  expect(res.status).to.eq(200);\n  expect(res.body.response[0].int_delete_type).to.eq(0);\n  expect(res.body.status).to.eq('success');\n  cy.log(res.body.status);\n  cy.log('Total Records: ' + res.body.total_records);\n  // let numberOfKey = Object.keys(res.body.response[0]).toString()\n  // cy.log(numberOfKey)            \n});",
              "err": {},
              "uuid": "926fc8d6-6f23-402f-92a0-cb8cd20cc7b0",
              "parentUUID": "200731a6-fb2d-40c8-966b-ee2d54775a74",
              "isHook": false,
              "skipped": false
            },
            {
              "title": "GET - DocumentSeries",
              "fullTitle": "Sales Order Get API GET - DocumentSeries",
              "timedOut": null,
              "duration": 250,
              "state": "passed",
              "speed": "fast",
              "pass": true,
              "fail": false,
              "pending": false,
              "context": null,
              "code": "cy.request({\n  Method: 'GET',\n  url: BaseURL + 'api/common.php',\n  body: {\n    params: {\n      \"model\": \"DocumentSeries\",\n      \"actionModel\": \"Default\",\n      \"intEmpId\": data.ClientId,\n      \"page\": \"\",\n      \"last_sync_date\": data.LSD,\n      \"appName\": \"order_app\",\n      \"appNameForService\": \"order_app\",\n      \"appVersion\": \"22.52.172\",\n      \"access-token\": data.AccessToken,\n      \"clientId\": data.ClientId,\n      \"action\": \"\",\n      \"requestType\": \"GET\",\n      \"primaryKey\": \"\",\n      \"intCustomerUserId\": 1001,\n      \"intCustomerUserDeviceId\": 0,\n      \"intApplicationId\": 0,\n      \"intDocumentType\": 201\n    }\n  }\n}).then(res => {\n  cy.log(res.body.message);\n  expect(res.status).to.eq(200);\n  expect(res.body.response[0].int_delete_type).to.eq(0);\n  expect(res.body.status).to.eq('success');\n  cy.log(res.body.status);\n  cy.log('Total Records: ' + res.body.total_records);\n  // let numberOfKey = Object.keys(res.body.response[0]).toString()\n  // cy.log(numberOfKey)            \n});",
              "err": {},
              "uuid": "ea94a36e-c120-42ec-8b26-c3e683b368ce",
              "parentUUID": "200731a6-fb2d-40c8-966b-ee2d54775a74",
              "isHook": false,
              "skipped": false
            },
            {
              "title": "GET - Type",
              "fullTitle": "Sales Order Get API GET - Type",
              "timedOut": null,
              "duration": 372,
              "state": "passed",
              "speed": "fast",
              "pass": true,
              "fail": false,
              "pending": false,
              "context": null,
              "code": "cy.request({\n  Method: 'GET',\n  url: BaseURL + 'api/common.php',\n  body: {\n    params: {\n      \"model\": \"Type\",\n      \"actionModel\": \"Default\",\n      \"intEmpId\": data.ClientId,\n      \"page\": \"\",\n      \"last_sync_date\": data.LSD,\n      \"appName\": \"order_app\",\n      \"appNameForService\": \"order_app\",\n      \"appVersion\": \"22.52.172\",\n      \"access-token\": data.AccessToken,\n      \"clientId\": data.ClientId,\n      \"action\": \"\",\n      \"requestType\": \"GET\",\n      \"primaryKey\": \"\",\n      \"intCustomerUserId\": 1001,\n      \"intCustomerUserDeviceId\": 0,\n      \"intApplicationId\": 0,\n      \"intDocumentType\": 201\n    }\n  }\n}).then(res => {\n  cy.log(res.body.message);\n  expect(res.status).to.eq(200);\n  expect(res.body.response[0].int_delete_type).to.eq(0);\n  expect(res.body.status).to.eq('success');\n  cy.log(res.body.status);\n  cy.log('Total Records: ' + res.body.total_records);\n  // let numberOfKey = Object.keys(res.body.response[0]).toString()\n  // cy.log(numberOfKey)            \n});",
              "err": {},
              "uuid": "8bf68224-0b48-45e3-a935-fe6b18802ed9",
              "parentUUID": "200731a6-fb2d-40c8-966b-ee2d54775a74",
              "isHook": false,
              "skipped": false
            },
            {
              "title": "GET - Unit",
              "fullTitle": "Sales Order Get API GET - Unit",
              "timedOut": null,
              "duration": 245,
              "state": "passed",
              "speed": "fast",
              "pass": true,
              "fail": false,
              "pending": false,
              "context": null,
              "code": "cy.request({\n  Method: 'GET',\n  url: BaseURL + 'api/common.php',\n  body: {\n    params: {\n      \"model\": \"Unit\",\n      \"actionModel\": \"Default\",\n      \"intEmpId\": data.ClientId,\n      \"page\": \"\",\n      \"last_sync_date\": data.LSD,\n      \"appName\": \"order_app\",\n      \"appNameForService\": \"order_app\",\n      \"appVersion\": \"22.52.172\",\n      \"access-token\": data.AccessToken,\n      \"clientId\": data.ClientId,\n      \"action\": \"\",\n      \"requestType\": \"GET\",\n      \"primaryKey\": \"\",\n      \"intCustomerUserId\": 1001,\n      \"intCustomerUserDeviceId\": 0,\n      \"intApplicationId\": 0,\n      \"intDocumentType\": 201\n    }\n  }\n}).then(res => {\n  cy.log(res.body.message);\n  expect(res.status).to.eq(200);\n  expect(res.body.response[0].int_delete_type).to.eq(0);\n  expect(res.body.status).to.eq('success');\n  cy.log(res.body.status);\n  cy.log('Total Records: ' + res.body.total_records);\n  // let numberOfKey = Object.keys(res.body.response[0]).toString()\n  // cy.log(numberOfKey)            \n});",
              "err": {},
              "uuid": "bee0df9e-d1c2-4028-9f28-f18339656658",
              "parentUUID": "200731a6-fb2d-40c8-966b-ee2d54775a74",
              "isHook": false,
              "skipped": false
            },
            {
              "title": "GET - UnitConversion",
              "fullTitle": "Sales Order Get API GET - UnitConversion",
              "timedOut": null,
              "duration": 379,
              "state": "passed",
              "speed": "fast",
              "pass": true,
              "fail": false,
              "pending": false,
              "context": null,
              "code": "cy.request({\n  Method: 'GET',\n  url: BaseURL + 'api/common.php',\n  body: {\n    params: {\n      \"model\": \"UnitConversion\",\n      \"actionModel\": \"Default\",\n      \"intEmpId\": data.ClientId,\n      \"page\": \"\",\n      \"last_sync_date\": data.LSD,\n      \"appName\": \"order_app\",\n      \"appNameForService\": \"order_app\",\n      \"appVersion\": \"22.52.172\",\n      \"access-token\": data.AccessToken,\n      \"clientId\": data.ClientId,\n      \"action\": \"\",\n      \"requestType\": \"GET\",\n      \"primaryKey\": \"\",\n      \"intCustomerUserId\": 1001,\n      \"intCustomerUserDeviceId\": 0,\n      \"intApplicationId\": 0,\n      \"intDocumentType\": 201\n    }\n  }\n}).then(res => {\n  cy.log(res.body.message);\n  expect(res.status).to.eq(200);\n  expect(res.body.response[0].int_delete_type).to.eq(0);\n  expect(res.body.status).to.eq('success');\n  cy.log(res.body.status);\n  cy.log('Total Records: ' + res.body.total_records);\n  // let numberOfKey = Object.keys(res.body.response[0]).toString()\n  // cy.log(numberOfKey)            \n});",
              "err": {},
              "uuid": "0584064a-e8f3-4063-9c1f-06e32af839ad",
              "parentUUID": "200731a6-fb2d-40c8-966b-ee2d54775a74",
              "isHook": false,
              "skipped": false
            },
            {
              "title": "GET - Block",
              "fullTitle": "Sales Order Get API GET - Block",
              "timedOut": null,
              "duration": 268,
              "state": "passed",
              "speed": "fast",
              "pass": true,
              "fail": false,
              "pending": false,
              "context": null,
              "code": "cy.request({\n  Method: 'GET',\n  url: BaseURL + 'api/common.php',\n  body: {\n    params: {\n      \"model\": \"Block\",\n      \"actionModel\": \"Default\",\n      \"intEmpId\": data.ClientId,\n      \"page\": \"\",\n      \"last_sync_date\": data.LSD,\n      \"appName\": \"order_app\",\n      \"appNameForService\": \"order_app\",\n      \"appVersion\": \"22.52.172\",\n      \"access-token\": data.AccessToken,\n      \"clientId\": data.ClientId,\n      \"action\": \"\",\n      \"requestType\": \"GET\",\n      \"primaryKey\": \"\",\n      \"intCustomerUserId\": 1001,\n      \"intCustomerUserDeviceId\": 0,\n      \"intApplicationId\": 0,\n      \"intDocumentType\": 201\n    }\n  }\n}).then(res => {\n  cy.log(res.body.message);\n  expect(res.status).to.eq(200);\n  expect(res.body.response[0].int_delete_type).to.eq(0);\n  expect(res.body.status).to.eq('success');\n  cy.log(res.body.status);\n  cy.log('Total Records: ' + res.body.total_records);\n  // let numberOfKey = Object.keys(res.body.response[0]).toString()\n  // cy.log(numberOfKey)            \n});",
              "err": {},
              "uuid": "2a0a36ef-9858-44c6-b2ca-4aaf1a310a14",
              "parentUUID": "200731a6-fb2d-40c8-966b-ee2d54775a74",
              "isHook": false,
              "skipped": false
            },
            {
              "title": "GET - Country",
              "fullTitle": "Sales Order Get API GET - Country",
              "timedOut": null,
              "duration": 386,
              "state": "passed",
              "speed": "fast",
              "pass": true,
              "fail": false,
              "pending": false,
              "context": null,
              "code": "cy.request({\n  Method: 'GET',\n  url: BaseURL + 'api/common.php',\n  body: {\n    params: {\n      \"model\": \"Country\",\n      \"actionModel\": \"Default\",\n      \"intEmpId\": data.ClientId,\n      \"page\": \"\",\n      \"last_sync_date\": data.LSD,\n      \"appName\": \"order_app\",\n      \"appNameForService\": \"order_app\",\n      \"appVersion\": \"22.52.172\",\n      \"access-token\": data.AccessToken,\n      \"clientId\": data.ClientId,\n      \"action\": \"\",\n      \"requestType\": \"GET\",\n      \"primaryKey\": \"\",\n      \"intCustomerUserId\": 1001,\n      \"intCustomerUserDeviceId\": 0,\n      \"intApplicationId\": 0,\n      \"intDocumentType\": 201\n    }\n  }\n}).then(res => {\n  cy.log(res.body.message);\n  expect(res.status).to.eq(200);\n  expect(res.body.response[0].int_delete_type).to.eq(0);\n  expect(res.body.status).to.eq('success');\n  cy.log(res.body.status);\n  cy.log('Total Records: ' + res.body.total_records);\n  // let numberOfKey = Object.keys(res.body.response[0]).toString()\n  // cy.log(numberOfKey)            \n});",
              "err": {},
              "uuid": "38e3c5cc-bdb1-44d0-b24e-1aeca93ffbec",
              "parentUUID": "200731a6-fb2d-40c8-966b-ee2d54775a74",
              "isHook": false,
              "skipped": false
            },
            {
              "title": "GET - Organisation",
              "fullTitle": "Sales Order Get API GET - Organisation",
              "timedOut": null,
              "duration": 279,
              "state": "passed",
              "speed": "fast",
              "pass": true,
              "fail": false,
              "pending": false,
              "context": null,
              "code": "cy.request({\n  Method: 'GET',\n  url: BaseURL + 'api/common.php',\n  body: {\n    params: {\n      \"model\": \"Organisation\",\n      \"actionModel\": \"Default\",\n      \"intEmpId\": data.intEmpId,\n      \"page\": \"\",\n      \"last_sync_date\": data.LSD,\n      \"appName\": \"order_app\",\n      \"appNameForService\": \"order_app\",\n      \"appVersion\": \"22.52.172\",\n      \"access-token\": data.AccessToken,\n      \"clientId\": data.ClientId,\n      \"action\": \"\",\n      \"requestType\": \"GET\",\n      \"primaryKey\": \"\",\n      \"intCustomerUserId\": 1001,\n      \"intCustomerUserDeviceId\": 0,\n      \"intApplicationId\": 0,\n      \"expand\": \"tbl_address#int_address_id,tbl_address#int_address_id.tbl_city#int_city_id,tbl_address#int_address_id.tbl_city#int_tehsil_city_id,tbl_branch_regn#int_branch_id\",\n      \"blShowUserBranch\": true\n    }\n  }\n}).then(res => {\n  cy.log(res.body.message);\n  expect(res.status).to.eq(200);\n  expect(res.body.response[0].int_delete_type).to.eq(0);\n  expect(res.body.status).to.eq('success');\n  cy.log(res.body.status);\n  cy.log('Total Records: ' + res.body.total_records);\n  // let numberOfKey = Object.keys(res.body.response[0]).toString()\n  // cy.log(numberOfKey)            \n});",
              "err": {},
              "uuid": "f09f2db0-d8e7-4e2e-9258-cdfd9d5cf28f",
              "parentUUID": "200731a6-fb2d-40c8-966b-ee2d54775a74",
              "isHook": false,
              "skipped": false
            },
            {
              "title": "GET - Branch",
              "fullTitle": "Sales Order Get API GET - Branch",
              "timedOut": null,
              "duration": 335,
              "state": "passed",
              "speed": "fast",
              "pass": true,
              "fail": false,
              "pending": false,
              "context": null,
              "code": "cy.request({\n  Method: 'GET',\n  url: BaseURL + 'api/common.php',\n  body: {\n    params: {\n      \"model\": \"Branch\",\n      \"actionModel\": \"Default\",\n      \"intEmpId\": data.intEmpId,\n      \"page\": \"\",\n      \"last_sync_date\": data.LSD,\n      \"appName\": \"order_app\",\n      \"appNameForService\": \"order_app\",\n      \"appVersion\": \"22.52.172\",\n      \"access-token\": data.AccessToken,\n      \"clientId\": data.ClientId,\n      \"action\": \"\",\n      \"requestType\": \"GET\",\n      \"primaryKey\": \"\",\n      \"intCustomerUserId\": 1001,\n      \"intCustomerUserDeviceId\": 0,\n      \"intApplicationId\": 0,\n      \"expand\": \"tbl_address#int_address_id,tbl_address#int_address_id.tbl_city#int_city_id,tbl_address#int_address_id.tbl_city#int_tehsil_city_id,tbl_branch_regn#int_branch_id\",\n      \"blShowUserBranch\": true\n    }\n  }\n}).then(res => {\n  cy.log(res.body.message);\n  expect(res.status).to.eq(200);\n  expect(res.body.response[0].int_delete_type).to.eq(0);\n  expect(res.body.status).to.eq('success');\n  cy.log(res.body.status);\n  cy.log('Total Records: ' + res.body.total_records);\n  // let numberOfKey = Object.keys(res.body.response[0]).toString()\n  // cy.log(numberOfKey)            \n});",
              "err": {},
              "uuid": "0833d29f-8ff3-460b-86b2-b8f54768d78c",
              "parentUUID": "200731a6-fb2d-40c8-966b-ee2d54775a74",
              "isHook": false,
              "skipped": false
            },
            {
              "title": "GET - OrganisationRegn",
              "fullTitle": "Sales Order Get API GET - OrganisationRegn",
              "timedOut": null,
              "duration": 362,
              "state": "passed",
              "speed": "fast",
              "pass": true,
              "fail": false,
              "pending": false,
              "context": null,
              "code": "cy.request({\n  Method: 'GET',\n  url: BaseURL + 'api/common.php',\n  body: {\n    params: {\n      \"model\": \"OrganisationRegn\",\n      \"actionModel\": \"Default\",\n      \"intEmpId\": data.intEmpId,\n      \"page\": \"\",\n      \"last_sync_date\": data.LSD,\n      \"appName\": \"order_app\",\n      \"appNameForService\": \"order_app\",\n      \"appVersion\": \"22.52.172\",\n      \"access-token\": data.AccessToken,\n      \"clientId\": data.ClientId,\n      \"action\": \"\",\n      \"requestType\": \"GET\",\n      \"primaryKey\": \"\",\n      \"intCustomerUserId\": 1001,\n      \"intCustomerUserDeviceId\": 0,\n      \"intApplicationId\": 0\n    }\n  }\n}).then(res => {\n  cy.log(res.body.message);\n  expect(res.status).to.eq(200);\n  expect(res.body.response[0].int_delete_type).to.eq(0);\n  expect(res.body.status).to.eq('success');\n  cy.log(res.body.status);\n  cy.log('Total Records: ' + res.body.total_records);\n  // let numberOfKey = Object.keys(res.body.response[0]).toString()\n  // cy.log(numberOfKey)            \n});",
              "err": {},
              "uuid": "9fff894b-df66-4868-b578-80ea7cdec4ce",
              "parentUUID": "200731a6-fb2d-40c8-966b-ee2d54775a74",
              "isHook": false,
              "skipped": false
            },
            {
              "title": "GET - DocumentHead",
              "fullTitle": "Sales Order Get API GET - DocumentHead",
              "timedOut": null,
              "duration": 275,
              "state": "passed",
              "speed": "fast",
              "pass": true,
              "fail": false,
              "pending": false,
              "context": null,
              "code": "cy.request({\n  Method: 'GET',\n  url: BaseURL + 'api/common.php',\n  body: {\n    params: {\n      \"model\": \"DocumentHead\",\n      \"actionModel\": \"Default\",\n      \"intEmpId\": data.intEmpId,\n      \"page\": \"\",\n      \"last_sync_date\": data.LSD,\n      \"appName\": \"order_app\",\n      \"appNameForService\": \"order_app\",\n      \"appVersion\": \"22.52.172\",\n      \"access-token\": data.AccessToken,\n      \"clientId\": data.ClientId,\n      \"action\": \"\",\n      \"requestType\": \"GET\",\n      \"primaryKey\": \"\",\n      \"intCustomerUserId\": 1001,\n      \"intCustomerUserDeviceId\": 0,\n      \"intApplicationId\": 0,\n      \"expand\": \"tbl_document_head_value#int_document_head_id\"\n    }\n  }\n}).then(res => {\n  cy.log(res.body.message);\n  expect(res.status).to.eq(200);\n  expect(res.body.response[0].int_delete_type).to.eq(0);\n  expect(res.body.status).to.eq('success');\n  cy.log(res.body.status);\n  cy.log('Total Records: ' + res.body.total_records);\n  // let numberOfKey = Object.keys(res.body.response[0]).toString()\n  // cy.log(numberOfKey)            \n});",
              "err": {},
              "uuid": "15a63d1e-134f-413d-8eb2-a32d4569fe90",
              "parentUUID": "200731a6-fb2d-40c8-966b-ee2d54775a74",
              "isHook": false,
              "skipped": false
            },
            {
              "title": "GET - AccountGroup",
              "fullTitle": "Sales Order Get API GET - AccountGroup",
              "timedOut": null,
              "duration": 340,
              "state": "passed",
              "speed": "fast",
              "pass": true,
              "fail": false,
              "pending": false,
              "context": null,
              "code": "cy.request({\n  Method: 'GET',\n  url: BaseURL + 'api/account.php',\n  body: {\n    params: {\n      \"model\": \"AccountGroup\",\n      \"actionModel\": \"Default\",\n      \"intEmpId\": data.intEmpId,\n      \"page\": \"\",\n      \"last_sync_date\": data.LSD,\n      \"appName\": \"order_app\",\n      \"appNameForService\": \"order_app\",\n      \"appVersion\": \"22.52.172\",\n      \"access-token\": data.AccessToken,\n      \"clientId\": data.ClientId,\n      \"action\": \"\",\n      \"requestType\": \"GET\",\n      \"primaryKey\": \"\",\n      \"intCustomerUserId\": 1001,\n      \"intCustomerUserDeviceId\": 0,\n      \"intApplicationId\": 0\n    }\n  }\n}).then(res => {\n  cy.log(res.body.message);\n  expect(res.status).to.eq(200);\n  expect(res.body.response[0].int_delete_type).to.eq(0);\n  expect(res.body.status).to.eq('success');\n  cy.log(res.body.status);\n  cy.log('Total Records: ' + res.body.total_records);\n  // let numberOfKey = Object.keys(res.body.response[0]).toString()\n  // cy.log(numberOfKey)            \n});",
              "err": {},
              "uuid": "158250bc-415b-4b6f-b92c-098ed6d204d6",
              "parentUUID": "200731a6-fb2d-40c8-966b-ee2d54775a74",
              "isHook": false,
              "skipped": false
            },
            {
              "title": "GET - Order",
              "fullTitle": "Sales Order Get API GET - Order",
              "timedOut": null,
              "duration": 304,
              "state": "passed",
              "speed": "fast",
              "pass": true,
              "fail": false,
              "pending": false,
              "context": null,
              "code": "cy.request({\n  Method: 'GET',\n  url: BaseURL + 'api/scms.php',\n  body: {\n    params: {\n      \"model\": \"Order\",\n      \"actionModel\": \"Default\",\n      \"intEmpId\": data.intEmpId,\n      \"page\": \"\",\n      \"last_sync_date\": data.LSD,\n      \"appName\": \"order_app\",\n      \"appNameForService\": \"order_app\",\n      \"appVersion\": \"20.51.96\",\n      \"access-token\": data.AccessToken,\n      \"clientId\": data.ClientId,\n      \"action\": \"\",\n      \"requestType\": \"GET\",\n      \"primaryKey\": \"\",\n      \"intCustomerUserId\": 2,\n      \"intCustomerUserDeviceId\": 0,\n      \"intApplicationId\": 0,\n      \"expand\": \"tbl_address#int_address_id, tbl_address#int_billing_address_id, tbl_address#int_shipping_address_id, tbl_party_regn#int_party_id, tbl_party_organisation#int_party_id, tbl_party_branch#int_party_id, tbl_party_branch_tax_category#int_party_id, tbl_party_employee#int_party_id\"\n    }\n  }\n}).then(res => {\n  expect(res.status).to.eq(200);\n  expect(res.body.response[0].int_document_type).to.eq(201);\n  expect(res.body.status).to.eq('success');\n  cy.log(res.body.status);\n  cy.log(res.body.total_records);\n  // let numberOfKey = Object.keys(res.body.response[0]).toString()\n  // cy.log(numberOfKey)\n});",
              "err": {},
              "uuid": "fd886e7d-f8ae-41a3-a510-bd7d23f2de0b",
              "parentUUID": "200731a6-fb2d-40c8-966b-ee2d54775a74",
              "isHook": false,
              "skipped": false
            },
            {
              "title": "GET - Scheme",
              "fullTitle": "Sales Order Get API GET - Scheme",
              "timedOut": null,
              "duration": 226,
              "state": "passed",
              "speed": "fast",
              "pass": true,
              "fail": false,
              "pending": false,
              "context": null,
              "code": "cy.request({\n  Method: 'GET',\n  url: BaseURL + 'api/scms.php',\n  body: {\n    params: {\n      \"model\": \"Scheme\",\n      \"actionModel\": \"Default\",\n      \"intEmpId\": data.intEmpId,\n      \"page\": \"\",\n      \"last_sync_date\": data.LSD,\n      \"appName\": \"order_app\",\n      \"appNameForService\": \"order_app\",\n      \"appVersion\": \"21.51.125\",\n      \"access-token\": data.AccessToken,\n      \"clientId\": data.ClientId,\n      \"action\": \"\",\n      \"requestType\": \"GET\",\n      \"primaryKey\": \"\",\n      \"intCustomerUserId\": 1010,\n      \"intCustomerUserDeviceId\": 0,\n      \"intApplicationId\": 0\n    }\n  }\n}).then(res => {\n  expect(res.status).to.eq(200);\n  expect(res.body.response[0].int_delete_type).to.eq(0);\n  expect(res.body.status).to.eq('success');\n  cy.log(res.body.status);\n  cy.log(res.body.total_records);\n  // let numberOfKey = Object.keys(res.body.response[0]).toString()\n  // cy.log(numberOfKey)            \n});",
              "err": {},
              "uuid": "2e0bd9a1-1266-4ba6-b44c-bc8062ff3e56",
              "parentUUID": "200731a6-fb2d-40c8-966b-ee2d54775a74",
              "isHook": false,
              "skipped": false
            },
            {
              "title": "GET - PartyGroupMember",
              "fullTitle": "Sales Order Get API GET - PartyGroupMember",
              "timedOut": null,
              "duration": 185,
              "state": "passed",
              "speed": "fast",
              "pass": true,
              "fail": false,
              "pending": false,
              "context": null,
              "code": "cy.request({\n  Method: 'GET',\n  url: BaseURL + 'api/common.php',\n  body: {\n    params: {\n      \"model\": \"PartyGroupMember\",\n      \"actionModel\": \"Default\",\n      \"intEmpId\": data.intEmpId,\n      \"page\": \"\",\n      \"last_sync_date\": data.LSD,\n      \"appName\": \"order_app\",\n      \"appNameForService\": \"eSATHI\",\n      \"appVersion\": \"22.44.169\",\n      \"access-token\": data.AccessToken,\n      \"clientId\": data.ClientId,\n      \"action\": \"\",\n      \"requestType\": \"GET\",\n      \"primaryKey\": \"\",\n      \"intCustomerUserId\": 694,\n      \"intCustomerUserDeviceId\": 0,\n      \"intApplicationId\": 0\n    }\n  }\n}).then(res => {\n  expect(res.status).to.eq(200);\n  expect(res.body.response[0].int_delete_type).to.eq(0);\n  expect(res.body.status).to.eq('success');\n  cy.log(res.body.status);\n  cy.log(res.body.total_records);\n  // let numberOfKey = Object.keys(res.body.response[0]).toString()\n  // cy.log(numberOfKey)            \n});",
              "err": {},
              "uuid": "e2edbb2d-c644-4cda-a910-e0432a30f5a9",
              "parentUUID": "200731a6-fb2d-40c8-966b-ee2d54775a74",
              "isHook": false,
              "skipped": false
            },
            {
              "title": "GET - ProductSetMember",
              "fullTitle": "Sales Order Get API GET - ProductSetMember",
              "timedOut": null,
              "duration": 292,
              "state": "passed",
              "speed": "fast",
              "pass": true,
              "fail": false,
              "pending": false,
              "context": null,
              "code": "cy.request({\n  Method: 'GET',\n  url: BaseURL + 'api/common.php',\n  body: {\n    params: {\n      \"model\": \"ProductSetMember\",\n      \"actionModel\": \"Default\",\n      \"intEmpId\": data.intEmpId,\n      \"page\": \"\",\n      \"last_sync_date\": data.LSD,\n      \"appName\": \"order_app\",\n      \"appNameForService\": \"eSATHI\",\n      \"appVersion\": \"22.44.169\",\n      \"access-token\": data.AccessToken,\n      \"clientId\": data.ClientId,\n      \"action\": \"\",\n      \"requestType\": \"GET\",\n      \"primaryKey\": \"\",\n      \"intCustomerUserId\": 1001,\n      \"intCustomerUserDeviceId\": 0,\n      \"intApplicationId\": 0\n    }\n  }\n}).then(res => {\n  expect(res.status).to.eq(200);\n  expect(res.body.response[0].int_delete_type).to.eq(0);\n  expect(res.body.status).to.eq('success');\n  cy.log(res.body.status);\n  cy.log(res.body.total_records);\n  // let numberOfKey = Object.keys(res.body.response[0]).toString()\n  // cy.log(numberOfKey)            \n});",
              "err": {},
              "uuid": "71b3e132-dd34-4314-963e-a35ac23c9d8a",
              "parentUUID": "200731a6-fb2d-40c8-966b-ee2d54775a74",
              "isHook": false,
              "skipped": false
            },
            {
              "title": "GET - ProductRateTemplate",
              "fullTitle": "Sales Order Get API GET - ProductRateTemplate",
              "timedOut": null,
              "duration": 295,
              "state": "passed",
              "speed": "fast",
              "pass": true,
              "fail": false,
              "pending": false,
              "context": null,
              "code": "cy.request({\n  Method: 'GET',\n  url: BaseURL + 'api/common.php',\n  body: {\n    params: {\n      \"model\": \"ProductRateTemplate\",\n      \"actionModel\": \"ProductRateTemplate\",\n      \"intEmpId\": data.intEmpId,\n      \"page\": \"\",\n      \"last_sync_date\": data.LSD,\n      \"appName\": \"order_app\",\n      \"appNameForService\": \"eSATHI\",\n      \"appVersion\": \"22.44.169\",\n      \"access-token\": data.AccessToken,\n      \"clientId\": data.ClientId,\n      \"action\": \"\",\n      \"requestType\": \"GET\",\n      \"primaryKey\": \"\",\n      \"intCustomerUserId\": 694,\n      \"intCustomerUserDeviceId\": 0,\n      \"intApplicationId\": 0,\n      \"int_rate_type\": 1,\n      \"expand\": \"tbl_product_rate_template_party#int_product_rate_template_id\"\n    }\n  }\n}).then(res => {\n  expect(res.status).to.eq(200);\n  expect(res.body.response[0].int_delete_type).to.eq(0);\n  expect(res.body.status).to.eq('success');\n  cy.log(res.body.message);\n  cy.log(res.body.status);\n  cy.log(res.body.total_records);\n  // let numberOfKey = Object.keys(res.body.response[0]).toString()\n  // cy.log(numberOfKey)\n});",
              "err": {},
              "uuid": "349e9281-c2c0-417e-bcb9-2acc2dff0524",
              "parentUUID": "200731a6-fb2d-40c8-966b-ee2d54775a74",
              "isHook": false,
              "skipped": false
            },
            {
              "title": "GET - ProductRateTemplateProduct",
              "fullTitle": "Sales Order Get API GET - ProductRateTemplateProduct",
              "timedOut": null,
              "duration": 195,
              "state": "passed",
              "speed": "fast",
              "pass": true,
              "fail": false,
              "pending": false,
              "context": null,
              "code": "cy.request({\n  Method: 'GET',\n  url: BaseURL + 'api/common.php',\n  body: {\n    params: {\n      \"model\": \"ProductRateTemplateProduct\",\n      \"actionModel\": \"ProductRateTemplateProduct\",\n      \"intEmpId\": data.intEmpId,\n      \"page\": \"\",\n      \"last_sync_date\": data.LSD,\n      \"appName\": \"order_app\",\n      \"appNameForService\": \"eSATHI\",\n      \"appVersion\": \"22.44.169\",\n      \"access-token\": data.AccessToken,\n      \"clientId\": data.ClientId,\n      \"action\": \"\",\n      \"requestType\": \"GET\",\n      \"primaryKey\": \"\",\n      \"intCustomerUserId\": 694,\n      \"intCustomerUserDeviceId\": 0,\n      \"intApplicationId\": 0,\n      \"int_rate_type\": 1\n    }\n  }\n}).then(res => {\n  expect(res.status).to.eq(200);\n  expect(res.body.response[0].int_delete_type).to.eq(0);\n  expect(res.body.status).to.eq('success');\n  cy.log(res.body.status);\n  cy.log(res.body.total_records);\n  // let numberOfKey = Object.keys(res.body.response[0]).toString()\n  // cy.log(numberOfKey)            \n});",
              "err": {},
              "uuid": "f5cffa28-66ce-4a48-beeb-0e246c811248",
              "parentUUID": "200731a6-fb2d-40c8-966b-ee2d54775a74",
              "isHook": false,
              "skipped": false
            },
            {
              "title": "GET - TaxCategory",
              "fullTitle": "Sales Order Get API GET - TaxCategory",
              "timedOut": null,
              "duration": 283,
              "state": "passed",
              "speed": "fast",
              "pass": true,
              "fail": false,
              "pending": false,
              "context": null,
              "code": "cy.request({\n  Method: 'GET',\n  url: BaseURL + 'api/common.php',\n  body: {\n    params: {\n      \"model\": \"TaxCategory\",\n      \"actionModel\": \"Default\",\n      \"intEmpId\": data.intEmpId,\n      \"page\": \"\",\n      \"last_sync_date\": data.LSD,\n      \"appName\": \"order_app\",\n      \"appNameForService\": \"eSATHI\",\n      \"appVersion\": \"22.44.169\",\n      \"access-token\": data.AccessToken,\n      \"clientId\": data.ClientId,\n      \"action\": \"\",\n      \"requestType\": \"GET\",\n      \"primaryKey\": \"\",\n      \"intCustomerUserId\": 694,\n      \"intCustomerUserDeviceId\": 0,\n      \"intApplicationId\": 0\n    }\n  }\n}).then(res => {\n  expect(res.status).to.eq(200);\n  expect(res.body.response[0].int_delete_type).to.eq(0);\n  expect(res.body.status).to.eq('success');\n  cy.log(res.body.status);\n  cy.log(res.body.total_records);\n  // let numberOfKey = Object.keys(res.body.response[0]).toString()\n  // cy.log(numberOfKey)            \n});",
              "err": {},
              "uuid": "4f00c599-5b80-4acb-b766-45da74d9442e",
              "parentUUID": "200731a6-fb2d-40c8-966b-ee2d54775a74",
              "isHook": false,
              "skipped": false
            }
          ],
          "suites": [],
          "passes": [
            "433bb557-508d-43e0-855d-f2efba08d7f4",
            "4afc208a-0194-4469-9bc0-fcb0768534dc",
            "53766027-a014-446d-ad03-751b95b5e066",
            "68052846-fd5d-4a72-86a6-2fbd6aa351c6",
            "3b5d4916-b443-4d50-8380-b82736197421",
            "b87bb593-6677-4445-a88e-f6a84261535d",
            "48982139-487d-473d-83ae-bd135129e15a",
            "a60ff29c-fe05-4591-b6a9-452caf8eac12",
            "68e3c155-960c-4c8b-a504-6653648219b7",
            "72a7c479-692a-4536-9b60-203907952ed6",
            "8725d3ee-48a9-4e44-b443-7153b9177652",
            "2c601c73-e989-4f40-80ae-24dfc48b7624",
            "b0db33f7-0adf-4d15-93f3-0fe6752f0800",
            "747d6bd2-a07d-45a2-aa9c-2b67fc989659",
            "926fc8d6-6f23-402f-92a0-cb8cd20cc7b0",
            "ea94a36e-c120-42ec-8b26-c3e683b368ce",
            "8bf68224-0b48-45e3-a935-fe6b18802ed9",
            "bee0df9e-d1c2-4028-9f28-f18339656658",
            "0584064a-e8f3-4063-9c1f-06e32af839ad",
            "2a0a36ef-9858-44c6-b2ca-4aaf1a310a14",
            "38e3c5cc-bdb1-44d0-b24e-1aeca93ffbec",
            "f09f2db0-d8e7-4e2e-9258-cdfd9d5cf28f",
            "0833d29f-8ff3-460b-86b2-b8f54768d78c",
            "9fff894b-df66-4868-b578-80ea7cdec4ce",
            "15a63d1e-134f-413d-8eb2-a32d4569fe90",
            "158250bc-415b-4b6f-b92c-098ed6d204d6",
            "fd886e7d-f8ae-41a3-a510-bd7d23f2de0b",
            "2e0bd9a1-1266-4ba6-b44c-bc8062ff3e56",
            "e2edbb2d-c644-4cda-a910-e0432a30f5a9",
            "71b3e132-dd34-4314-963e-a35ac23c9d8a",
            "349e9281-c2c0-417e-bcb9-2acc2dff0524",
            "f5cffa28-66ce-4a48-beeb-0e246c811248",
            "4f00c599-5b80-4acb-b766-45da74d9442e"
          ],
          "failures": [],
          "pending": [],
          "skipped": [],
          "duration": 41681,
          "root": false,
          "rootEmpty": false,
          "_timeout": 2000
        }
      ],
      "passes": [],
      "failures": [],
      "pending": [],
      "skipped": [],
      "duration": 0,
      "root": true,
      "rootEmpty": true,
      "_timeout": 2000
    }
  ],
  "meta": {
    "mocha": {
      "version": "7.0.1"
    },
    "mochawesome": {
      "options": {
        "quiet": false,
        "reportFilename": "mochawesome",
        "saveHtml": false,
        "saveJson": true,
        "consoleReporter": "spec",
        "useInlineDiffs": false,
        "code": true
      },
      "version": "7.1.3"
    },
    "marge": {
      "options": {
        "charts": true,
        "overwrite": false,
        "html": false,
        "json": true,
        "reportDir": "cypress/report/mochawesome-report"
      },
      "version": "6.2.0"
    }
  }
}