{
  "stats": {
    "suites": 2,
    "tests": 14,
    "passes": 9,
    "pending": 4,
    "failures": 1,
    "start": "2022-12-13T10:01:24.189Z",
    "end": "2022-12-13T10:17:28.544Z",
    "duration": 964355,
    "testsRegistered": 17,
    "passPercent": 69.23076923076923,
    "pendingPercent": 23.52941176470588,
    "other": 3,
    "hasOther": true,
    "skipped": 0,
    "hasSkipped": false
  },
  "results": [
    {
      "uuid": "1f49f361-98ad-4d3f-a91e-25c738ead91c",
      "title": "",
      "fullFile": "cypress/e2e/Test/Checko.cy.js",
      "file": "cypress/e2e/Test/Checko.cy.js",
      "beforeHooks": [],
      "afterHooks": [],
      "tests": [],
      "suites": [
        {
          "uuid": "52083466-6c15-4404-a46c-e316b82013fd",
          "title": "Regression Checklist",
          "fullFile": "",
          "file": "",
          "beforeHooks": [],
          "afterHooks": [],
          "tests": [
            {
              "title": "Create Blank Database",
              "fullTitle": "Regression Checklist Create Blank Database",
              "timedOut": null,
              "duration": 0,
              "state": "pending",
              "speed": null,
              "pass": false,
              "fail": false,
              "pending": true,
              "context": null,
              "code": "",
              "err": {},
              "uuid": "46441825-8217-4ba5-8eba-bc61b1335886",
              "parentUUID": "52083466-6c15-4404-a46c-e316b82013fd",
              "isHook": false,
              "skipped": false
            },
            {
              "title": "Create Sales Order",
              "fullTitle": "Regression Checklist Create Sales Order",
              "timedOut": null,
              "duration": 40150,
              "state": "passed",
              "speed": "slow",
              "pass": true,
              "fail": false,
              "pending": false,
              "context": null,
              "code": "cy.visit(QAServer + 'Sales/index.php/order/index');\ncy.wait(1000);\ncy.get('#addButton > .svg-inline--fa > path').click({\n  force: true\n});\ncy.get('#select2-order-int_area_id-container').click();\ncy.get('.select2-dropdown > .select2-search > .select2-search__field').click(); //Assertions on area name via loop\ncy.get('li[role=option]').each(function ($ele, index, list) {\n  cy.log($ele.text());\n  if ($ele.text() === area_name) {\n    cy.wrap($ele).click();\n  } else {\n    cy.log('not found');\n  }\n});\ncy.get('#select2-order-int_party_id-container').click();\ncy.wait(1000);\ncy.get('li[role=option]').each(function ($ele, index) {\n  cy.log($ele.text());\n  if ($ele.text() === Party_name) {\n    cy.wrap($ele).click();\n  } else {\n    cy.log('not found');\n  }\n}); //cy.get('.select2-dropdown > .select2-search > .select2-search__field').type('Vina{enter}')\ncy.get('#select2-order-int_placed_by_employee_id-container').click({\n  force: true\n});\ncy.get('li[role=option]').each(function ($ele, index, list) {\n  cy.log($ele.text());\n  if ($ele.text() === Placed_By) {\n    cy.wrap($ele).click();\n  } else {\n    cy.log('not found');\n  }\n}); //cy.get('.select2-dropdown > .select2-search > .select2-search__field').type('Vish{enter}')\n//.should('have.value','nilesh')\ncy.get('.modal-footer > .btn').click();\ncy.wait(500);\ncy.get('.view > .text-dark > .svg-inline--fa').click();\ncy.get('#select2-orderdetail-0-int_product_id-container').click();\ncy.get('li[role=option]').each(function ($ele) {\n  cy.log($ele.text());\n  if ($ele.text() === Select_product) {\n    cy.wrap($ele).click();\n  } else {\n    cy.log('not found');\n  }\n}); //cy.get('.select2-search__field').type('DAP{enter}')\ncy.wait(400);\ncy.get('#select2-orderdetail-0-int_product_pack_id-container').click();\ncy.get('li[role=option]').each(function ($ele, index, list) {\n  //Below will do assertion and check if list contains the product\n  cy.log($ele.text()).should('contain', 'DAP');\n  if ($ele.text() === Select_pack) {\n    cy.wrap($ele).click();\n  } else {\n    cy.log('not found');\n  }\n}); //cy.get('.select2-search__field').type('DAP{enter}')\ncy.get('#orderdetail-0-dbl_quantity').type('1');\ncy.get('.modal-footer > .btn').click({\n  force: true\n});\ncy.wait(5000);\ncy.get('.breadcrumb-item > a').each(function ($ele) {\n  OrderNumber = $ele.text();\n  cy.log(OrderNumber);\n  cy.wait(2000);\n}); //Change status to final \ncy.get('.font-size-lg > .view > .svg-inline--fa').click({\n  force: true\n});\ncy.get('#select2-order-int_status_type-container').click();\ncy.get('li[role=option]').each(function ($ele, index) {\n  cy.log($ele.text());\n  if ($ele.text() === 'Final') {\n    cy.wrap($ele).click();\n    cy.get('#submitBtn').click();\n  } else {\n    cy.log('not found');\n  }\n});\ncy.wait(2000); //Change staus to PO confirm\ncy.get('.font-size-lg > .view > .svg-inline--fa').click({\n  force: true\n});\ncy.get('#select2-order-int_status_type-container').click();\ncy.get('li[role=option]').each(function ($ele, index) {\n  cy.log($ele.text());\n  if ($ele.text() === 'Confirmed') {\n    cy.wrap($ele).click();\n    cy.wait(1000);\n    cy.get('#submitBtn').click();\n    cy.wait(2000);\n  } else {\n    cy.log('not found');\n  }\n}); //Change status to Approved\ncy.get('.font-size-lg > .view > .svg-inline--fa').click({\n  force: true\n});\ncy.get('#select2-order-int_status_type-container').click();\ncy.get('li[role=option]').each(function ($ele, index) {\n  cy.log($ele.text());\n  if ($ele.text() === 'Approved') {\n    cy.wrap($ele).click();\n    cy.wait(1000);\n    cy.get('#submitBtn').click();\n    cy.wait(2000);\n  } else {\n    cy.log('not found');\n  }\n});\ncy.wait(2000);",
              "err": {},
              "uuid": "1f6f70c3-86bf-4af0-a7ad-29b4ec486e9a",
              "parentUUID": "52083466-6c15-4404-a46c-e316b82013fd",
              "isHook": false,
              "skipped": false
            },
            {
              "title": "Send Mail - Sales Order",
              "fullTitle": "Regression Checklist Send Mail - Sales Order",
              "timedOut": null,
              "duration": 5018,
              "state": "passed",
              "speed": "medium",
              "pass": true,
              "fail": false,
              "pending": false,
              "context": null,
              "code": "cy.visit(QAServer + '/BusinessSettings/index.php/message/index');\ncy.get('.summary > :nth-child(2)').each(function ($ele) {\n  var x = parseInt($ele.text());\n  cy.log(x);\n  cy.get('[data-key=\"' + x + '\"] > [data-col-seq=\"4\"]').each(function ($ele, index, list) {\n    cy.log($ele.text()).should('contain', OrderNumber);\n  });\n});",
              "err": {},
              "uuid": "d6efbdcb-96d6-4b40-ac3d-26d6c6e78e9d",
              "parentUUID": "52083466-6c15-4404-a46c-e316b82013fd",
              "isHook": false,
              "skipped": false
            },
            {
              "title": "Create Dispatch",
              "fullTitle": "Regression Checklist Create Dispatch",
              "timedOut": null,
              "duration": 22098,
              "state": "passed",
              "speed": "slow",
              "pass": true,
              "fail": false,
              "pending": false,
              "context": null,
              "code": "cy.visit(QAServer + '/Inventory/index.php/delivery/index');\ncy.wait(500);\ncy.get('.top_btn > .view').click({\n  force: true\n});\ncy.get('#freight-int_vehicle_source_type').select('Self');\ncy.get('#delivery-int_vehicle_type').select('Truck');\ncy.get('#submitBtn').click();\ncy.wait(500);\ncy.get('.top_btn > .view').click();\ncy.get(':nth-child(1) > :nth-child(2) > .input-group > .form-control').type(OrderNumber);\ncy.get('[type=\"checkbox\"]').first().check({\n  force: true\n});\ncy.get('td.dispatch-branch > select.dispatch').select('VEW - Partapur (Head office)');\ncy.get('td.warehouse-branch > select.warehouse').select('VEW - Partapur (Head office)');\ncy.get('#submitBtn').click({\n  force: true\n});\ncy.get('.box-header > .d-flex > :nth-child(3) > .badge > [data-bs-toggle=\"tooltip\"]').each(function ($ele) {\n  ChallanNumber = $ele.text();\n  cy.log(ChallanNumber);\n  cy.wait(2000);\n}); //Change status to final \ncy.get('.font-size-lg > .view > .svg-inline--fa > path').click({\n  force: true\n});\ncy.get('#select2-delivery-int_status_type-container').click();\ncy.get('li[role=option]').each(function ($ele, index) {\n  cy.log($ele.text());\n  if ($ele.text() === 'Final') {\n    cy.wrap($ele).click();\n    cy.get('#submitBtn').click();\n  } else {\n    cy.log('not found');\n  }\n});\ncy.wait(2000); //Change staus to Approved\ncy.get('.font-size-lg > .view > .svg-inline--fa > path').click({\n  force: true\n});\ncy.get('#select2-delivery-int_status_type-container').click();\ncy.get('li[role=option]').each(function ($ele, index) {\n  cy.log($ele.text());\n  if ($ele.text() === 'Approved') {\n    cy.wrap($ele).click();\n    cy.wait(1000);\n    cy.get('#submitBtn').click();\n    cy.wait(2000);\n  } else {\n    cy.log('not found');\n  }\n});",
              "err": {},
              "uuid": "7676915b-0c94-4457-a99f-12e710d20b4e",
              "parentUUID": "52083466-6c15-4404-a46c-e316b82013fd",
              "isHook": false,
              "skipped": false
            },
            {
              "title": "Loading Slip Preview",
              "fullTitle": "Regression Checklist Loading Slip Preview",
              "timedOut": null,
              "duration": 406533,
              "state": "failed",
              "speed": null,
              "pass": false,
              "fail": true,
              "pending": false,
              "context": null,
              "code": "cy.visit(QAServer + 'Inventory/index.php/delivery/index');\ncy.get('[data-key=\"0\"] > [style=\"vertical-align:middle;\"] > .dropdown > .btn').click({\n  force: true\n});\ncy.get('[data-key=\"0\"] > [style=\"vertical-align:middle;\"] > .dropdown > .dropdown-menu > :nth-child(3) > a').click();\ncy.get('#w6  .modal-dialog  .modal-content  .modal-footer  .bootstrap-dialog-footer  .bootstrap-dialog-footer-buttons .btn-warning').click();\ncy.get('body').should('not.contain', 'Exception (Database Exception)');",
              "err": {
                "message": "CypressError: Timed out after waiting `400000ms` for your remote page to load.\n\nYour page did not fire its `load` event within `400000ms`.\n\nYou can try increasing the `pageLoadTimeout` value in `home/vishalg@dayalgroup.hq/Cypress_Project/cypress.config.js` to wait longer.\n\nBrowsers will not fire the `load` event until all stylesheets and scripts are done downloading.\n\nWhen this `load` event occurs, Cypress will continue running commands.",
                "estack": "CypressError: Timed out after waiting `400000ms` for your remote page to load.\n\nYour page did not fire its `load` event within `400000ms`.\n\nYou can try increasing the `pageLoadTimeout` value in `home/vishalg@dayalgroup.hq/Cypress_Project/cypress.config.js` to wait longer.\n\nBrowsers will not fire the `load` event until all stylesheets and scripts are done downloading.\n\nWhen this `load` event occurs, Cypress will continue running commands.\n    at timedOutWaitingForPageLoad (http://192.168.0.16/__cypress/runner/cypress_runner.js:155461:74)\n    at http://192.168.0.16/__cypress/runner/cypress_runner.js:155893:16\n    at tryCatcher (http://192.168.0.16/__cypress/runner/cypress_runner.js:13012:23)\n    at http://192.168.0.16/__cypress/runner/cypress_runner.js:8134:41\n    at tryCatcher (http://192.168.0.16/__cypress/runner/cypress_runner.js:13012:23)\n    at Promise._settlePromiseFromHandler (http://192.168.0.16/__cypress/runner/cypress_runner.js:10947:31)\n    at Promise._settlePromise (http://192.168.0.16/__cypress/runner/cypress_runner.js:11004:18)\n    at Promise._settlePromise0 (http://192.168.0.16/__cypress/runner/cypress_runner.js:11049:10)\n    at Promise._settlePromises (http://192.168.0.16/__cypress/runner/cypress_runner.js:11125:18)\n    at _drainQueueStep (http://192.168.0.16/__cypress/runner/cypress_runner.js:7719:12)\n    at _drainQueue (http://192.168.0.16/__cypress/runner/cypress_runner.js:7712:9)\n    at ../../node_modules/bluebird/js/release/async.js.Async._drainQueues (http://192.168.0.16/__cypress/runner/cypress_runner.js:7728:5)\n    at Async.drainQueues (http://192.168.0.16/__cypress/runner/cypress_runner.js:7598:14)\nFrom Your Spec Code:\n    at Context.eval (http://192.168.0.16/__cypress/tests?p=cypress/e2e/Test/Checko.cy.js:7632:8)",
                "diff": null
              },
              "uuid": "0f1e4b6b-74de-4534-8533-e5c530db7974",
              "parentUUID": "52083466-6c15-4404-a46c-e316b82013fd",
              "isHook": false,
              "skipped": false
            },
            {
              "title": "Send Mail - Dispatch",
              "fullTitle": "Regression Checklist Send Mail - Dispatch",
              "timedOut": null,
              "duration": 4699,
              "state": "passed",
              "speed": "fast",
              "pass": true,
              "fail": false,
              "pending": false,
              "context": null,
              "code": "cy.visit(QAServer + '/BusinessSettings/index.php/message/index');\ncy.get('.summary > :nth-child(2)').each(function ($ele) {\n  var x = parseInt($ele.text());\n  cy.log(x);\n  cy.get('[data-key=\"' + x + '\"] > [data-col-seq=\"4\"]').each(function ($ele, index, list) {\n    cy.log($ele.text()).should('contain', ChallanNumber);\n  });\n});",
              "err": {},
              "uuid": "8ccb0aaf-31a8-4f08-a7d2-b71e3cc2e956",
              "parentUUID": "52083466-6c15-4404-a46c-e316b82013fd",
              "isHook": false,
              "skipped": false
            },
            {
              "title": "Create Invoice",
              "fullTitle": "Regression Checklist Create Invoice",
              "timedOut": null,
              "duration": 10775,
              "state": "passed",
              "speed": "slow",
              "pass": true,
              "fail": false,
              "pending": false,
              "context": null,
              "code": "cy.visit(QAServer + 'Sales/index.php/invoice/index');\ncy.get('[href=\"/eSATHI/Sales/index.php/invoice/create?intDocumentType=211\"]').click({\n  force: true\n});\ncy.get('.box-body > .input-group > .form-control').type(ChallanNumber);\ncy.get('.display-inline-block > .col-md-1 > .delivery-note').first().check({\n  force: true\n});\ncy.get('.payment-term-cls').select('Standard');\ncy.get(':nth-child(3) > .btn').click();\ncy.get('.top_btn > .btn-primary').click({\n  force: true\n});\ncy.wait(1000);\ncy.get('.breadcrumb-item > a').each(function ($ele) {\n  InvoiceNumber = $ele.text();\n  cy.log(InvoiceNumber);\n  cy.wait(2000);\n});",
              "err": {},
              "uuid": "5dda5d5a-eb22-4aee-9dfd-fceb8c3aea93",
              "parentUUID": "52083466-6c15-4404-a46c-e316b82013fd",
              "isHook": false,
              "skipped": false
            },
            {
              "title": "Invoice Preview",
              "fullTitle": "Regression Checklist Invoice Preview",
              "timedOut": null,
              "duration": 408186,
              "state": "failed",
              "speed": null,
              "pass": false,
              "fail": true,
              "pending": false,
              "context": null,
              "code": "cy.visit(QAServer + 'Sales/index.php/invoice/index');\ncy.wait(200);\ncy.get('[data-col-seq=\"2\"] > .form-control').click({\n  force: true\n}).type(InvoiceNumber + '{enter}');\ncy.wait(300);\ncy.get('.dropdown > .btn').click({\n  force: true\n});\ncy.get(':nth-child(13) > .dropdown > .dropdown-menu > :nth-child(4) > a').click({\n  force: true\n});\ncy.wait(1500);\ncy.get('#w6  .modal-dialog  .modal-content  .modal-footer  .bootstrap-dialog-footer  .bootstrap-dialog-footer-buttons .btn-warning').click();\ncy.get('body').should('not.contain', 'Exception (Database Exception)');",
              "err": {
                "message": "CypressError: Timed out after waiting `400000ms` for your remote page to load.\n\nYour page did not fire its `load` event within `400000ms`.\n\nYou can try increasing the `pageLoadTimeout` value in `home/vishalg@dayalgroup.hq/Cypress_Project/cypress.config.js` to wait longer.\n\nBrowsers will not fire the `load` event until all stylesheets and scripts are done downloading.\n\nWhen this `load` event occurs, Cypress will continue running commands.",
                "estack": "CypressError: Timed out after waiting `400000ms` for your remote page to load.\n\nYour page did not fire its `load` event within `400000ms`.\n\nYou can try increasing the `pageLoadTimeout` value in `home/vishalg@dayalgroup.hq/Cypress_Project/cypress.config.js` to wait longer.\n\nBrowsers will not fire the `load` event until all stylesheets and scripts are done downloading.\n\nWhen this `load` event occurs, Cypress will continue running commands.\n    at timedOutWaitingForPageLoad (http://192.168.0.16/__cypress/runner/cypress_runner.js:155461:74)\n    at http://192.168.0.16/__cypress/runner/cypress_runner.js:155893:16\n    at tryCatcher (http://192.168.0.16/__cypress/runner/cypress_runner.js:13012:23)\n    at http://192.168.0.16/__cypress/runner/cypress_runner.js:8134:41\n    at tryCatcher (http://192.168.0.16/__cypress/runner/cypress_runner.js:13012:23)\n    at Promise._settlePromiseFromHandler (http://192.168.0.16/__cypress/runner/cypress_runner.js:10947:31)\n    at Promise._settlePromise (http://192.168.0.16/__cypress/runner/cypress_runner.js:11004:18)\n    at Promise._settlePromise0 (http://192.168.0.16/__cypress/runner/cypress_runner.js:11049:10)\n    at Promise._settlePromises (http://192.168.0.16/__cypress/runner/cypress_runner.js:11125:18)\n    at _drainQueueStep (http://192.168.0.16/__cypress/runner/cypress_runner.js:7719:12)\n    at _drainQueue (http://192.168.0.16/__cypress/runner/cypress_runner.js:7712:9)\n    at ../../node_modules/bluebird/js/release/async.js.Async._drainQueues (http://192.168.0.16/__cypress/runner/cypress_runner.js:7728:5)\n    at Async.drainQueues (http://192.168.0.16/__cypress/runner/cypress_runner.js:7598:14)\nFrom Your Spec Code:\n    at Context.eval (http://192.168.0.16/__cypress/tests?p=cypress/e2e/Test/Checko.cy.js:7680:8)",
                "diff": null
              },
              "uuid": "31d0e507-04e3-43d9-ad0f-d59498af784e",
              "parentUUID": "52083466-6c15-4404-a46c-e316b82013fd",
              "isHook": false,
              "skipped": false
            },
            {
              "title": "SATHI support ticket",
              "fullTitle": "Regression Checklist SATHI support ticket",
              "timedOut": null,
              "duration": 7576,
              "state": "passed",
              "speed": "medium",
              "pass": true,
              "fail": false,
              "pending": false,
              "context": null,
              "code": "cy.visit(QAServer + 'index.php/customer-care/sathi-support-list');\ncy.wait(500);\ncy.get('#modalButton').click({\n  force: true\n});\ncy.get('#scribble_subject').type('This is ticket from web'); //cy.get('.mb-3 > .select2 > .selection > .select2-selection > .select2-selection__rendered > .select2-search > .select2-search__field').click()\ncy.get('.modal-footer > .btn').click();",
              "err": {},
              "uuid": "56cf4930-a955-43fb-978d-cda9edd66c32",
              "parentUUID": "52083466-6c15-4404-a46c-e316b82013fd",
              "isHook": false,
              "skipped": false
            },
            {
              "title": "Helpdesk Ticket",
              "fullTitle": "Regression Checklist Helpdesk Ticket",
              "timedOut": null,
              "duration": 11254,
              "state": "passed",
              "speed": "slow",
              "pass": true,
              "fail": false,
              "pending": false,
              "context": null,
              "code": "let To = 'Abhishek Tyagi';\ncy.visit(QAServer + 'index.php/customer-care/helpdesk-list');\ncy.wait(2000);\ncy.get('.float-end > .view > .svg-inline--fa').click({\n  force: true\n});\ncy.get('#select2-pmsscribble-txtscribbleprojectuser-container').click();\ncy.get('li[role=option]').each(function ($ele, index, list) {\n  if ($ele.text() === To) {\n    cy.wrap($ele).click();\n  } else {\n    cy.log('not found');\n  }\n});\ncy.get('#scribble_subject').type('This is helpdesk ticket from web');\ncy.get('.modal-footer > .btn').click(); //cy.get('#w10-success-0').should('contain','sucess')\ncy.get('[data-notify=\"message\"]').should('contain', 'successful');",
              "err": {},
              "uuid": "0946ad7b-d169-41a7-a1db-caf838f35952",
              "parentUUID": "52083466-6c15-4404-a46c-e316b82013fd",
              "isHook": false,
              "skipped": false
            },
            {
              "title": "Create Retail",
              "fullTitle": "Regression Checklist Create Retail",
              "timedOut": null,
              "duration": 14533,
              "state": "failed",
              "speed": null,
              "pass": false,
              "fail": true,
              "pending": false,
              "context": null,
              "code": "cy.visit(QAServer + 'Sales/index.php/retail-order/retail-list');\ncy.wait(1000);\ncy.get('[href=\"/eSATHI/Sales/index.php/retail-order/create\"]').click({\n  force: true\n});\ncy.get('#select2-invoicedetail-0-int_product_pack_id-container').click();\ncy.wait(1000);\ncy.get('li[role=option]').each(function ($ele, index) {\n  cy.log($ele.text());\n  if ($ele.text() === 'DAP 18:46 | DAP 50 Kg') {\n    cy.wrap($ele).click();\n  } else {\n    cy.log('not found');\n  }\n});\ncy.get('#invoicedetail-0-dbl_quantity').type('2{enter}');\ncy.get('.dropdown > .btn').click();\ncy.wait(500);\ncy.get('[data-notify=\"message\"]').should('contain', 'Successfully');\ncy.get('.top_btn > .dropdown > .dropdown-menu > :nth-child(2) > a').click().should('not.contain', 'Exception (Database Exception)');",
              "err": {
                "message": "AssertionError: Timed out retrying after 4000ms: expected '<span>' to contain 'Successfully'",
                "estack": "AssertionError: Timed out retrying after 4000ms: expected '<span>' to contain 'Successfully'\n    at Context.eval (http://192.168.0.16/__cypress/tests?p=cypress/e2e/Test/Checko.cy.js:7734:39)",
                "diff": null
              },
              "uuid": "4abacd44-3902-4998-8fa0-8915712acd81",
              "parentUUID": "52083466-6c15-4404-a46c-e316b82013fd",
              "isHook": false,
              "skipped": false
            },
            {
              "title": "Retail Preview",
              "fullTitle": "Regression Checklist Retail Preview",
              "timedOut": null,
              "duration": 0,
              "state": "pending",
              "speed": null,
              "pass": false,
              "fail": false,
              "pending": true,
              "context": null,
              "code": "",
              "err": {},
              "uuid": "fab40366-72b1-466e-a9d0-4b2bf68b9258",
              "parentUUID": "52083466-6c15-4404-a46c-e316b82013fd",
              "isHook": false,
              "skipped": false
            },
            {
              "title": "Import Product",
              "fullTitle": "Regression Checklist Import Product",
              "timedOut": null,
              "duration": 13534,
              "state": "failed",
              "speed": null,
              "pass": false,
              "fail": true,
              "pending": false,
              "context": null,
              "code": "cy.visit(QAServer + 'index.php/import/product-master');\ncy.get('#select2-product-int_organisation_id-container').click();\ncy.get('li[role=option]').each(function ($ele, index) {\n  if ($ele.text() === 'Vishal Engineering Works (VEW)') {\n    cy.wrap($ele).click();\n  } else {\n    cy.log('not found');\n  }\n});\ncy.get('#product-file').attachFile('mSATHI-Product-PackSheetNew.csv');\ncy.get('.text-end > .btn-sm').click();\ncy.wait(500);\ncy.get('[data-notify=\"message\"]').should('contain', 'successful');",
              "err": {
                "message": "AssertionError: Timed out retrying after 4000ms: Expected to find element: `[data-notify=\"message\"]`, but never found it.",
                "estack": "AssertionError: Timed out retrying after 4000ms: Expected to find element: `[data-notify=\"message\"]`, but never found it.\n    at Context.eval (http://192.168.0.16/__cypress/tests?p=cypress/e2e/Test/Checko.cy.js:7761:39)",
                "diff": null
              },
              "uuid": "14aa2104-1be6-4853-9ade-9fcefd578488",
              "parentUUID": "52083466-6c15-4404-a46c-e316b82013fd",
              "isHook": false,
              "skipped": false
            },
            {
              "title": "Import Customer",
              "fullTitle": "Regression Checklist Import Customer",
              "timedOut": null,
              "duration": 12926,
              "state": "passed",
              "speed": "slow",
              "pass": true,
              "fail": false,
              "pending": false,
              "context": null,
              "code": "cy.visit(QAServer + 'index.php/import/customer');\ncy.get('#select2-party-int_organisation_id-container').click();\ncy.get('li[role=option]').each(function ($ele, index) {\n  if ($ele.text() === 'Vishal Engineering Works (VEW)') {\n    cy.wrap($ele).click();\n  } else {\n    cy.log('not found');\n  }\n});\ncy.get('#select2-party-int_customer_type-container').click();\ncy.get('li[role=option]').each(function ($ele, index) {\n  if ($ele.text() === 'Customer') {\n    cy.wrap($ele).click();\n  } else {\n    cy.log('not found');\n  }\n});\ncy.get('#select2-party-int_type_of_customer-container').click();\ncy.get('li[role=option]').each(function ($ele, index) {\n  if ($ele.text() === 'End Customer') {\n    cy.wrap($ele).click();\n  } else {\n    cy.log('not found');\n  }\n});\ncy.get('#party-file').attachFile('SampleData-CustomerMasterNew.csv');\ncy.get('.col-sm-12 > .btn-sm').click();\ncy.wait(500);\ncy.get('[data-notify=\"message\"]').should('contain', 'successful');\ncy.wait(2000);",
              "err": {},
              "uuid": "8894576d-b114-461d-99ce-78584d17083f",
              "parentUUID": "52083466-6c15-4404-a46c-e316b82013fd",
              "isHook": false,
              "skipped": false
            },
            {
              "title": "Import Rate",
              "fullTitle": "Regression Checklist Import Rate",
              "timedOut": null,
              "duration": 0,
              "state": "pending",
              "speed": null,
              "pass": false,
              "fail": false,
              "pending": true,
              "context": null,
              "code": "",
              "err": {},
              "uuid": "05d41c7f-f1d8-4612-8bff-ee4299a5fd73",
              "parentUUID": "52083466-6c15-4404-a46c-e316b82013fd",
              "isHook": false,
              "skipped": false
            },
            {
              "title": "Import Rate - Rate from other template",
              "fullTitle": "Regression Checklist Import Rate - Rate from other template",
              "timedOut": null,
              "duration": 0,
              "state": "pending",
              "speed": null,
              "pass": false,
              "fail": false,
              "pending": true,
              "context": null,
              "code": "",
              "err": {},
              "uuid": "5e750895-ecb7-48a9-8525-121448768420",
              "parentUUID": "52083466-6c15-4404-a46c-e316b82013fd",
              "isHook": false,
              "skipped": false
            }
          ],
          "suites": [],
          "passes": [
            "1f6f70c3-86bf-4af0-a7ad-29b4ec486e9a",
            "d6efbdcb-96d6-4b40-ac3d-26d6c6e78e9d",
            "7676915b-0c94-4457-a99f-12e710d20b4e",
            "8ccb0aaf-31a8-4f08-a7d2-b71e3cc2e956",
            "5dda5d5a-eb22-4aee-9dfd-fceb8c3aea93",
            "56cf4930-a955-43fb-978d-cda9edd66c32",
            "0946ad7b-d169-41a7-a1db-caf838f35952",
            "8894576d-b114-461d-99ce-78584d17083f"
          ],
          "failures": [
            "0f1e4b6b-74de-4534-8533-e5c530db7974",
            "31d0e507-04e3-43d9-ad0f-d59498af784e",
            "4abacd44-3902-4998-8fa0-8915712acd81",
            "14aa2104-1be6-4853-9ade-9fcefd578488"
          ],
          "pending": [
            "46441825-8217-4ba5-8eba-bc61b1335886",
            "fab40366-72b1-466e-a9d0-4b2bf68b9258",
            "05d41c7f-f1d8-4612-8bff-ee4299a5fd73",
            "5e750895-ecb7-48a9-8525-121448768420"
          ],
          "skipped": [],
          "duration": 957282,
          "root": false,
          "rootEmpty": false,
          "_timeout": 2000
        },
        {
          "uuid": "1b918d15-4477-4363-90b4-2371e14320c6",
          "title": "db-Xpert",
          "fullFile": "",
          "file": "",
          "beforeHooks": [],
          "afterHooks": [],
          "tests": [
            {
              "title": "Documents - Mobile",
              "fullTitle": "db-Xpert Documents - Mobile",
              "timedOut": null,
              "duration": 4584,
              "state": "passed",
              "speed": "fast",
              "pass": true,
              "fail": false,
              "pending": false,
              "context": null,
              "code": "//iSathi.logout()\ncy.visit(QAServer + 'Administration/index.php/documents/mobile-index');\ncy.get('.list_ul > :nth-child(1) > a').invoke('removeAttr', 'target').click();",
              "err": {},
              "uuid": "a65c33af-dac9-44a6-9e7e-7765e374c5e2",
              "parentUUID": "1b918d15-4477-4363-90b4-2371e14320c6",
              "isHook": false,
              "skipped": false
            }
          ],
          "suites": [],
          "passes": [
            "a65c33af-dac9-44a6-9e7e-7765e374c5e2"
          ],
          "failures": [],
          "pending": [],
          "skipped": [],
          "duration": 4584,
          "root": false,
          "rootEmpty": false,
          "_timeout": 2000
        }
      ],
      "passes": [],
      "failures": [],
      "pending": [],
      "skipped": [],
      "duration": 0,
      "root": true,
      "rootEmpty": true,
      "_timeout": 2000
    }
  ],
  "meta": {
    "mocha": {
      "version": "7.0.1"
    },
    "mochawesome": {
      "options": {
        "quiet": false,
        "reportFilename": "mochawesome",
        "saveHtml": false,
        "saveJson": true,
        "consoleReporter": "spec",
        "useInlineDiffs": false,
        "code": true
      },
      "version": "7.1.3"
    },
    "marge": {
      "options": {
        "charts": true,
        "overwrite": false,
        "html": false,
        "json": true,
        "reportDir": "cypress/report/mochawesome-report"
      },
      "version": "6.2.0"
    }
  }
}