{
  "stats": {
    "suites": 1,
    "tests": 33,
    "passes": 33,
    "pending": 0,
    "failures": 0,
    "start": "2023-01-03T06:53:43.669Z",
    "end": "2023-01-03T06:54:28.524Z",
    "duration": 44855,
    "testsRegistered": 33,
    "passPercent": 100,
    "pendingPercent": 0,
    "other": 0,
    "hasOther": false,
    "skipped": 0,
    "hasSkipped": false
  },
  "results": [
    {
      "uuid": "cc210a6c-41ce-44f5-b3e6-2f54cb586ad5",
      "title": "",
      "fullFile": "cypress/e2e/APItest/GetAPIs/Sales_Order/getAPI.cy.js",
      "file": "cypress/e2e/APItest/GetAPIs/Sales_Order/getAPI.cy.js",
      "beforeHooks": [],
      "afterHooks": [],
      "tests": [],
      "suites": [
        {
          "uuid": "12d90327-0e6e-4e4f-994a-ca41b2da00fe",
          "title": "Sales Order Get API",
          "fullFile": "",
          "file": "",
          "beforeHooks": [],
          "afterHooks": [],
          "tests": [
            {
              "title": "GET - Application",
              "fullTitle": "Sales Order Get API GET - Application",
              "timedOut": null,
              "duration": 531,
              "state": "passed",
              "speed": "fast",
              "pass": true,
              "fail": false,
              "pending": false,
              "context": null,
              "code": "cy.request({\n  Method: 'GET',\n  url: BaseURL + 'api/common.php',\n  body: {\n    params: {\n      \"clientId\": data.ClientId,\n      \"blIncludeParent\": 1,\n      \"model\": \"Application\",\n      \"actionModel\": \"Default\",\n      \"intEmpId\": data.intEmpId,\n      \"page\": \"\",\n      \"last_sync_date\": \"\",\n      \"appName\": \"eSATHI\",\n      \"appNameForService\": \"COMMON_API\",\n      \"appVersion\": \"22.52.456\",\n      \"access-token\": data.AccessToken,\n      \"intCustomerUserId\": 1001,\n      \"intCustomerUserDeviceId\": 0,\n      \"requestType\": \"GET\"\n    }\n  }\n}).then(res => {\n  expect(res.status).to.eq(200);\n  expect(res.body.response[0].int_delete_type).to.eq(0);\n  expect(res.body.status).to.eq('success');\n  cy.log(res.body.status);\n  cy.log(res.body.total_records);\n  // let numberOfKey = Object.keys(res.body.response[0]).toString()\n  // cy.log(numberOfKey)            \n});",
              "err": {},
              "uuid": "b7083f0d-5c7a-444d-bdba-3c55479a5ccb",
              "parentUUID": "12d90327-0e6e-4e4f-994a-ca41b2da00fe",
              "isHook": false,
              "skipped": false
            },
            {
              "title": "GET - Branch",
              "fullTitle": "Sales Order Get API GET - Branch",
              "timedOut": null,
              "duration": 405,
              "state": "passed",
              "speed": "fast",
              "pass": true,
              "fail": false,
              "pending": false,
              "context": null,
              "code": "cy.request({\n  Method: 'GET',\n  url: BaseURL + 'api/common.php',\n  body: {\n    params: {\n      \"model\": \"Branch\",\n      \"actionModel\": \"Default\",\n      \"intEmpId\": data.intEmpId,\n      \"page\": \"\",\n      \"last_sync_date\": data.LSD,\n      \"appName\": \"order_app\",\n      \"appNameForService\": \"order_app\",\n      \"appVersion\": \"22.52.172\",\n      \"access-token\": data.AccessToken,\n      \"clientId\": data.ClientId,\n      \"action\": \"\",\n      \"requestType\": \"GET\",\n      \"primaryKey\": \"\",\n      \"intCustomerUserId\": 1001,\n      \"intCustomerUserDeviceId\": 0,\n      \"intApplicationId\": 0,\n      \"expand\": \"tbl_address#int_address_id,tbl_address#int_address_id.tbl_city#int_city_id,tbl_address#int_address_id.tbl_city#int_tehsil_city_id,tbl_branch_regn#int_branch_id\",\n      \"blShowUserBranch\": true\n    }\n  }\n}).then(res => {\n  expect(res.status).to.eq(200);\n  expect(res.body.response[0].int_delete_type).to.eq(0);\n  expect(res.body.status).to.eq('success');\n  cy.log(res.body.status);\n  cy.log(res.body.total_records);\n  // let numberOfKey = Object.keys(res.body.response[0]).toString()\n  // cy.log(numberOfKey)            \n});",
              "err": {},
              "uuid": "f082e9fa-06a2-491e-aa93-cec073b990a8",
              "parentUUID": "12d90327-0e6e-4e4f-994a-ca41b2da00fe",
              "isHook": false,
              "skipped": false
            },
            {
              "title": "GET - Organisation",
              "fullTitle": "Sales Order Get API GET - Organisation",
              "timedOut": null,
              "duration": 290,
              "state": "passed",
              "speed": "fast",
              "pass": true,
              "fail": false,
              "pending": false,
              "context": null,
              "code": "cy.request({\n  Method: 'GET',\n  url: BaseURL + 'api/common.php',\n  body: {\n    params: {\n      \"model\": \"Organisation\",\n      \"actionModel\": \"Default\",\n      \"intEmpId\": data.intEmpId,\n      \"page\": \"\",\n      \"last_sync_date\": data.LSD,\n      \"appName\": \"order_app\",\n      \"appNameForService\": \"order_app\",\n      \"appVersion\": \"22.52.172\",\n      \"access-token\": data.AccessToken,\n      \"clientId\": data.ClientId,\n      \"action\": \"\",\n      \"requestType\": \"GET\",\n      \"primaryKey\": \"\",\n      \"intCustomerUserId\": 1001,\n      \"intCustomerUserDeviceId\": 0,\n      \"intApplicationId\": 0,\n      \"expand\": \"tbl_address#int_address_id,tbl_address#int_address_id.tbl_city#int_city_id,tbl_address#int_address_id.tbl_city#int_tehsil_city_id,tbl_branch_regn#int_branch_id\",\n      \"blShowUserBranch\": true\n    }\n  }\n}).then(res => {\n  expect(res.status).to.eq(200);\n  expect(res.body.response[0].int_delete_type).to.eq(0);\n  expect(res.body.status).to.eq('success');\n  cy.log(res.body.status);\n  cy.log(res.body.total_records);\n  // let numberOfKey = Object.keys(res.body.response[0]).toString()\n  // cy.log(numberOfKey)            \n});",
              "err": {},
              "uuid": "ad1deb46-66a3-4f06-b8c4-3efd769676dd",
              "parentUUID": "12d90327-0e6e-4e4f-994a-ca41b2da00fe",
              "isHook": false,
              "skipped": false
            },
            {
              "title": "GET - OrganisationAttachment",
              "fullTitle": "Sales Order Get API GET - OrganisationAttachment",
              "timedOut": null,
              "duration": 285,
              "state": "passed",
              "speed": "fast",
              "pass": true,
              "fail": false,
              "pending": false,
              "context": null,
              "code": "cy.request({\n  Method: 'GET',\n  url: BaseURL + 'api/common.php',\n  body: {\n    params: {\n      \"model\": \"OrganisationAttachment\",\n      \"actionModel\": \"Default\",\n      \"intEmpId\": data.intEmpId,\n      \"page\": \"\",\n      \"last_sync_date\": data.LSD,\n      \"appName\": \"eSATHI\",\n      \"appNameForService\": \"COMMON_API\",\n      \"appVersion\": \"22.52.456\",\n      \"access-token\": data.AccessToken,\n      \"clientId\": data.ClientId,\n      \"action\": \"\",\n      \"requestType\": \"GET\",\n      \"primaryKey\": \"\",\n      \"intCustomerUserId\": 1001,\n      \"intCustomerUserDeviceId\": 0,\n      \"intApplicationId\": 0\n    }\n  }\n}).then(res => {\n  expect(res.status).to.eq(200);\n  expect(res.body.response[0].int_delete_type).to.eq(0);\n  expect(res.body.status).to.eq('success');\n  cy.log(res.body.status);\n  cy.log(res.body.total_records);\n  // let numberOfKey = Object.keys(res.body.response[0]).toString()\n  // cy.log(numberOfKey)            \n});",
              "err": {},
              "uuid": "89cacc29-ad4b-4d26-9e59-9fd475a2426b",
              "parentUUID": "12d90327-0e6e-4e4f-994a-ca41b2da00fe",
              "isHook": false,
              "skipped": false
            },
            {
              "title": "GET - EmployeeAttachment",
              "fullTitle": "Sales Order Get API GET - EmployeeAttachment",
              "timedOut": null,
              "duration": 310,
              "state": "passed",
              "speed": "fast",
              "pass": true,
              "fail": false,
              "pending": false,
              "context": null,
              "code": "cy.request({\n  Method: 'GET',\n  url: BaseURL + 'api/hcms.php',\n  body: {\n    params: {\n      \"model\": \"EmployeeAttachment\",\n      \"actionModel\": \"EmployeeAttachmentImage\",\n      \"intEmpId\": data.intEmpId,\n      \"page\": \"\",\n      \"last_sync_date\": data.LSD,\n      \"appName\": \"eSATHI\",\n      \"appNameForService\": \"hcms_app\",\n      \"appVersion\": \"22.52.456\",\n      \"access-token\": data.AccessToken,\n      \"clientId\": data.ClientId,\n      \"action\": \"\",\n      \"requestType\": \"GET\",\n      \"primaryKey\": \"\",\n      \"intCustomerUserId\": 1001,\n      \"intCustomerUserDeviceId\": 0,\n      \"intApplicationId\": 0\n    }\n  }\n}).then(res => {\n  cy.log(res.body.message);\n  expect(res.status).to.eq(200);\n  expect(res.body.response[0].int_delete_type).to.eq(0);\n  expect(res.body.status).to.eq('success');\n  cy.log(res.body.status);\n  cy.log(res.body.total_records);\n  // let numberOfKey = Object.keys(res.body.response[0]).toString()\n  // cy.log(numberOfKey)            \n});",
              "err": {},
              "uuid": "265fe6d1-ea66-4bba-bfc8-93f765e7a455",
              "parentUUID": "12d90327-0e6e-4e4f-994a-ca41b2da00fe",
              "isHook": false,
              "skipped": false
            },
            {
              "title": "GET - Configuration",
              "fullTitle": "Sales Order Get API GET - Configuration",
              "timedOut": null,
              "duration": 340,
              "state": "passed",
              "speed": "fast",
              "pass": true,
              "fail": false,
              "pending": false,
              "context": null,
              "code": "cy.request({\n  Method: 'GET',\n  url: BaseURL + 'api/common.php',\n  body: {\n    params: {\n      \"model\": \"Configuration\",\n      \"actionModel\": \"Default\",\n      \"intEmpId\": data.intEmpId,\n      \"page\": \"\",\n      \"last_sync_date\": data.LSD,\n      \"appName\": \"order_app\",\n      \"appNameForService\": \"order_app\",\n      \"appVersion\": \"22.52.172\",\n      \"access-token\": data.AccessToken,\n      \"clientId\": data.ClientId,\n      \"action\": \"\",\n      \"requestType\": \"GET\",\n      \"primaryKey\": \"\",\n      \"intCustomerUserId\": 1001,\n      \"intCustomerUserDeviceId\": 0,\n      \"intApplicationId\": 0\n    }\n  }\n}).then(res => {\n  cy.log(res.body.message);\n  expect(res.status).to.eq(200);\n  expect(res.body.response[0].int_delete_type).to.eq(0);\n  expect(res.body.status).to.eq('success');\n  cy.log(res.body.status);\n  cy.log(res.body.total_records);\n  // let numberOfKey = Object.keys(res.body.response[0]).toString()\n  // cy.log(numberOfKey)            \n});",
              "err": {},
              "uuid": "d7779979-cedc-4628-a9b6-d34224b7097f",
              "parentUUID": "12d90327-0e6e-4e4f-994a-ca41b2da00fe",
              "isHook": false,
              "skipped": false
            },
            {
              "title": "GET - UserPermission",
              "fullTitle": "Sales Order Get API GET - UserPermission",
              "timedOut": null,
              "duration": 34500,
              "state": "passed",
              "speed": "slow",
              "pass": true,
              "fail": false,
              "pending": false,
              "context": null,
              "code": "var pageCount = 1;\nvar PageLeft;\nclass AllPage {\n  NextPage() {\n    cy.request({\n      Method: 'GET',\n      url: BaseURL + 'api/common.php',\n      body: {\n        params: {\n          \"model\": \"UserPermission\",\n          \"actionModel\": \"Default\",\n          \"intEmpId\": data.intEmpId,\n          \"page\": pageCount,\n          \"last_sync_date\": data.LSD,\n          \"appName\": \"order_app\",\n          \"appNameForService\": \"order_app\",\n          \"appVersion\": \"22.52.172\",\n          \"access-token\": data.AccessToken,\n          \"clientId\": data.ClientId,\n          \"action\": \"\",\n          \"requestType\": \"GET\",\n          \"primaryKey\": \"\",\n          \"intCustomerUserId\": 1001,\n          \"intCustomerUserDeviceId\": 0,\n          \"intApplicationId\": 0,\n          \"txtApplicationIds\": \"311,600,721,111\"\n        }\n      }\n    }).then(res => {\n      expect(res.status).to.eq(200);\n      expect(res.body.response[0].int_delete_type).to.eq(0);\n      //expect(res.body.status).to.eq('success')\n      PageLeft = res.body.page;\n      cy.log(PageLeft);\n      cy.log(res.body.total_records);\n      cy.log(res.body.message);\n      if (PageLeft !== 'No pages left.') {\n        next.NextPage();\n      } else {\n        expect(res.body.status).to.eq('success');\n      }\n      // let numberOfKey = Object.keys(res.body.response[0]).toString()\n      // cy.log(numberOfKey) \n      pageCount = pageCount + 1;\n    });\n  }\n}\nvar next = new AllPage();\ncy.request({\n  Method: 'GET',\n  url: BaseURL + 'api/common.php',\n  body: {\n    params: {\n      \"model\": \"UserPermission\",\n      \"actionModel\": \"Default\",\n      \"intEmpId\": data.intEmpId,\n      \"page\": pageCount,\n      \"last_sync_date\": data.LSD,\n      \"appName\": \"order_app\",\n      \"appNameForService\": \"order_app\",\n      \"appVersion\": \"22.52.172\",\n      \"access-token\": data.AccessToken,\n      \"clientId\": data.ClientId,\n      \"action\": \"\",\n      \"requestType\": \"GET\",\n      \"primaryKey\": \"\",\n      \"intCustomerUserId\": 1001,\n      \"intCustomerUserDeviceId\": 0,\n      \"intApplicationId\": 0,\n      \"txtApplicationIds\": \"311,600,721,111\"\n    }\n  }\n}).then(res => {\n  expect(res.status).to.eq(200);\n  expect(res.body.response[0].int_delete_type).to.eq(0);\n  //expect(res.body.status).to.eq('success')\n  PageLeft = res.body.page;\n  cy.log(PageLeft);\n  cy.log('Total records: ' + res.body.total_records);\n  cy.log(res.body.message);\n  if (PageLeft !== 'No pages left.') {\n    next.NextPage();\n  } else {\n    expect(res.body.status).to.eq('success');\n  }\n  // let numberOfKey = Object.keys(res.body.response[0]).toString()\n  // cy.log(numberOfKey)            \n});",
              "err": {},
              "uuid": "42fe11e1-30cd-4feb-b8ce-f47d9a0bc8c9",
              "parentUUID": "12d90327-0e6e-4e4f-994a-ca41b2da00fe",
              "isHook": false,
              "skipped": false
            },
            {
              "title": "GET - Product",
              "fullTitle": "Sales Order Get API GET - Product",
              "timedOut": null,
              "duration": 329,
              "state": "passed",
              "speed": "fast",
              "pass": true,
              "fail": false,
              "pending": false,
              "context": null,
              "code": "cy.request({\n  Method: 'GET',\n  url: BaseURL + 'api/scms.php',\n  body: {\n    params: {\n      \"model\": \"Product\",\n      \"actionModel\": \"Default\",\n      \"intEmpId\": data.intEmpId,\n      \"page\": \"\",\n      \"last_sync_date\": data.LSD,\n      \"appName\": \"order_app\",\n      \"appNameForService\": \"eSATHI\",\n      \"appVersion\": \"22.44.169\",\n      \"access-token\": data.AccessToken,\n      \"clientId\": data.ClientId,\n      \"action\": \"\",\n      \"requestType\": \"GET\",\n      \"primaryKey\": \"\",\n      \"intCustomerUserId\": 694,\n      \"intCustomerUserDeviceId\": 0,\n      \"intApplicationId\": 0,\n      \"expand\": \"tbl_product_pack#int_product_id.tbl_product_pack_bom#int_product_pack_id, tbl_product_pack#int_product_id.tbl_product_pack_branch#int_product_pack_id, tbl_product_attachment#int_product_id, tbl_product_pack#int_product_id.tbl_product_attachment#int_product_pack_id,tbl_product_organisation#int_product_id, tbl_product_party#int_product_id, tbl_product_sales_applicability#int_product_id\"\n    }\n  }\n}).then(res => {\n  expect(res.status).to.eq(200);\n  expect(res.body.response[0].ysn_to_sale).to.eq(1);\n  expect(res.body.status).to.eq('success');\n  cy.log(res.body.status);\n  cy.log(res.body.total_records);\n  // let numberOfKey = Object.keys(res.body.response[0]).toString()\n  // cy.log(numberOfKey)\n});",
              "err": {},
              "uuid": "ea07d620-9185-4e41-95f9-f35f873db7c9",
              "parentUUID": "12d90327-0e6e-4e4f-994a-ca41b2da00fe",
              "isHook": false,
              "skipped": false
            },
            {
              "title": "GET - Party",
              "fullTitle": "Sales Order Get API GET - Party",
              "timedOut": null,
              "duration": 302,
              "state": "passed",
              "speed": "fast",
              "pass": true,
              "fail": false,
              "pending": false,
              "context": null,
              "code": "cy.request({\n  Method: 'GET',\n  url: BaseURL + 'api/scms.php',\n  body: {\n    params: {\n      \"model\": \"Party\",\n      \"actionModel\": \"Default\",\n      \"intEmpId\": data.intEmpId,\n      \"page\": \"\",\n      \"last_sync_date\": data.LSD,\n      \"appName\": \"order_app\",\n      \"appNameForService\": \"order_app\",\n      \"appVersion\": \"20.51.96\",\n      \"access-token\": data.AccessToken,\n      \"clientId\": data.ClientId,\n      \"action\": \"\",\n      \"requestType\": \"GET\",\n      \"primaryKey\": \"\",\n      \"intCustomerUserId\": 2,\n      \"intCustomerUserDeviceId\": 0,\n      \"intApplicationId\": 0,\n      \"expand\": \"tbl_address#int_address_id, tbl_address#int_billing_address_id, tbl_address#int_shipping_address_id, tbl_party_regn#int_party_id, tbl_party_organisation#int_party_id, tbl_party_branch#int_party_id, tbl_party_branch_tax_category#int_party_id, tbl_party_employee#int_party_id\"\n    }\n  }\n}).then(res => {\n  expect(res.status).to.eq(200);\n  expect(res.body.response[0].txt_name).to.eq('Cash Sale');\n  expect(res.body.status).to.eq('success');\n  cy.log(res.body.status);\n  cy.log(res.body.total_records);\n  // let numberOfKey = Object.keys(res.body.response[0]).toString()\n  // cy.log(numberOfKey)\n});",
              "err": {},
              "uuid": "6f899366-4a1e-4fa1-9f99-5f0cd81b03d2",
              "parentUUID": "12d90327-0e6e-4e4f-994a-ca41b2da00fe",
              "isHook": false,
              "skipped": false
            },
            {
              "title": "GET - DocumentStatus",
              "fullTitle": "Sales Order Get API GET - DocumentStatus",
              "timedOut": null,
              "duration": 288,
              "state": "passed",
              "speed": "fast",
              "pass": true,
              "fail": false,
              "pending": false,
              "context": null,
              "code": "cy.request({\n  Method: 'GET',\n  url: BaseURL + 'api/common.php',\n  body: {\n    params: {\n      \"model\": \"DocumentStatus\",\n      \"actionModel\": \"Default\",\n      \"intEmpId\": data.ClientId,\n      \"page\": \"\",\n      \"last_sync_date\": data.LSD,\n      \"appName\": \"order_app\",\n      \"appNameForService\": \"order_app\",\n      \"appVersion\": \"22.52.172\",\n      \"access-token\": data.AccessToken,\n      \"clientId\": data.ClientId,\n      \"action\": \"\",\n      \"requestType\": \"GET\",\n      \"primaryKey\": \"\",\n      \"intCustomerUserId\": 1001,\n      \"intCustomerUserDeviceId\": 0,\n      \"intApplicationId\": 0,\n      \"intDocumentType\": 201\n    }\n  }\n}).then(res => {\n  cy.log(res.body.message);\n  expect(res.status).to.eq(200);\n  expect(res.body.response[0].int_delete_type).to.eq(0);\n  expect(res.body.status).to.eq('success');\n  cy.log(res.body.status);\n  cy.log('Total Records: ' + res.body.total_records);\n  // let numberOfKey = Object.keys(res.body.response[0]).toString()\n  // cy.log(numberOfKey)            \n});",
              "err": {},
              "uuid": "adbfab3b-1177-4ca0-a506-49cf7aac8f0f",
              "parentUUID": "12d90327-0e6e-4e4f-994a-ca41b2da00fe",
              "isHook": false,
              "skipped": false
            },
            {
              "title": "GET - District",
              "fullTitle": "Sales Order Get API GET - District",
              "timedOut": null,
              "duration": 302,
              "state": "passed",
              "speed": "fast",
              "pass": true,
              "fail": false,
              "pending": false,
              "context": null,
              "code": "cy.request({\n  Method: 'GET',\n  url: BaseURL + 'api/common.php',\n  body: {\n    params: {\n      \"model\": \"District\",\n      \"actionModel\": \"Default\",\n      \"intEmpId\": data.ClientId,\n      \"page\": \"\",\n      \"last_sync_date\": data.LSD,\n      \"appName\": \"order_app\",\n      \"appNameForService\": \"order_app\",\n      \"appVersion\": \"22.52.172\",\n      \"access-token\": data.AccessToken,\n      \"clientId\": data.ClientId,\n      \"action\": \"\",\n      \"requestType\": \"GET\",\n      \"primaryKey\": \"\",\n      \"intCustomerUserId\": 1001,\n      \"intCustomerUserDeviceId\": 0,\n      \"intApplicationId\": 0,\n      \"intDocumentType\": 201\n    }\n  }\n}).then(res => {\n  cy.log(res.body.message);\n  expect(res.status).to.eq(200);\n  expect(res.body.response[0].int_delete_type).to.eq(0);\n  expect(res.body.status).to.eq('success');\n  cy.log(res.body.status);\n  cy.log('Total Records: ' + res.body.total_records);\n  // let numberOfKey = Object.keys(res.body.response[0]).toString()\n  // cy.log(numberOfKey)            \n});",
              "err": {},
              "uuid": "48ab9691-9a9f-4e4a-adf9-38fdd908798b",
              "parentUUID": "12d90327-0e6e-4e4f-994a-ca41b2da00fe",
              "isHook": false,
              "skipped": false
            },
            {
              "title": "GET - City",
              "fullTitle": "Sales Order Get API GET - City",
              "timedOut": null,
              "duration": 194,
              "state": "passed",
              "speed": "fast",
              "pass": true,
              "fail": false,
              "pending": false,
              "context": null,
              "code": "cy.request({\n  Method: 'GET',\n  url: BaseURL + 'api/common.php',\n  body: {\n    params: {\n      \"model\": \"City\",\n      \"actionModel\": \"Default\",\n      \"intEmpId\": data.ClientId,\n      \"page\": \"\",\n      \"last_sync_date\": data.LSD,\n      \"appName\": \"order_app\",\n      \"appNameForService\": \"order_app\",\n      \"appVersion\": \"22.52.172\",\n      \"access-token\": data.AccessToken,\n      \"clientId\": data.ClientId,\n      \"action\": \"\",\n      \"requestType\": \"GET\",\n      \"primaryKey\": \"\",\n      \"intCustomerUserId\": 1001,\n      \"intCustomerUserDeviceId\": 0,\n      \"intApplicationId\": 0,\n      \"intDocumentType\": 201\n    }\n  }\n}).then(res => {\n  cy.log(res.body.message);\n  expect(res.status).to.eq(200);\n  expect(res.body.response[0].int_delete_type).to.eq(0);\n  expect(res.body.status).to.eq('success');\n  cy.log(res.body.status);\n  cy.log('Total Records: ' + res.body.total_records);\n  // let numberOfKey = Object.keys(res.body.response[0]).toString()\n  // cy.log(numberOfKey)            \n});",
              "err": {},
              "uuid": "9c7f9b7b-d3a6-40f1-9364-ecdc8234048d",
              "parentUUID": "12d90327-0e6e-4e4f-994a-ca41b2da00fe",
              "isHook": false,
              "skipped": false
            },
            {
              "title": "GET - Employee",
              "fullTitle": "Sales Order Get API GET - Employee",
              "timedOut": null,
              "duration": 235,
              "state": "passed",
              "speed": "fast",
              "pass": true,
              "fail": false,
              "pending": false,
              "context": null,
              "code": "cy.request({\n  Method: 'GET',\n  url: BaseURL + 'api/hcms.php',\n  body: {\n    params: {\n      \"model\": \"Employee\",\n      \"actionModel\": \"Default\",\n      \"intEmpId\": data.ClientId,\n      \"page\": \"\",\n      \"last_sync_date\": data.LSD,\n      \"appName\": \"order_app\",\n      \"appNameForService\": \"order_app\",\n      \"appVersion\": \"22.52.172\",\n      \"access-token\": data.AccessToken,\n      \"clientId\": data.ClientId,\n      \"action\": \"\",\n      \"requestType\": \"GET\",\n      \"primaryKey\": \"\",\n      \"intCustomerUserId\": 1001,\n      \"intCustomerUserDeviceId\": 0,\n      \"intApplicationId\": 0,\n      \"intDocumentType\": 201\n    }\n  }\n}).then(res => {\n  cy.log(res.body.message);\n  expect(res.status).to.eq(200);\n  expect(res.body.response[0].int_delete_type).to.eq(0);\n  expect(res.body.status).to.eq('success');\n  cy.log(res.body.status);\n  cy.log('Total Records: ' + res.body.total_records);\n  // let numberOfKey = Object.keys(res.body.response[0]).toString()\n  // cy.log(numberOfKey)            \n});",
              "err": {},
              "uuid": "dbe9628c-2dd3-49e7-9e70-e02c350f8a74",
              "parentUUID": "12d90327-0e6e-4e4f-994a-ca41b2da00fe",
              "isHook": false,
              "skipped": false
            },
            {
              "title": "GET - State",
              "fullTitle": "Sales Order Get API GET - State",
              "timedOut": null,
              "duration": 283,
              "state": "passed",
              "speed": "fast",
              "pass": true,
              "fail": false,
              "pending": false,
              "context": null,
              "code": "cy.request({\n  Method: 'GET',\n  url: BaseURL + 'api/common.php',\n  body: {\n    params: {\n      \"model\": \"State\",\n      \"actionModel\": \"Default\",\n      \"intEmpId\": data.ClientId,\n      \"page\": \"\",\n      \"last_sync_date\": data.LSD,\n      \"appName\": \"order_app\",\n      \"appNameForService\": \"order_app\",\n      \"appVersion\": \"22.52.172\",\n      \"access-token\": data.AccessToken,\n      \"clientId\": data.ClientId,\n      \"action\": \"\",\n      \"requestType\": \"GET\",\n      \"primaryKey\": \"\",\n      \"intCustomerUserId\": 1001,\n      \"intCustomerUserDeviceId\": 0,\n      \"intApplicationId\": 0,\n      \"intDocumentType\": 201\n    }\n  }\n}).then(res => {\n  cy.log(res.body.message);\n  expect(res.status).to.eq(200);\n  expect(res.body.response[0].int_delete_type).to.eq(0);\n  expect(res.body.status).to.eq('success');\n  cy.log(res.body.status);\n  cy.log('Total Records: ' + res.body.total_records);\n  // let numberOfKey = Object.keys(res.body.response[0]).toString()\n  // cy.log(numberOfKey)            \n});",
              "err": {},
              "uuid": "d835cf66-8166-4ccd-b47e-419972b5ebb3",
              "parentUUID": "12d90327-0e6e-4e4f-994a-ca41b2da00fe",
              "isHook": false,
              "skipped": false
            },
            {
              "title": "GET - Area",
              "fullTitle": "Sales Order Get API GET - Area",
              "timedOut": null,
              "duration": 301,
              "state": "passed",
              "speed": "fast",
              "pass": true,
              "fail": false,
              "pending": false,
              "context": null,
              "code": "cy.request({\n  Method: 'GET',\n  url: BaseURL + 'api/common.php',\n  body: {\n    params: {\n      \"model\": \"Area\",\n      \"actionModel\": \"Default\",\n      \"intEmpId\": data.ClientId,\n      \"page\": \"\",\n      \"last_sync_date\": data.LSD,\n      \"appName\": \"order_app\",\n      \"appNameForService\": \"order_app\",\n      \"appVersion\": \"22.52.172\",\n      \"access-token\": data.AccessToken,\n      \"clientId\": data.ClientId,\n      \"action\": \"\",\n      \"requestType\": \"GET\",\n      \"primaryKey\": \"\",\n      \"intCustomerUserId\": 1001,\n      \"intCustomerUserDeviceId\": 0,\n      \"intApplicationId\": 0,\n      \"intDocumentType\": 201\n    }\n  }\n}).then(res => {\n  cy.log(res.body.message);\n  expect(res.status).to.eq(200);\n  expect(res.body.response[0].int_delete_type).to.eq(0);\n  expect(res.body.status).to.eq('success');\n  cy.log(res.body.status);\n  cy.log('Total Records: ' + res.body.total_records);\n  // let numberOfKey = Object.keys(res.body.response[0]).toString()\n  // cy.log(numberOfKey)            \n});",
              "err": {},
              "uuid": "de7cbce7-0202-4758-b305-55dce40db8a1",
              "parentUUID": "12d90327-0e6e-4e4f-994a-ca41b2da00fe",
              "isHook": false,
              "skipped": false
            },
            {
              "title": "GET - DocumentSeries",
              "fullTitle": "Sales Order Get API GET - DocumentSeries",
              "timedOut": null,
              "duration": 236,
              "state": "passed",
              "speed": "fast",
              "pass": true,
              "fail": false,
              "pending": false,
              "context": null,
              "code": "cy.request({\n  Method: 'GET',\n  url: BaseURL + 'api/common.php',\n  body: {\n    params: {\n      \"model\": \"DocumentSeries\",\n      \"actionModel\": \"Default\",\n      \"intEmpId\": data.ClientId,\n      \"page\": \"\",\n      \"last_sync_date\": data.LSD,\n      \"appName\": \"order_app\",\n      \"appNameForService\": \"order_app\",\n      \"appVersion\": \"22.52.172\",\n      \"access-token\": data.AccessToken,\n      \"clientId\": data.ClientId,\n      \"action\": \"\",\n      \"requestType\": \"GET\",\n      \"primaryKey\": \"\",\n      \"intCustomerUserId\": 1001,\n      \"intCustomerUserDeviceId\": 0,\n      \"intApplicationId\": 0,\n      \"intDocumentType\": 201\n    }\n  }\n}).then(res => {\n  cy.log(res.body.message);\n  expect(res.status).to.eq(200);\n  expect(res.body.response[0].int_delete_type).to.eq(0);\n  expect(res.body.status).to.eq('success');\n  cy.log(res.body.status);\n  cy.log('Total Records: ' + res.body.total_records);\n  // let numberOfKey = Object.keys(res.body.response[0]).toString()\n  // cy.log(numberOfKey)            \n});",
              "err": {},
              "uuid": "ca0445ae-8d81-41eb-87a6-72ff428de280",
              "parentUUID": "12d90327-0e6e-4e4f-994a-ca41b2da00fe",
              "isHook": false,
              "skipped": false
            },
            {
              "title": "GET - Type",
              "fullTitle": "Sales Order Get API GET - Type",
              "timedOut": null,
              "duration": 406,
              "state": "passed",
              "speed": "fast",
              "pass": true,
              "fail": false,
              "pending": false,
              "context": null,
              "code": "cy.request({\n  Method: 'GET',\n  url: BaseURL + 'api/common.php',\n  body: {\n    params: {\n      \"model\": \"Type\",\n      \"actionModel\": \"Default\",\n      \"intEmpId\": data.ClientId,\n      \"page\": \"\",\n      \"last_sync_date\": data.LSD,\n      \"appName\": \"order_app\",\n      \"appNameForService\": \"order_app\",\n      \"appVersion\": \"22.52.172\",\n      \"access-token\": data.AccessToken,\n      \"clientId\": data.ClientId,\n      \"action\": \"\",\n      \"requestType\": \"GET\",\n      \"primaryKey\": \"\",\n      \"intCustomerUserId\": 1001,\n      \"intCustomerUserDeviceId\": 0,\n      \"intApplicationId\": 0,\n      \"intDocumentType\": 201\n    }\n  }\n}).then(res => {\n  cy.log(res.body.message);\n  expect(res.status).to.eq(200);\n  expect(res.body.response[0].int_delete_type).to.eq(0);\n  expect(res.body.status).to.eq('success');\n  cy.log(res.body.status);\n  cy.log('Total Records: ' + res.body.total_records);\n  // let numberOfKey = Object.keys(res.body.response[0]).toString()\n  // cy.log(numberOfKey)            \n});",
              "err": {},
              "uuid": "1f700792-f272-409e-a026-2f9eb2e2940f",
              "parentUUID": "12d90327-0e6e-4e4f-994a-ca41b2da00fe",
              "isHook": false,
              "skipped": false
            },
            {
              "title": "GET - Unit",
              "fullTitle": "Sales Order Get API GET - Unit",
              "timedOut": null,
              "duration": 256,
              "state": "passed",
              "speed": "fast",
              "pass": true,
              "fail": false,
              "pending": false,
              "context": null,
              "code": "cy.request({\n  Method: 'GET',\n  url: BaseURL + 'api/common.php',\n  body: {\n    params: {\n      \"model\": \"Unit\",\n      \"actionModel\": \"Default\",\n      \"intEmpId\": data.ClientId,\n      \"page\": \"\",\n      \"last_sync_date\": data.LSD,\n      \"appName\": \"order_app\",\n      \"appNameForService\": \"order_app\",\n      \"appVersion\": \"22.52.172\",\n      \"access-token\": data.AccessToken,\n      \"clientId\": data.ClientId,\n      \"action\": \"\",\n      \"requestType\": \"GET\",\n      \"primaryKey\": \"\",\n      \"intCustomerUserId\": 1001,\n      \"intCustomerUserDeviceId\": 0,\n      \"intApplicationId\": 0,\n      \"intDocumentType\": 201\n    }\n  }\n}).then(res => {\n  cy.log(res.body.message);\n  expect(res.status).to.eq(200);\n  expect(res.body.response[0].int_delete_type).to.eq(0);\n  expect(res.body.status).to.eq('success');\n  cy.log(res.body.status);\n  cy.log('Total Records: ' + res.body.total_records);\n  // let numberOfKey = Object.keys(res.body.response[0]).toString()\n  // cy.log(numberOfKey)            \n});",
              "err": {},
              "uuid": "ec51fe19-36aa-46fd-9fdf-193cb337044f",
              "parentUUID": "12d90327-0e6e-4e4f-994a-ca41b2da00fe",
              "isHook": false,
              "skipped": false
            },
            {
              "title": "GET - UnitConversion",
              "fullTitle": "Sales Order Get API GET - UnitConversion",
              "timedOut": null,
              "duration": 313,
              "state": "passed",
              "speed": "fast",
              "pass": true,
              "fail": false,
              "pending": false,
              "context": null,
              "code": "cy.request({\n  Method: 'GET',\n  url: BaseURL + 'api/common.php',\n  body: {\n    params: {\n      \"model\": \"UnitConversion\",\n      \"actionModel\": \"Default\",\n      \"intEmpId\": data.ClientId,\n      \"page\": \"\",\n      \"last_sync_date\": data.LSD,\n      \"appName\": \"order_app\",\n      \"appNameForService\": \"order_app\",\n      \"appVersion\": \"22.52.172\",\n      \"access-token\": data.AccessToken,\n      \"clientId\": data.ClientId,\n      \"action\": \"\",\n      \"requestType\": \"GET\",\n      \"primaryKey\": \"\",\n      \"intCustomerUserId\": 1001,\n      \"intCustomerUserDeviceId\": 0,\n      \"intApplicationId\": 0,\n      \"intDocumentType\": 201\n    }\n  }\n}).then(res => {\n  cy.log(res.body.message);\n  expect(res.status).to.eq(200);\n  expect(res.body.response[0].int_delete_type).to.eq(0);\n  expect(res.body.status).to.eq('success');\n  cy.log(res.body.status);\n  cy.log('Total Records: ' + res.body.total_records);\n  // let numberOfKey = Object.keys(res.body.response[0]).toString()\n  // cy.log(numberOfKey)            \n});",
              "err": {},
              "uuid": "a51135a6-b1e0-4653-b4fb-97a7fd6bbc28",
              "parentUUID": "12d90327-0e6e-4e4f-994a-ca41b2da00fe",
              "isHook": false,
              "skipped": false
            },
            {
              "title": "GET - Block",
              "fullTitle": "Sales Order Get API GET - Block",
              "timedOut": null,
              "duration": 298,
              "state": "passed",
              "speed": "fast",
              "pass": true,
              "fail": false,
              "pending": false,
              "context": null,
              "code": "cy.request({\n  Method: 'GET',\n  url: BaseURL + 'api/common.php',\n  body: {\n    params: {\n      \"model\": \"Block\",\n      \"actionModel\": \"Default\",\n      \"intEmpId\": data.ClientId,\n      \"page\": \"\",\n      \"last_sync_date\": data.LSD,\n      \"appName\": \"order_app\",\n      \"appNameForService\": \"order_app\",\n      \"appVersion\": \"22.52.172\",\n      \"access-token\": data.AccessToken,\n      \"clientId\": data.ClientId,\n      \"action\": \"\",\n      \"requestType\": \"GET\",\n      \"primaryKey\": \"\",\n      \"intCustomerUserId\": 1001,\n      \"intCustomerUserDeviceId\": 0,\n      \"intApplicationId\": 0,\n      \"intDocumentType\": 201\n    }\n  }\n}).then(res => {\n  cy.log(res.body.message);\n  expect(res.status).to.eq(200);\n  expect(res.body.response[0].int_delete_type).to.eq(0);\n  expect(res.body.status).to.eq('success');\n  cy.log(res.body.status);\n  cy.log('Total Records: ' + res.body.total_records);\n  // let numberOfKey = Object.keys(res.body.response[0]).toString()\n  // cy.log(numberOfKey)            \n});",
              "err": {},
              "uuid": "936298d2-6d3f-4549-b57a-a5fd396a32fb",
              "parentUUID": "12d90327-0e6e-4e4f-994a-ca41b2da00fe",
              "isHook": false,
              "skipped": false
            },
            {
              "title": "GET - Country",
              "fullTitle": "Sales Order Get API GET - Country",
              "timedOut": null,
              "duration": 313,
              "state": "passed",
              "speed": "fast",
              "pass": true,
              "fail": false,
              "pending": false,
              "context": null,
              "code": "cy.request({\n  Method: 'GET',\n  url: BaseURL + 'api/common.php',\n  body: {\n    params: {\n      \"model\": \"Country\",\n      \"actionModel\": \"Default\",\n      \"intEmpId\": data.ClientId,\n      \"page\": \"\",\n      \"last_sync_date\": data.LSD,\n      \"appName\": \"order_app\",\n      \"appNameForService\": \"order_app\",\n      \"appVersion\": \"22.52.172\",\n      \"access-token\": data.AccessToken,\n      \"clientId\": data.ClientId,\n      \"action\": \"\",\n      \"requestType\": \"GET\",\n      \"primaryKey\": \"\",\n      \"intCustomerUserId\": 1001,\n      \"intCustomerUserDeviceId\": 0,\n      \"intApplicationId\": 0,\n      \"intDocumentType\": 201\n    }\n  }\n}).then(res => {\n  cy.log(res.body.message);\n  expect(res.status).to.eq(200);\n  expect(res.body.response[0].int_delete_type).to.eq(0);\n  expect(res.body.status).to.eq('success');\n  cy.log(res.body.status);\n  cy.log('Total Records: ' + res.body.total_records);\n  // let numberOfKey = Object.keys(res.body.response[0]).toString()\n  // cy.log(numberOfKey)            \n});",
              "err": {},
              "uuid": "bbfdf7ef-bd04-4c7c-a5f8-3168708e337c",
              "parentUUID": "12d90327-0e6e-4e4f-994a-ca41b2da00fe",
              "isHook": false,
              "skipped": false
            },
            {
              "title": "GET - Organisation",
              "fullTitle": "Sales Order Get API GET - Organisation",
              "timedOut": null,
              "duration": 402,
              "state": "passed",
              "speed": "fast",
              "pass": true,
              "fail": false,
              "pending": false,
              "context": null,
              "code": "cy.request({\n  Method: 'GET',\n  url: BaseURL + 'api/common.php',\n  body: {\n    params: {\n      \"model\": \"Organisation\",\n      \"actionModel\": \"Default\",\n      \"intEmpId\": data.intEmpId,\n      \"page\": \"\",\n      \"last_sync_date\": data.LSD,\n      \"appName\": \"order_app\",\n      \"appNameForService\": \"order_app\",\n      \"appVersion\": \"22.52.172\",\n      \"access-token\": data.AccessToken,\n      \"clientId\": data.ClientId,\n      \"action\": \"\",\n      \"requestType\": \"GET\",\n      \"primaryKey\": \"\",\n      \"intCustomerUserId\": 1001,\n      \"intCustomerUserDeviceId\": 0,\n      \"intApplicationId\": 0,\n      \"expand\": \"tbl_address#int_address_id,tbl_address#int_address_id.tbl_city#int_city_id,tbl_address#int_address_id.tbl_city#int_tehsil_city_id,tbl_branch_regn#int_branch_id\",\n      \"blShowUserBranch\": true\n    }\n  }\n}).then(res => {\n  cy.log(res.body.message);\n  expect(res.status).to.eq(200);\n  expect(res.body.response[0].int_delete_type).to.eq(0);\n  expect(res.body.status).to.eq('success');\n  cy.log(res.body.status);\n  cy.log('Total Records: ' + res.body.total_records);\n  // let numberOfKey = Object.keys(res.body.response[0]).toString()\n  // cy.log(numberOfKey)            \n});",
              "err": {},
              "uuid": "475623eb-2ba7-416b-b61e-9ded257358b3",
              "parentUUID": "12d90327-0e6e-4e4f-994a-ca41b2da00fe",
              "isHook": false,
              "skipped": false
            },
            {
              "title": "GET - Branch",
              "fullTitle": "Sales Order Get API GET - Branch",
              "timedOut": null,
              "duration": 301,
              "state": "passed",
              "speed": "fast",
              "pass": true,
              "fail": false,
              "pending": false,
              "context": null,
              "code": "cy.request({\n  Method: 'GET',\n  url: BaseURL + 'api/common.php',\n  body: {\n    params: {\n      \"model\": \"Branch\",\n      \"actionModel\": \"Default\",\n      \"intEmpId\": data.intEmpId,\n      \"page\": \"\",\n      \"last_sync_date\": data.LSD,\n      \"appName\": \"order_app\",\n      \"appNameForService\": \"order_app\",\n      \"appVersion\": \"22.52.172\",\n      \"access-token\": data.AccessToken,\n      \"clientId\": data.ClientId,\n      \"action\": \"\",\n      \"requestType\": \"GET\",\n      \"primaryKey\": \"\",\n      \"intCustomerUserId\": 1001,\n      \"intCustomerUserDeviceId\": 0,\n      \"intApplicationId\": 0,\n      \"expand\": \"tbl_address#int_address_id,tbl_address#int_address_id.tbl_city#int_city_id,tbl_address#int_address_id.tbl_city#int_tehsil_city_id,tbl_branch_regn#int_branch_id\",\n      \"blShowUserBranch\": true\n    }\n  }\n}).then(res => {\n  cy.log(res.body.message);\n  expect(res.status).to.eq(200);\n  expect(res.body.response[0].int_delete_type).to.eq(0);\n  expect(res.body.status).to.eq('success');\n  cy.log(res.body.status);\n  cy.log('Total Records: ' + res.body.total_records);\n  // let numberOfKey = Object.keys(res.body.response[0]).toString()\n  // cy.log(numberOfKey)            \n});",
              "err": {},
              "uuid": "054644bd-1452-43af-acd0-cb2ad0108cc3",
              "parentUUID": "12d90327-0e6e-4e4f-994a-ca41b2da00fe",
              "isHook": false,
              "skipped": false
            },
            {
              "title": "GET - OrganisationRegn",
              "fullTitle": "Sales Order Get API GET - OrganisationRegn",
              "timedOut": null,
              "duration": 306,
              "state": "passed",
              "speed": "fast",
              "pass": true,
              "fail": false,
              "pending": false,
              "context": null,
              "code": "cy.request({\n  Method: 'GET',\n  url: BaseURL + 'api/common.php',\n  body: {\n    params: {\n      \"model\": \"OrganisationRegn\",\n      \"actionModel\": \"Default\",\n      \"intEmpId\": data.intEmpId,\n      \"page\": \"\",\n      \"last_sync_date\": data.LSD,\n      \"appName\": \"order_app\",\n      \"appNameForService\": \"order_app\",\n      \"appVersion\": \"22.52.172\",\n      \"access-token\": data.AccessToken,\n      \"clientId\": data.ClientId,\n      \"action\": \"\",\n      \"requestType\": \"GET\",\n      \"primaryKey\": \"\",\n      \"intCustomerUserId\": 1001,\n      \"intCustomerUserDeviceId\": 0,\n      \"intApplicationId\": 0\n    }\n  }\n}).then(res => {\n  cy.log(res.body.message);\n  expect(res.status).to.eq(200);\n  expect(res.body.response[0].int_delete_type).to.eq(0);\n  expect(res.body.status).to.eq('success');\n  cy.log(res.body.status);\n  cy.log('Total Records: ' + res.body.total_records);\n  // let numberOfKey = Object.keys(res.body.response[0]).toString()\n  // cy.log(numberOfKey)            \n});",
              "err": {},
              "uuid": "cf0b6d32-05d7-494d-821e-7133acf33687",
              "parentUUID": "12d90327-0e6e-4e4f-994a-ca41b2da00fe",
              "isHook": false,
              "skipped": false
            },
            {
              "title": "GET - DocumentHead",
              "fullTitle": "Sales Order Get API GET - DocumentHead",
              "timedOut": null,
              "duration": 301,
              "state": "passed",
              "speed": "fast",
              "pass": true,
              "fail": false,
              "pending": false,
              "context": null,
              "code": "cy.request({\n  Method: 'GET',\n  url: BaseURL + 'api/common.php',\n  body: {\n    params: {\n      \"model\": \"DocumentHead\",\n      \"actionModel\": \"Default\",\n      \"intEmpId\": data.intEmpId,\n      \"page\": \"\",\n      \"last_sync_date\": data.LSD,\n      \"appName\": \"order_app\",\n      \"appNameForService\": \"order_app\",\n      \"appVersion\": \"22.52.172\",\n      \"access-token\": data.AccessToken,\n      \"clientId\": data.ClientId,\n      \"action\": \"\",\n      \"requestType\": \"GET\",\n      \"primaryKey\": \"\",\n      \"intCustomerUserId\": 1001,\n      \"intCustomerUserDeviceId\": 0,\n      \"intApplicationId\": 0,\n      \"expand\": \"tbl_document_head_value#int_document_head_id\"\n    }\n  }\n}).then(res => {\n  cy.log(res.body.message);\n  expect(res.status).to.eq(200);\n  expect(res.body.response[0].int_delete_type).to.eq(0);\n  expect(res.body.status).to.eq('success');\n  cy.log(res.body.status);\n  cy.log('Total Records: ' + res.body.total_records);\n  // let numberOfKey = Object.keys(res.body.response[0]).toString()\n  // cy.log(numberOfKey)            \n});",
              "err": {},
              "uuid": "064c6be6-b7bd-4d3c-aad3-511f4e13ac89",
              "parentUUID": "12d90327-0e6e-4e4f-994a-ca41b2da00fe",
              "isHook": false,
              "skipped": false
            },
            {
              "title": "GET - AccountGroup",
              "fullTitle": "Sales Order Get API GET - AccountGroup",
              "timedOut": null,
              "duration": 305,
              "state": "passed",
              "speed": "fast",
              "pass": true,
              "fail": false,
              "pending": false,
              "context": null,
              "code": "cy.request({\n  Method: 'GET',\n  url: BaseURL + 'api/account.php',\n  body: {\n    params: {\n      \"model\": \"AccountGroup\",\n      \"actionModel\": \"Default\",\n      \"intEmpId\": data.intEmpId,\n      \"page\": \"\",\n      \"last_sync_date\": data.LSD,\n      \"appName\": \"order_app\",\n      \"appNameForService\": \"order_app\",\n      \"appVersion\": \"22.52.172\",\n      \"access-token\": data.AccessToken,\n      \"clientId\": data.ClientId,\n      \"action\": \"\",\n      \"requestType\": \"GET\",\n      \"primaryKey\": \"\",\n      \"intCustomerUserId\": 1001,\n      \"intCustomerUserDeviceId\": 0,\n      \"intApplicationId\": 0\n    }\n  }\n}).then(res => {\n  cy.log(res.body.message);\n  expect(res.status).to.eq(200);\n  expect(res.body.response[0].int_delete_type).to.eq(0);\n  expect(res.body.status).to.eq('success');\n  cy.log(res.body.status);\n  cy.log('Total Records: ' + res.body.total_records);\n  // let numberOfKey = Object.keys(res.body.response[0]).toString()\n  // cy.log(numberOfKey)            \n});",
              "err": {},
              "uuid": "eab4a764-c90a-4fb4-8dfc-f801bdda06e8",
              "parentUUID": "12d90327-0e6e-4e4f-994a-ca41b2da00fe",
              "isHook": false,
              "skipped": false
            },
            {
              "title": "GET - Order",
              "fullTitle": "Sales Order Get API GET - Order",
              "timedOut": null,
              "duration": 313,
              "state": "passed",
              "speed": "fast",
              "pass": true,
              "fail": false,
              "pending": false,
              "context": null,
              "code": "cy.request({\n  Method: 'GET',\n  url: BaseURL + 'api/scms.php',\n  body: {\n    params: {\n      \"model\": \"Order\",\n      \"actionModel\": \"Default\",\n      \"intEmpId\": data.intEmpId,\n      \"page\": \"\",\n      \"last_sync_date\": data.LSD,\n      \"appName\": \"order_app\",\n      \"appNameForService\": \"order_app\",\n      \"appVersion\": \"20.51.96\",\n      \"access-token\": data.AccessToken,\n      \"clientId\": data.ClientId,\n      \"action\": \"\",\n      \"requestType\": \"GET\",\n      \"primaryKey\": \"\",\n      \"intCustomerUserId\": 2,\n      \"intCustomerUserDeviceId\": 0,\n      \"intApplicationId\": 0,\n      \"expand\": \"tbl_address#int_address_id, tbl_address#int_billing_address_id, tbl_address#int_shipping_address_id, tbl_party_regn#int_party_id, tbl_party_organisation#int_party_id, tbl_party_branch#int_party_id, tbl_party_branch_tax_category#int_party_id, tbl_party_employee#int_party_id\"\n    }\n  }\n}).then(res => {\n  expect(res.status).to.eq(200);\n  expect(res.body.response[0].int_document_type).to.eq(201);\n  expect(res.body.status).to.eq('success');\n  cy.log(res.body.status);\n  cy.log(res.body.total_records);\n  // let numberOfKey = Object.keys(res.body.response[0]).toString()\n  // cy.log(numberOfKey)\n});",
              "err": {},
              "uuid": "84053fcf-10e0-4ea9-aa2a-c6bb1bbd0622",
              "parentUUID": "12d90327-0e6e-4e4f-994a-ca41b2da00fe",
              "isHook": false,
              "skipped": false
            },
            {
              "title": "GET - Scheme",
              "fullTitle": "Sales Order Get API GET - Scheme",
              "timedOut": null,
              "duration": 399,
              "state": "passed",
              "speed": "fast",
              "pass": true,
              "fail": false,
              "pending": false,
              "context": null,
              "code": "cy.request({\n  Method: 'GET',\n  url: BaseURL + 'api/scms.php',\n  body: {\n    params: {\n      \"model\": \"Scheme\",\n      \"actionModel\": \"Default\",\n      \"intEmpId\": data.intEmpId,\n      \"page\": \"\",\n      \"last_sync_date\": data.LSD,\n      \"appName\": \"order_app\",\n      \"appNameForService\": \"order_app\",\n      \"appVersion\": \"21.51.125\",\n      \"access-token\": data.AccessToken,\n      \"clientId\": data.ClientId,\n      \"action\": \"\",\n      \"requestType\": \"GET\",\n      \"primaryKey\": \"\",\n      \"intCustomerUserId\": 1010,\n      \"intCustomerUserDeviceId\": 0,\n      \"intApplicationId\": 0\n    }\n  }\n}).then(res => {\n  expect(res.status).to.eq(200);\n  expect(res.body.response[0].int_delete_type).to.eq(0);\n  expect(res.body.status).to.eq('success');\n  cy.log(res.body.status);\n  cy.log(res.body.total_records);\n  // let numberOfKey = Object.keys(res.body.response[0]).toString()\n  // cy.log(numberOfKey)            \n});",
              "err": {},
              "uuid": "e18724b9-844e-4a59-80d5-25b8d5cb1667",
              "parentUUID": "12d90327-0e6e-4e4f-994a-ca41b2da00fe",
              "isHook": false,
              "skipped": false
            },
            {
              "title": "GET - PartyGroupMember",
              "fullTitle": "Sales Order Get API GET - PartyGroupMember",
              "timedOut": null,
              "duration": 254,
              "state": "passed",
              "speed": "fast",
              "pass": true,
              "fail": false,
              "pending": false,
              "context": null,
              "code": "cy.request({\n  Method: 'GET',\n  url: BaseURL + 'api/common.php',\n  body: {\n    params: {\n      \"model\": \"PartyGroupMember\",\n      \"actionModel\": \"Default\",\n      \"intEmpId\": data.intEmpId,\n      \"page\": \"\",\n      \"last_sync_date\": data.LSD,\n      \"appName\": \"order_app\",\n      \"appNameForService\": \"eSATHI\",\n      \"appVersion\": \"22.44.169\",\n      \"access-token\": data.AccessToken,\n      \"clientId\": data.ClientId,\n      \"action\": \"\",\n      \"requestType\": \"GET\",\n      \"primaryKey\": \"\",\n      \"intCustomerUserId\": 694,\n      \"intCustomerUserDeviceId\": 0,\n      \"intApplicationId\": 0\n    }\n  }\n}).then(res => {\n  expect(res.status).to.eq(200);\n  expect(res.body.response[0].int_delete_type).to.eq(0);\n  expect(res.body.status).to.eq('success');\n  cy.log(res.body.status);\n  cy.log(res.body.total_records);\n  // let numberOfKey = Object.keys(res.body.response[0]).toString()\n  // cy.log(numberOfKey)            \n});",
              "err": {},
              "uuid": "8b41b628-a408-4c29-b040-563748b1e002",
              "parentUUID": "12d90327-0e6e-4e4f-994a-ca41b2da00fe",
              "isHook": false,
              "skipped": false
            },
            {
              "title": "GET - ProductSetMember",
              "fullTitle": "Sales Order Get API GET - ProductSetMember",
              "timedOut": null,
              "duration": 353,
              "state": "passed",
              "speed": "fast",
              "pass": true,
              "fail": false,
              "pending": false,
              "context": null,
              "code": "cy.request({\n  Method: 'GET',\n  url: BaseURL + 'api/common.php',\n  body: {\n    params: {\n      \"model\": \"ProductSetMember\",\n      \"actionModel\": \"Default\",\n      \"intEmpId\": data.intEmpId,\n      \"page\": \"\",\n      \"last_sync_date\": data.LSD,\n      \"appName\": \"order_app\",\n      \"appNameForService\": \"eSATHI\",\n      \"appVersion\": \"22.44.169\",\n      \"access-token\": data.AccessToken,\n      \"clientId\": data.ClientId,\n      \"action\": \"\",\n      \"requestType\": \"GET\",\n      \"primaryKey\": \"\",\n      \"intCustomerUserId\": 1001,\n      \"intCustomerUserDeviceId\": 0,\n      \"intApplicationId\": 0\n    }\n  }\n}).then(res => {\n  expect(res.status).to.eq(200);\n  expect(res.body.response[0].int_delete_type).to.eq(0);\n  expect(res.body.status).to.eq('success');\n  cy.log(res.body.status);\n  cy.log(res.body.total_records);\n  // let numberOfKey = Object.keys(res.body.response[0]).toString()\n  // cy.log(numberOfKey)            \n});",
              "err": {},
              "uuid": "bbb8ad30-33ee-41d0-88e9-8701ab2f36bb",
              "parentUUID": "12d90327-0e6e-4e4f-994a-ca41b2da00fe",
              "isHook": false,
              "skipped": false
            },
            {
              "title": "GET - ProductRateTemplate",
              "fullTitle": "Sales Order Get API GET - ProductRateTemplate",
              "timedOut": null,
              "duration": 309,
              "state": "passed",
              "speed": "fast",
              "pass": true,
              "fail": false,
              "pending": false,
              "context": null,
              "code": "cy.request({\n  Method: 'GET',\n  url: BaseURL + 'api/common.php',\n  body: {\n    params: {\n      \"model\": \"ProductRateTemplate\",\n      \"actionModel\": \"ProductRateTemplate\",\n      \"intEmpId\": data.intEmpId,\n      \"page\": \"\",\n      \"last_sync_date\": data.LSD,\n      \"appName\": \"order_app\",\n      \"appNameForService\": \"eSATHI\",\n      \"appVersion\": \"22.44.169\",\n      \"access-token\": data.AccessToken,\n      \"clientId\": data.ClientId,\n      \"action\": \"\",\n      \"requestType\": \"GET\",\n      \"primaryKey\": \"\",\n      \"intCustomerUserId\": 694,\n      \"intCustomerUserDeviceId\": 0,\n      \"intApplicationId\": 0,\n      \"int_rate_type\": 1,\n      \"expand\": \"tbl_product_rate_template_party#int_product_rate_template_id\"\n    }\n  }\n}).then(res => {\n  expect(res.status).to.eq(200);\n  expect(res.body.response[0].int_delete_type).to.eq(0);\n  expect(res.body.status).to.eq('success');\n  cy.log(res.body.message);\n  cy.log(res.body.status);\n  cy.log(res.body.total_records);\n  // let numberOfKey = Object.keys(res.body.response[0]).toString()\n  // cy.log(numberOfKey)\n});",
              "err": {},
              "uuid": "ea854b96-4679-40ce-9aea-92dd1428f47e",
              "parentUUID": "12d90327-0e6e-4e4f-994a-ca41b2da00fe",
              "isHook": false,
              "skipped": false
            },
            {
              "title": "GET - ProductRateTemplateProduct",
              "fullTitle": "Sales Order Get API GET - ProductRateTemplateProduct",
              "timedOut": null,
              "duration": 300,
              "state": "passed",
              "speed": "fast",
              "pass": true,
              "fail": false,
              "pending": false,
              "context": null,
              "code": "cy.request({\n  Method: 'GET',\n  url: BaseURL + 'api/common.php',\n  body: {\n    params: {\n      \"model\": \"ProductRateTemplateProduct\",\n      \"actionModel\": \"ProductRateTemplateProduct\",\n      \"intEmpId\": data.intEmpId,\n      \"page\": \"\",\n      \"last_sync_date\": data.LSD,\n      \"appName\": \"order_app\",\n      \"appNameForService\": \"eSATHI\",\n      \"appVersion\": \"22.44.169\",\n      \"access-token\": data.AccessToken,\n      \"clientId\": data.ClientId,\n      \"action\": \"\",\n      \"requestType\": \"GET\",\n      \"primaryKey\": \"\",\n      \"intCustomerUserId\": 694,\n      \"intCustomerUserDeviceId\": 0,\n      \"intApplicationId\": 0,\n      \"int_rate_type\": 1\n    }\n  }\n}).then(res => {\n  expect(res.status).to.eq(200);\n  expect(res.body.response[0].int_delete_type).to.eq(0);\n  expect(res.body.status).to.eq('success');\n  cy.log(res.body.status);\n  cy.log(res.body.total_records);\n  // let numberOfKey = Object.keys(res.body.response[0]).toString()\n  // cy.log(numberOfKey)            \n});",
              "err": {},
              "uuid": "2b889d39-2f0a-4ca0-9235-80b9d3bb9ebe",
              "parentUUID": "12d90327-0e6e-4e4f-994a-ca41b2da00fe",
              "isHook": false,
              "skipped": false
            },
            {
              "title": "GET - TaxCategory",
              "fullTitle": "Sales Order Get API GET - TaxCategory",
              "timedOut": null,
              "duration": 312,
              "state": "passed",
              "speed": "fast",
              "pass": true,
              "fail": false,
              "pending": false,
              "context": null,
              "code": "cy.request({\n  Method: 'GET',\n  url: BaseURL + 'api/common.php',\n  body: {\n    params: {\n      \"model\": \"TaxCategory\",\n      \"actionModel\": \"Default\",\n      \"intEmpId\": data.intEmpId,\n      \"page\": \"\",\n      \"last_sync_date\": data.LSD,\n      \"appName\": \"order_app\",\n      \"appNameForService\": \"eSATHI\",\n      \"appVersion\": \"22.44.169\",\n      \"access-token\": data.AccessToken,\n      \"clientId\": data.ClientId,\n      \"action\": \"\",\n      \"requestType\": \"GET\",\n      \"primaryKey\": \"\",\n      \"intCustomerUserId\": 694,\n      \"intCustomerUserDeviceId\": 0,\n      \"intApplicationId\": 0\n    }\n  }\n}).then(res => {\n  expect(res.status).to.eq(200);\n  expect(res.body.response[0].int_delete_type).to.eq(0);\n  expect(res.body.status).to.eq('success');\n  cy.log(res.body.status);\n  cy.log(res.body.total_records);\n  // let numberOfKey = Object.keys(res.body.response[0]).toString()\n  // cy.log(numberOfKey)            \n});",
              "err": {},
              "uuid": "1151fbb5-146d-4f66-921e-98f9868dd0b6",
              "parentUUID": "12d90327-0e6e-4e4f-994a-ca41b2da00fe",
              "isHook": false,
              "skipped": false
            }
          ],
          "suites": [],
          "passes": [
            "b7083f0d-5c7a-444d-bdba-3c55479a5ccb",
            "f082e9fa-06a2-491e-aa93-cec073b990a8",
            "ad1deb46-66a3-4f06-b8c4-3efd769676dd",
            "89cacc29-ad4b-4d26-9e59-9fd475a2426b",
            "265fe6d1-ea66-4bba-bfc8-93f765e7a455",
            "d7779979-cedc-4628-a9b6-d34224b7097f",
            "42fe11e1-30cd-4feb-b8ce-f47d9a0bc8c9",
            "ea07d620-9185-4e41-95f9-f35f873db7c9",
            "6f899366-4a1e-4fa1-9f99-5f0cd81b03d2",
            "adbfab3b-1177-4ca0-a506-49cf7aac8f0f",
            "48ab9691-9a9f-4e4a-adf9-38fdd908798b",
            "9c7f9b7b-d3a6-40f1-9364-ecdc8234048d",
            "dbe9628c-2dd3-49e7-9e70-e02c350f8a74",
            "d835cf66-8166-4ccd-b47e-419972b5ebb3",
            "de7cbce7-0202-4758-b305-55dce40db8a1",
            "ca0445ae-8d81-41eb-87a6-72ff428de280",
            "1f700792-f272-409e-a026-2f9eb2e2940f",
            "ec51fe19-36aa-46fd-9fdf-193cb337044f",
            "a51135a6-b1e0-4653-b4fb-97a7fd6bbc28",
            "936298d2-6d3f-4549-b57a-a5fd396a32fb",
            "bbfdf7ef-bd04-4c7c-a5f8-3168708e337c",
            "475623eb-2ba7-416b-b61e-9ded257358b3",
            "054644bd-1452-43af-acd0-cb2ad0108cc3",
            "cf0b6d32-05d7-494d-821e-7133acf33687",
            "064c6be6-b7bd-4d3c-aad3-511f4e13ac89",
            "eab4a764-c90a-4fb4-8dfc-f801bdda06e8",
            "84053fcf-10e0-4ea9-aa2a-c6bb1bbd0622",
            "e18724b9-844e-4a59-80d5-25b8d5cb1667",
            "8b41b628-a408-4c29-b040-563748b1e002",
            "bbb8ad30-33ee-41d0-88e9-8701ab2f36bb",
            "ea854b96-4679-40ce-9aea-92dd1428f47e",
            "2b889d39-2f0a-4ca0-9235-80b9d3bb9ebe",
            "1151fbb5-146d-4f66-921e-98f9868dd0b6"
          ],
          "failures": [],
          "pending": [],
          "skipped": [],
          "duration": 44572,
          "root": false,
          "rootEmpty": false,
          "_timeout": 2000
        }
      ],
      "passes": [],
      "failures": [],
      "pending": [],
      "skipped": [],
      "duration": 0,
      "root": true,
      "rootEmpty": true,
      "_timeout": 2000
    }
  ],
  "meta": {
    "mocha": {
      "version": "7.0.1"
    },
    "mochawesome": {
      "options": {
        "quiet": false,
        "reportFilename": "mochawesome",
        "saveHtml": false,
        "saveJson": true,
        "consoleReporter": "spec",
        "useInlineDiffs": false,
        "code": true
      },
      "version": "7.1.3"
    },
    "marge": {
      "options": {
        "charts": true,
        "overwrite": false,
        "html": false,
        "json": true,
        "reportDir": "cypress/report/mochawesome-report"
      },
      "version": "6.2.0"
    }
  }
}