{
  "stats": {
    "suites": 2,
    "tests": 2,
    "passes": 0,
    "pending": 5,
    "failures": -3,
    "start": "2023-02-17T04:56:51.828Z",
    "end": "2023-02-17T04:56:52.051Z",
    "duration": 223,
    "testsRegistered": 5,
    "passPercent": null,
    "pendingPercent": 100,
    "other": 3,
    "hasOther": true,
    "skipped": 5,
    "hasSkipped": true
  },
  "results": [
    {
      "uuid": "2313deb7-5d6e-4be2-98f6-7763b5b5c09b",
      "title": "",
      "fullFile": "cypress/e2e/WebApplications/Checko.cy.js",
      "file": "cypress/e2e/WebApplications/Checko.cy.js",
      "beforeHooks": [],
      "afterHooks": [],
      "tests": [],
      "suites": [
        {
          "uuid": "6e25db81-5b04-46a9-a6e6-0eecc2406a30",
          "title": "db-Xpert",
          "fullFile": "",
          "file": "",
          "beforeHooks": [],
          "afterHooks": [],
          "tests": [
            {
              "title": "Documents - Mobile",
              "fullTitle": "db-Xpert Documents - Mobile",
              "timedOut": null,
              "duration": 0,
              "state": "pending",
              "speed": null,
              "pass": false,
              "fail": false,
              "pending": false,
              "context": null,
              "code": "cy.visit(QAServer + 'Administration/index.php/documents/mobile-index');\ncy.get('ul[class=list_ul]>li').each(function ($ele, index) {\n  var liCount = parseInt(index) + parseInt(1);\n  cy.get('.list_ul > :nth-child(' + liCount + ') > a').invoke('removeAttr', 'target').click();\n  cy.wait(500);\n  //  cy.get('body').should('not.contain','The requested URL was not found on this server.')\n  cy.visit(QAServer + 'Administration/index.php/documents/mobile-index');\n});",
              "err": {},
              "uuid": "eb45e0d5-8645-4814-b0fa-6776fac33d3b",
              "parentUUID": "6e25db81-5b04-46a9-a6e6-0eecc2406a30",
              "isHook": false,
              "skipped": true
            }
          ],
          "suites": [],
          "passes": [],
          "failures": [],
          "pending": [],
          "skipped": [
            "eb45e0d5-8645-4814-b0fa-6776fac33d3b"
          ],
          "duration": 0,
          "root": false,
          "rootEmpty": false,
          "_timeout": 2000
        },
        {
          "uuid": "abd99f03-2b77-4caa-843b-c064883edbe5",
          "title": "Stock Transfer",
          "fullFile": "",
          "file": "",
          "beforeHooks": [],
          "afterHooks": [],
          "tests": [
            {
              "title": "Stock Transfer Request",
              "fullTitle": "Stock Transfer Stock Transfer Request",
              "timedOut": null,
              "duration": 0,
              "state": "pending",
              "speed": null,
              "pass": false,
              "fail": false,
              "pending": false,
              "context": null,
              "code": "cy.visit(QAServer + 'Inventory/index.php/Saarthi/indent-order/index');\ncy.wait(500);\ncy.get('#addButton').click({\n  force: true\n});\ncy.get('#select2-indentorder-int_request_to_employee_id-container').click();\ncy.get('li[role=option]').each(function ($ele, index) {\n  if ($ele.text() === 'Abhishek Tyagi | Meerut | ICT') {\n    cy.wrap($ele).click();\n  } else {\n    cy.log('not found');\n  }\n});\ncy.get('#indentorder-int_indent_order_type').select(5);\ncy.get('#select2-indentorder-int_bill_to_branch_id-container').click();\ncy.get('li[role=option]').each(function ($ele, index) {\n  if ($ele.text() === 'VEW - Dehradun (Branch)') {\n    cy.wrap($ele).click();\n  } else {\n    cy.log('not found');\n  }\n});\ncy.get('.modal-footer > .btn').click();\ncy.get('.view > .text-dark > .svg-inline--fa').click();\ncy.get('#select2-indentorderdetail-0-int_product_id-container').click();\ncy.get('li[role=option]').each(function ($ele) {\n  cy.log($ele.text());\n  if ($ele.text() === Select_product) {\n    cy.wrap($ele).click();\n  } else {\n    cy.log('not found');\n  }\n});\ncy.get('#select2-indentorderdetail-0-int_product_pack_id-container').click();\ncy.get('li[role=option]').each(function ($ele, index, list) {\n  //Below will do assertion and check if list contains the product pack\n  //cy.log($ele.text()).should('contain', 'DAP')\n  if ($ele.text() === Select_pack) {\n    cy.wrap($ele).click();\n  } else {\n    cy.log('not found');\n  }\n});\ncy.get('#indentorderdetail-0-dbl_quantity').clear().type('2');\ncy.get('#submitBtn').click({\n  force: true\n});\n// change status\ncy.wait(2000);\ncy.get('.font-size-lg > .view > .svg-inline--fa > path').click({\n  force: true\n});\n//Change status to final\ncy.get('.field-indentorder-int_status_type > .select2 > .selection > .select2-selection').click();\ncy.get('li[role=option]').each(function ($ele, index) {\n  cy.log($ele.text());\n  if ($ele.text() === 'Final') {\n    cy.wrap($ele).click();\n    cy.get('#submitBtn').click();\n  } else {\n    cy.log('not found');\n  }\n});\ncy.wait(2000);\ncy.get('.font-size-lg > .view > .svg-inline--fa > path').click({\n  force: true\n});\ncy.get('.field-indentorder-int_status_type > .select2 > .selection > .select2-selection').click();\ncy.get('li[role=option]').each(function ($ele, index) {\n  cy.log($ele.text());\n  if ($ele.text() === 'Approved') {\n    cy.wrap($ele).click();\n    cy.get('#submitBtn').click();\n  } else {\n    cy.log('not found');\n  }\n});\ncy.wait(2000);\n// below code is for getting the STR number from list\ncy.get('.btn-default').click({\n  force: true\n});\ncy.get('.summary > :nth-child(2)').each(function ($ele) {\n  var x = parseInt($ele.text());\n  cy.log(x);\n  cy.get('tr[data-key=' + x + '] > [data-col-seq=\"3\"] > a').each(function ($ele) {\n    STR_Number = $ele.text();\n    cy.log(STR_Number);\n    cy.wait(2000);\n  });\n});",
              "err": {},
              "uuid": "5838e9c3-7533-4999-9a1e-397945f59de9",
              "parentUUID": "abd99f03-2b77-4caa-843b-c064883edbe5",
              "isHook": false,
              "skipped": true
            },
            {
              "title": "Stock Transfer Dispatch",
              "fullTitle": "Stock Transfer Stock Transfer Dispatch",
              "timedOut": null,
              "duration": 0,
              "state": "pending",
              "speed": null,
              "pass": false,
              "fail": false,
              "pending": false,
              "context": null,
              "code": "cy.visit(QAServer + '/Inventory/index.php/delivery/index');\ncy.wait(500);\ncy.get('.top_btn > .view').click({\n  force: true\n});\ncy.get('#freight-int_vehicle_source_type').select('Self');\ncy.get('#delivery-int_vehicle_type').select('Truck');\ncy.get('#submitBtn').click();\ncy.get('.top_btn > .view').click();\n//cy.get(':nth-child(2) > :nth-child(2) > .input-group > .form-control').type('[VEW-PTPR]-22-23/00018')\ncy.get('[class=\"indent-checkbox\"]').first().check({\n  force: true\n});\ncy.get('td.dispatch-branch > select.dispatch').select('VEW - Partapur (Head office)');\ncy.get('td.warehouse-branch > select.warehouse').select('VEW - Partapur (Head office)');\ncy.get('#submitBtn').click({\n  force: true\n});\ncy.wait(1000);\ncy.get('.box-header > .d-flex > :nth-child(3) > .badge > [data-bs-toggle=\"tooltip\"]').each(function ($ele) {\n  ChallanNumber = $ele.text();\n  cy.log(ChallanNumber);\n  cy.wait(2000);\n});\n//Change status to final \ncy.get('.font-size-lg > .view > .svg-inline--fa > path').click({\n  force: true\n});\ncy.get('#select2-delivery-int_status_type-container').click();\ncy.get('li[role=option]').each(function ($ele, index) {\n  if ($ele.text() === 'Final') {\n    cy.wrap($ele).click();\n    cy.get('#submitBtn').click();\n  } else {\n    cy.log('not found');\n  }\n});\ncy.wait(2000);\n//Change staus to Approved\ncy.get('.font-size-lg > .view > .svg-inline--fa > path').click({\n  force: true\n});\ncy.get('#select2-delivery-int_status_type-container').click();\ncy.get('li[role=option]').each(function ($ele, index) {\n  if ($ele.text() === 'Approved') {\n    cy.wrap($ele).click();\n    cy.wait(1000);\n    cy.get('#submitBtn').click({\n      force: true\n    });\n    cy.wait(2000);\n  } else {\n    cy.log('not found');\n  }\n});",
              "err": {},
              "uuid": "536293d1-47c8-46cf-a01e-c1a3df1f5c36",
              "parentUUID": "abd99f03-2b77-4caa-843b-c064883edbe5",
              "isHook": false,
              "skipped": true
            },
            {
              "title": "Stock Transfer Advice",
              "fullTitle": "Stock Transfer Stock Transfer Advice",
              "timedOut": null,
              "duration": 0,
              "state": "pending",
              "speed": null,
              "pass": false,
              "fail": false,
              "pending": false,
              "context": null,
              "code": "cy.visit(QAServer + '/Sales/index.php/invoice/stock-transfer-advice');\ncy.get('[href=\"/' + clone + '/Sales/index.php/invoice/create?intDocumentType=212\"]').click({\n  force: true\n});\ncy.get('.box-body > .input-group > .form-control').type(ChallanNumber);\ncy.get('.display-inline-block > .col-md-1 > .delivery-note').first().check({\n  force: true\n});\ncy.get('.payment-term-cls').select('Standard');\ncy.get(':nth-child(3) > .btn').click();\ncy.get('.top_btn > .btn-primary').click({\n  force: true\n});\ncy.wait(1000);\ncy.get('.breadcrumb-item > a').each(function ($ele) {\n  STA_Number = $ele.text();\n  cy.log(STA_Number);\n  cy.wait(2000);\n  cy.get('.btn-default').click({\n    force: true\n  });\n  cy.get('[data-col-seq=\"2\"] > .form-control').click({\n    force: true\n  }).type('12{enter}');\n  cy.wait(300);\n  //Change status to final\n  cy.get('.text-center > .view').click();\n  cy.get('#select2-invoice-int_status_type-container').click();\n  cy.get('li[role=option]').each(function ($ele, index) {\n    cy.log($ele.text());\n    if ($ele.text() === 'Final') {\n      cy.wrap($ele).click();\n      cy.get('#submitBtn').click();\n    } else {\n      cy.log('not found');\n    }\n  });\n  cy.wait(500);\n  cy.get('.text-center > .view').click({\n    force: true\n  });\n  cy.get('#select2-invoice-int_status_type-container').click();\n  cy.get('li[role=option]').each(function ($ele, index) {\n    cy.log($ele.text());\n    if ($ele.text() === 'Approved') {\n      cy.wrap($ele).click();\n      cy.get('#submitBtn').click();\n    } else {\n      cy.log('not found');\n    }\n  });\n});",
              "err": {},
              "uuid": "773e0b7a-82d9-4f0a-a62c-507d951a6bb4",
              "parentUUID": "abd99f03-2b77-4caa-843b-c064883edbe5",
              "isHook": false,
              "skipped": true
            },
            {
              "title": "Stock Receive of STA",
              "fullTitle": "Stock Transfer Stock Receive of STA",
              "timedOut": null,
              "duration": 0,
              "state": "pending",
              "speed": null,
              "pass": false,
              "fail": false,
              "pending": false,
              "context": null,
              "code": "cy.visit(QAServer + '/Sales/index.php/invoice/stock-transfer-advice');",
              "err": {},
              "uuid": "936a6324-7efe-44ce-bd97-048db058dbe5",
              "parentUUID": "abd99f03-2b77-4caa-843b-c064883edbe5",
              "isHook": false,
              "skipped": true
            }
          ],
          "suites": [],
          "passes": [],
          "failures": [],
          "pending": [],
          "skipped": [
            "5838e9c3-7533-4999-9a1e-397945f59de9",
            "536293d1-47c8-46cf-a01e-c1a3df1f5c36",
            "773e0b7a-82d9-4f0a-a62c-507d951a6bb4",
            "936a6324-7efe-44ce-bd97-048db058dbe5"
          ],
          "duration": 0,
          "root": false,
          "rootEmpty": false,
          "_timeout": 2000
        }
      ],
      "passes": [],
      "failures": [],
      "pending": [],
      "skipped": [],
      "duration": 0,
      "root": true,
      "rootEmpty": true,
      "_timeout": 2000
    }
  ],
  "meta": {
    "mocha": {
      "version": "7.0.1"
    },
    "mochawesome": {
      "options": {
        "quiet": false,
        "reportFilename": "mochawesome",
        "saveHtml": false,
        "saveJson": true,
        "consoleReporter": "spec",
        "useInlineDiffs": false,
        "code": true
      },
      "version": "7.1.3"
    },
    "marge": {
      "options": {
        "charts": true,
        "overwrite": false,
        "html": false,
        "json": true,
        "reportDir": "cypress/report/mochawesome-report"
      },
      "version": "6.2.0"
    }
  }
}