{
  "stats": {
    "suites": 1,
    "tests": 33,
    "passes": 33,
    "pending": 0,
    "failures": 0,
    "start": "2023-01-03T06:47:49.817Z",
    "end": "2023-01-03T06:48:34.017Z",
    "duration": 44200,
    "testsRegistered": 33,
    "passPercent": 100,
    "pendingPercent": 0,
    "other": 0,
    "hasOther": false,
    "skipped": 0,
    "hasSkipped": false
  },
  "results": [
    {
      "uuid": "49beda60-0740-4dfa-8224-de5aeb5001cd",
      "title": "",
      "fullFile": "cypress/e2e/APItest/GetAPIs/Sales_Order/getAPI.cy.js",
      "file": "cypress/e2e/APItest/GetAPIs/Sales_Order/getAPI.cy.js",
      "beforeHooks": [],
      "afterHooks": [],
      "tests": [],
      "suites": [
        {
          "uuid": "38ea7b5b-64b5-42f2-9e77-4cdcc066640a",
          "title": "Sales Order Get API",
          "fullFile": "",
          "file": "",
          "beforeHooks": [],
          "afterHooks": [],
          "tests": [
            {
              "title": "GET - Application",
              "fullTitle": "Sales Order Get API GET - Application",
              "timedOut": null,
              "duration": 595,
              "state": "passed",
              "speed": "fast",
              "pass": true,
              "fail": false,
              "pending": false,
              "context": null,
              "code": "cy.request({\n  Method: 'GET',\n  url: BaseURL + 'api/common.php',\n  body: {\n    params: {\n      \"clientId\": data.ClientId,\n      \"blIncludeParent\": 1,\n      \"model\": \"Application\",\n      \"actionModel\": \"Default\",\n      \"intEmpId\": data.intEmpId,\n      \"page\": \"\",\n      \"last_sync_date\": \"\",\n      \"appName\": \"eSATHI\",\n      \"appNameForService\": \"COMMON_API\",\n      \"appVersion\": \"22.52.456\",\n      \"access-token\": data.AccessToken,\n      \"intCustomerUserId\": 1001,\n      \"intCustomerUserDeviceId\": 0,\n      \"requestType\": \"GET\"\n    }\n  }\n}).then(res => {\n  expect(res.status).to.eq(200);\n  expect(res.body.response[0].int_delete_type).to.eq(0);\n  expect(res.body.status).to.eq('success');\n  cy.log(res.body.status);\n  cy.log(res.body.total_records);\n  // let numberOfKey = Object.keys(res.body.response[0]).toString()\n  // cy.log(numberOfKey)            \n});",
              "err": {},
              "uuid": "f03ac748-fbd8-4c9b-a2b6-3367abc63f6f",
              "parentUUID": "38ea7b5b-64b5-42f2-9e77-4cdcc066640a",
              "isHook": false,
              "skipped": false
            },
            {
              "title": "GET - Branch",
              "fullTitle": "Sales Order Get API GET - Branch",
              "timedOut": null,
              "duration": 412,
              "state": "passed",
              "speed": "fast",
              "pass": true,
              "fail": false,
              "pending": false,
              "context": null,
              "code": "cy.request({\n  Method: 'GET',\n  url: BaseURL + 'api/common.php',\n  body: {\n    params: {\n      \"model\": \"Branch\",\n      \"actionModel\": \"Default\",\n      \"intEmpId\": data.intEmpId,\n      \"page\": \"\",\n      \"last_sync_date\": data.LSD,\n      \"appName\": \"order_app\",\n      \"appNameForService\": \"order_app\",\n      \"appVersion\": \"22.52.172\",\n      \"access-token\": data.AccessToken,\n      \"clientId\": data.ClientId,\n      \"action\": \"\",\n      \"requestType\": \"GET\",\n      \"primaryKey\": \"\",\n      \"intCustomerUserId\": 1001,\n      \"intCustomerUserDeviceId\": 0,\n      \"intApplicationId\": 0,\n      \"expand\": \"tbl_address#int_address_id,tbl_address#int_address_id.tbl_city#int_city_id,tbl_address#int_address_id.tbl_city#int_tehsil_city_id,tbl_branch_regn#int_branch_id\",\n      \"blShowUserBranch\": true\n    }\n  }\n}).then(res => {\n  expect(res.status).to.eq(200);\n  expect(res.body.response[0].int_delete_type).to.eq(0);\n  expect(res.body.status).to.eq('success');\n  cy.log(res.body.status);\n  cy.log(res.body.total_records);\n  // let numberOfKey = Object.keys(res.body.response[0]).toString()\n  // cy.log(numberOfKey)            \n});",
              "err": {},
              "uuid": "a108a929-347f-4113-8852-85f9a0eca8e4",
              "parentUUID": "38ea7b5b-64b5-42f2-9e77-4cdcc066640a",
              "isHook": false,
              "skipped": false
            },
            {
              "title": "GET - Organisation",
              "fullTitle": "Sales Order Get API GET - Organisation",
              "timedOut": null,
              "duration": 423,
              "state": "passed",
              "speed": "fast",
              "pass": true,
              "fail": false,
              "pending": false,
              "context": null,
              "code": "cy.request({\n  Method: 'GET',\n  url: BaseURL + 'api/common.php',\n  body: {\n    params: {\n      \"model\": \"Organisation\",\n      \"actionModel\": \"Default\",\n      \"intEmpId\": data.intEmpId,\n      \"page\": \"\",\n      \"last_sync_date\": data.LSD,\n      \"appName\": \"order_app\",\n      \"appNameForService\": \"order_app\",\n      \"appVersion\": \"22.52.172\",\n      \"access-token\": data.AccessToken,\n      \"clientId\": data.ClientId,\n      \"action\": \"\",\n      \"requestType\": \"GET\",\n      \"primaryKey\": \"\",\n      \"intCustomerUserId\": 1001,\n      \"intCustomerUserDeviceId\": 0,\n      \"intApplicationId\": 0,\n      \"expand\": \"tbl_address#int_address_id,tbl_address#int_address_id.tbl_city#int_city_id,tbl_address#int_address_id.tbl_city#int_tehsil_city_id,tbl_branch_regn#int_branch_id\",\n      \"blShowUserBranch\": true\n    }\n  }\n}).then(res => {\n  expect(res.status).to.eq(200);\n  expect(res.body.response[0].int_delete_type).to.eq(0);\n  expect(res.body.status).to.eq('success');\n  cy.log(res.body.status);\n  cy.log(res.body.total_records);\n  // let numberOfKey = Object.keys(res.body.response[0]).toString()\n  // cy.log(numberOfKey)            \n});",
              "err": {},
              "uuid": "c1724600-ca0b-47c1-92ef-39a494b9310f",
              "parentUUID": "38ea7b5b-64b5-42f2-9e77-4cdcc066640a",
              "isHook": false,
              "skipped": false
            },
            {
              "title": "GET - OrganisationAttachment",
              "fullTitle": "Sales Order Get API GET - OrganisationAttachment",
              "timedOut": null,
              "duration": 390,
              "state": "passed",
              "speed": "fast",
              "pass": true,
              "fail": false,
              "pending": false,
              "context": null,
              "code": "cy.request({\n  Method: 'GET',\n  url: BaseURL + 'api/common.php',\n  body: {\n    params: {\n      \"model\": \"OrganisationAttachment\",\n      \"actionModel\": \"Default\",\n      \"intEmpId\": data.intEmpId,\n      \"page\": \"\",\n      \"last_sync_date\": data.LSD,\n      \"appName\": \"eSATHI\",\n      \"appNameForService\": \"COMMON_API\",\n      \"appVersion\": \"22.52.456\",\n      \"access-token\": data.AccessToken,\n      \"clientId\": data.ClientId,\n      \"action\": \"\",\n      \"requestType\": \"GET\",\n      \"primaryKey\": \"\",\n      \"intCustomerUserId\": 1001,\n      \"intCustomerUserDeviceId\": 0,\n      \"intApplicationId\": 0\n    }\n  }\n}).then(res => {\n  expect(res.status).to.eq(200);\n  expect(res.body.response[0].int_delete_type).to.eq(0);\n  expect(res.body.status).to.eq('success');\n  cy.log(res.body.status);\n  cy.log(res.body.total_records);\n  // let numberOfKey = Object.keys(res.body.response[0]).toString()\n  // cy.log(numberOfKey)            \n});",
              "err": {},
              "uuid": "4f260bb6-0d12-4cdd-be9c-1fc5044b627f",
              "parentUUID": "38ea7b5b-64b5-42f2-9e77-4cdcc066640a",
              "isHook": false,
              "skipped": false
            },
            {
              "title": "GET - EmployeeAttachment",
              "fullTitle": "Sales Order Get API GET - EmployeeAttachment",
              "timedOut": null,
              "duration": 385,
              "state": "passed",
              "speed": "fast",
              "pass": true,
              "fail": false,
              "pending": false,
              "context": null,
              "code": "cy.request({\n  Method: 'GET',\n  url: BaseURL + 'api/hcms.php',\n  body: {\n    params: {\n      \"model\": \"EmployeeAttachment\",\n      \"actionModel\": \"EmployeeAttachmentImage\",\n      \"intEmpId\": data.intEmpId,\n      \"page\": \"\",\n      \"last_sync_date\": data.LSD,\n      \"appName\": \"eSATHI\",\n      \"appNameForService\": \"hcms_app\",\n      \"appVersion\": \"22.52.456\",\n      \"access-token\": data.AccessToken,\n      \"clientId\": data.ClientId,\n      \"action\": \"\",\n      \"requestType\": \"GET\",\n      \"primaryKey\": \"\",\n      \"intCustomerUserId\": 1001,\n      \"intCustomerUserDeviceId\": 0,\n      \"intApplicationId\": 0\n    }\n  }\n}).then(res => {\n  cy.log(res.body.message);\n  expect(res.status).to.eq(200);\n  expect(res.body.response[0].int_delete_type).to.eq(0);\n  expect(res.body.status).to.eq('success');\n  cy.log(res.body.status);\n  cy.log(res.body.total_records);\n  // let numberOfKey = Object.keys(res.body.response[0]).toString()\n  // cy.log(numberOfKey)            \n});",
              "err": {},
              "uuid": "bf783da0-9018-409f-abdd-a9e3d328b6fb",
              "parentUUID": "38ea7b5b-64b5-42f2-9e77-4cdcc066640a",
              "isHook": false,
              "skipped": false
            },
            {
              "title": "GET - Configuration",
              "fullTitle": "Sales Order Get API GET - Configuration",
              "timedOut": null,
              "duration": 246,
              "state": "passed",
              "speed": "fast",
              "pass": true,
              "fail": false,
              "pending": false,
              "context": null,
              "code": "cy.request({\n  Method: 'GET',\n  url: BaseURL + 'api/common.php',\n  body: {\n    params: {\n      \"model\": \"Configuration\",\n      \"actionModel\": \"Default\",\n      \"intEmpId\": data.intEmpId,\n      \"page\": \"\",\n      \"last_sync_date\": data.LSD,\n      \"appName\": \"order_app\",\n      \"appNameForService\": \"order_app\",\n      \"appVersion\": \"22.52.172\",\n      \"access-token\": data.AccessToken,\n      \"clientId\": data.ClientId,\n      \"action\": \"\",\n      \"requestType\": \"GET\",\n      \"primaryKey\": \"\",\n      \"intCustomerUserId\": 1001,\n      \"intCustomerUserDeviceId\": 0,\n      \"intApplicationId\": 0\n    }\n  }\n}).then(res => {\n  cy.log(res.body.message);\n  expect(res.status).to.eq(200);\n  expect(res.body.response[0].int_delete_type).to.eq(0);\n  expect(res.body.status).to.eq('success');\n  cy.log(res.body.status);\n  cy.log(res.body.total_records);\n  // let numberOfKey = Object.keys(res.body.response[0]).toString()\n  // cy.log(numberOfKey)            \n});",
              "err": {},
              "uuid": "0f102e49-868e-43ee-89fc-c548dca8cd1c",
              "parentUUID": "38ea7b5b-64b5-42f2-9e77-4cdcc066640a",
              "isHook": false,
              "skipped": false
            },
            {
              "title": "GET - UserPermission",
              "fullTitle": "Sales Order Get API GET - UserPermission",
              "timedOut": null,
              "duration": 33450,
              "state": "passed",
              "speed": "slow",
              "pass": true,
              "fail": false,
              "pending": false,
              "context": null,
              "code": "var pageCount = 1;\nvar PageLeft;\nclass AllPage {\n  NextPage() {\n    cy.request({\n      Method: 'GET',\n      url: BaseURL + 'api/common.php',\n      body: {\n        params: {\n          \"model\": \"UserPermission\",\n          \"actionModel\": \"Default\",\n          \"intEmpId\": data.intEmpId,\n          \"page\": pageCount,\n          \"last_sync_date\": data.LSD,\n          \"appName\": \"order_app\",\n          \"appNameForService\": \"order_app\",\n          \"appVersion\": \"22.52.172\",\n          \"access-token\": data.AccessToken,\n          \"clientId\": data.ClientId,\n          \"action\": \"\",\n          \"requestType\": \"GET\",\n          \"primaryKey\": \"\",\n          \"intCustomerUserId\": 1001,\n          \"intCustomerUserDeviceId\": 0,\n          \"intApplicationId\": 0,\n          \"txtApplicationIds\": \"311,600,721,111\"\n        }\n      }\n    }).then(res => {\n      expect(res.status).to.eq(200);\n      expect(res.body.response[0].int_delete_type).to.eq(0);\n      //expect(res.body.status).to.eq('success')\n      PageLeft = res.body.page;\n      cy.log(PageLeft);\n      cy.log(res.body.total_records);\n      cy.log(res.body.message);\n      if (PageLeft !== 'No pages left.') {\n        next.NextPage();\n      } else {\n        expect(res.body.status).to.eq('success');\n      }\n      // let numberOfKey = Object.keys(res.body.response[0]).toString()\n      // cy.log(numberOfKey) \n      pageCount = pageCount + 1;\n    });\n  }\n}\nvar next = new AllPage();\ncy.request({\n  Method: 'GET',\n  url: BaseURL + 'api/common.php',\n  body: {\n    params: {\n      \"model\": \"UserPermission\",\n      \"actionModel\": \"Default\",\n      \"intEmpId\": data.intEmpId,\n      \"page\": pageCount,\n      \"last_sync_date\": data.LSD,\n      \"appName\": \"order_app\",\n      \"appNameForService\": \"order_app\",\n      \"appVersion\": \"22.52.172\",\n      \"access-token\": data.AccessToken,\n      \"clientId\": data.ClientId,\n      \"action\": \"\",\n      \"requestType\": \"GET\",\n      \"primaryKey\": \"\",\n      \"intCustomerUserId\": 1001,\n      \"intCustomerUserDeviceId\": 0,\n      \"intApplicationId\": 0,\n      \"txtApplicationIds\": \"311,600,721,111\"\n    }\n  }\n}).then(res => {\n  expect(res.status).to.eq(200);\n  expect(res.body.response[0].int_delete_type).to.eq(0);\n  //expect(res.body.status).to.eq('success')\n  PageLeft = res.body.page;\n  cy.log(PageLeft);\n  cy.log('Total records: ' + res.body.total_records);\n  cy.log(res.body.message);\n  if (PageLeft !== 'No pages left.') {\n    next.NextPage();\n  } else {\n    expect(res.body.status).to.eq('success');\n  }\n  // let numberOfKey = Object.keys(res.body.response[0]).toString()\n  // cy.log(numberOfKey)            \n});",
              "err": {},
              "uuid": "4bbf914e-e376-4e98-9be2-9c96a4971661",
              "parentUUID": "38ea7b5b-64b5-42f2-9e77-4cdcc066640a",
              "isHook": false,
              "skipped": false
            },
            {
              "title": "GET - Product",
              "fullTitle": "Sales Order Get API GET - Product",
              "timedOut": null,
              "duration": 474,
              "state": "passed",
              "speed": "fast",
              "pass": true,
              "fail": false,
              "pending": false,
              "context": null,
              "code": "cy.request({\n  Method: 'GET',\n  url: BaseURL + 'api/scms.php',\n  body: {\n    params: {\n      \"model\": \"Product\",\n      \"actionModel\": \"Default\",\n      \"intEmpId\": data.intEmpId,\n      \"page\": \"\",\n      \"last_sync_date\": data.LSD,\n      \"appName\": \"order_app\",\n      \"appNameForService\": \"eSATHI\",\n      \"appVersion\": \"22.44.169\",\n      \"access-token\": data.AccessToken,\n      \"clientId\": data.ClientId,\n      \"action\": \"\",\n      \"requestType\": \"GET\",\n      \"primaryKey\": \"\",\n      \"intCustomerUserId\": 694,\n      \"intCustomerUserDeviceId\": 0,\n      \"intApplicationId\": 0,\n      \"expand\": \"tbl_product_pack#int_product_id.tbl_product_pack_bom#int_product_pack_id, tbl_product_pack#int_product_id.tbl_product_pack_branch#int_product_pack_id, tbl_product_attachment#int_product_id, tbl_product_pack#int_product_id.tbl_product_attachment#int_product_pack_id,tbl_product_organisation#int_product_id, tbl_product_party#int_product_id, tbl_product_sales_applicability#int_product_id\"\n    }\n  }\n}).then(res => {\n  expect(res.status).to.eq(200);\n  expect(res.body.response[0].ysn_to_sale).to.eq(1);\n  expect(res.body.status).to.eq('success');\n  cy.log(res.body.status);\n  cy.log(res.body.total_records);\n  // let numberOfKey = Object.keys(res.body.response[0]).toString()\n  // cy.log(numberOfKey)\n});",
              "err": {},
              "uuid": "c2246616-b4bf-4348-9af1-29d7718819ab",
              "parentUUID": "38ea7b5b-64b5-42f2-9e77-4cdcc066640a",
              "isHook": false,
              "skipped": false
            },
            {
              "title": "GET - Party",
              "fullTitle": "Sales Order Get API GET - Party",
              "timedOut": null,
              "duration": 574,
              "state": "passed",
              "speed": "fast",
              "pass": true,
              "fail": false,
              "pending": false,
              "context": null,
              "code": "cy.request({\n  Method: 'GET',\n  url: BaseURL + 'api/scms.php',\n  body: {\n    params: {\n      \"model\": \"Party\",\n      \"actionModel\": \"Default\",\n      \"intEmpId\": data.intEmpId,\n      \"page\": \"\",\n      \"last_sync_date\": data.LSD,\n      \"appName\": \"order_app\",\n      \"appNameForService\": \"order_app\",\n      \"appVersion\": \"20.51.96\",\n      \"access-token\": data.AccessToken,\n      \"clientId\": data.ClientId,\n      \"action\": \"\",\n      \"requestType\": \"GET\",\n      \"primaryKey\": \"\",\n      \"intCustomerUserId\": 2,\n      \"intCustomerUserDeviceId\": 0,\n      \"intApplicationId\": 0,\n      \"expand\": \"tbl_address#int_address_id, tbl_address#int_billing_address_id, tbl_address#int_shipping_address_id, tbl_party_regn#int_party_id, tbl_party_organisation#int_party_id, tbl_party_branch#int_party_id, tbl_party_branch_tax_category#int_party_id, tbl_party_employee#int_party_id\"\n    }\n  }\n}).then(res => {\n  expect(res.status).to.eq(200);\n  expect(res.body.response[0].txt_name).to.eq('Cash Sale');\n  expect(res.body.status).to.eq('success');\n  cy.log(res.body.status);\n  cy.log(res.body.total_records);\n  // let numberOfKey = Object.keys(res.body.response[0]).toString()\n  // cy.log(numberOfKey)\n});",
              "err": {},
              "uuid": "cb21b12a-4755-4e90-8423-85a1c51f7aeb",
              "parentUUID": "38ea7b5b-64b5-42f2-9e77-4cdcc066640a",
              "isHook": false,
              "skipped": false
            },
            {
              "title": "GET - DocumentStatus",
              "fullTitle": "Sales Order Get API GET - DocumentStatus",
              "timedOut": null,
              "duration": 308,
              "state": "passed",
              "speed": "fast",
              "pass": true,
              "fail": false,
              "pending": false,
              "context": null,
              "code": "cy.request({\n  Method: 'GET',\n  url: BaseURL + 'api/common.php',\n  body: {\n    params: {\n      \"model\": \"DocumentStatus\",\n      \"actionModel\": \"Default\",\n      \"intEmpId\": data.ClientId,\n      \"page\": \"\",\n      \"last_sync_date\": data.LSD,\n      \"appName\": \"order_app\",\n      \"appNameForService\": \"order_app\",\n      \"appVersion\": \"22.52.172\",\n      \"access-token\": data.AccessToken,\n      \"clientId\": data.ClientId,\n      \"action\": \"\",\n      \"requestType\": \"GET\",\n      \"primaryKey\": \"\",\n      \"intCustomerUserId\": 1001,\n      \"intCustomerUserDeviceId\": 0,\n      \"intApplicationId\": 0,\n      \"intDocumentType\": 201\n    }\n  }\n}).then(res => {\n  cy.log(res.body.message);\n  expect(res.status).to.eq(200);\n  expect(res.body.response[0].int_delete_type).to.eq(0);\n  expect(res.body.status).to.eq('success');\n  cy.log(res.body.status);\n  cy.log('Total Records: ' + res.body.total_records);\n  // let numberOfKey = Object.keys(res.body.response[0]).toString()\n  // cy.log(numberOfKey)            \n});",
              "err": {},
              "uuid": "f3e35a59-486c-420b-b389-5775953dff67",
              "parentUUID": "38ea7b5b-64b5-42f2-9e77-4cdcc066640a",
              "isHook": false,
              "skipped": false
            },
            {
              "title": "GET - District",
              "fullTitle": "Sales Order Get API GET - District",
              "timedOut": null,
              "duration": 311,
              "state": "passed",
              "speed": "fast",
              "pass": true,
              "fail": false,
              "pending": false,
              "context": null,
              "code": "cy.request({\n  Method: 'GET',\n  url: BaseURL + 'api/common.php',\n  body: {\n    params: {\n      \"model\": \"District\",\n      \"actionModel\": \"Default\",\n      \"intEmpId\": data.ClientId,\n      \"page\": \"\",\n      \"last_sync_date\": data.LSD,\n      \"appName\": \"order_app\",\n      \"appNameForService\": \"order_app\",\n      \"appVersion\": \"22.52.172\",\n      \"access-token\": data.AccessToken,\n      \"clientId\": data.ClientId,\n      \"action\": \"\",\n      \"requestType\": \"GET\",\n      \"primaryKey\": \"\",\n      \"intCustomerUserId\": 1001,\n      \"intCustomerUserDeviceId\": 0,\n      \"intApplicationId\": 0,\n      \"intDocumentType\": 201\n    }\n  }\n}).then(res => {\n  cy.log(res.body.message);\n  expect(res.status).to.eq(200);\n  expect(res.body.response[0].int_delete_type).to.eq(0);\n  expect(res.body.status).to.eq('success');\n  cy.log(res.body.status);\n  cy.log('Total Records: ' + res.body.total_records);\n  // let numberOfKey = Object.keys(res.body.response[0]).toString()\n  // cy.log(numberOfKey)            \n});",
              "err": {},
              "uuid": "cf806b11-25b2-449b-9c56-3fd59c0e8537",
              "parentUUID": "38ea7b5b-64b5-42f2-9e77-4cdcc066640a",
              "isHook": false,
              "skipped": false
            },
            {
              "title": "GET - City",
              "fullTitle": "Sales Order Get API GET - City",
              "timedOut": null,
              "duration": 299,
              "state": "passed",
              "speed": "fast",
              "pass": true,
              "fail": false,
              "pending": false,
              "context": null,
              "code": "cy.request({\n  Method: 'GET',\n  url: BaseURL + 'api/common.php',\n  body: {\n    params: {\n      \"model\": \"City\",\n      \"actionModel\": \"Default\",\n      \"intEmpId\": data.ClientId,\n      \"page\": \"\",\n      \"last_sync_date\": data.LSD,\n      \"appName\": \"order_app\",\n      \"appNameForService\": \"order_app\",\n      \"appVersion\": \"22.52.172\",\n      \"access-token\": data.AccessToken,\n      \"clientId\": data.ClientId,\n      \"action\": \"\",\n      \"requestType\": \"GET\",\n      \"primaryKey\": \"\",\n      \"intCustomerUserId\": 1001,\n      \"intCustomerUserDeviceId\": 0,\n      \"intApplicationId\": 0,\n      \"intDocumentType\": 201\n    }\n  }\n}).then(res => {\n  cy.log(res.body.message);\n  expect(res.status).to.eq(200);\n  expect(res.body.response[0].int_delete_type).to.eq(0);\n  expect(res.body.status).to.eq('success');\n  cy.log(res.body.status);\n  cy.log('Total Records: ' + res.body.total_records);\n  // let numberOfKey = Object.keys(res.body.response[0]).toString()\n  // cy.log(numberOfKey)            \n});",
              "err": {},
              "uuid": "2e80fa4c-0466-405f-bda7-54b08383aeaa",
              "parentUUID": "38ea7b5b-64b5-42f2-9e77-4cdcc066640a",
              "isHook": false,
              "skipped": false
            },
            {
              "title": "GET - Employee",
              "fullTitle": "Sales Order Get API GET - Employee",
              "timedOut": null,
              "duration": 304,
              "state": "passed",
              "speed": "fast",
              "pass": true,
              "fail": false,
              "pending": false,
              "context": null,
              "code": "cy.request({\n  Method: 'GET',\n  url: BaseURL + 'api/hcms.php',\n  body: {\n    params: {\n      \"model\": \"Employee\",\n      \"actionModel\": \"Default\",\n      \"intEmpId\": data.ClientId,\n      \"page\": \"\",\n      \"last_sync_date\": data.LSD,\n      \"appName\": \"order_app\",\n      \"appNameForService\": \"order_app\",\n      \"appVersion\": \"22.52.172\",\n      \"access-token\": data.AccessToken,\n      \"clientId\": data.ClientId,\n      \"action\": \"\",\n      \"requestType\": \"GET\",\n      \"primaryKey\": \"\",\n      \"intCustomerUserId\": 1001,\n      \"intCustomerUserDeviceId\": 0,\n      \"intApplicationId\": 0,\n      \"intDocumentType\": 201\n    }\n  }\n}).then(res => {\n  cy.log(res.body.message);\n  expect(res.status).to.eq(200);\n  expect(res.body.response[0].int_delete_type).to.eq(0);\n  expect(res.body.status).to.eq('success');\n  cy.log(res.body.status);\n  cy.log('Total Records: ' + res.body.total_records);\n  // let numberOfKey = Object.keys(res.body.response[0]).toString()\n  // cy.log(numberOfKey)            \n});",
              "err": {},
              "uuid": "8fe770fa-a8cb-4f1b-984d-2a9ad590a545",
              "parentUUID": "38ea7b5b-64b5-42f2-9e77-4cdcc066640a",
              "isHook": false,
              "skipped": false
            },
            {
              "title": "GET - State",
              "fullTitle": "Sales Order Get API GET - State",
              "timedOut": null,
              "duration": 305,
              "state": "passed",
              "speed": "fast",
              "pass": true,
              "fail": false,
              "pending": false,
              "context": null,
              "code": "cy.request({\n  Method: 'GET',\n  url: BaseURL + 'api/common.php',\n  body: {\n    params: {\n      \"model\": \"State\",\n      \"actionModel\": \"Default\",\n      \"intEmpId\": data.ClientId,\n      \"page\": \"\",\n      \"last_sync_date\": data.LSD,\n      \"appName\": \"order_app\",\n      \"appNameForService\": \"order_app\",\n      \"appVersion\": \"22.52.172\",\n      \"access-token\": data.AccessToken,\n      \"clientId\": data.ClientId,\n      \"action\": \"\",\n      \"requestType\": \"GET\",\n      \"primaryKey\": \"\",\n      \"intCustomerUserId\": 1001,\n      \"intCustomerUserDeviceId\": 0,\n      \"intApplicationId\": 0,\n      \"intDocumentType\": 201\n    }\n  }\n}).then(res => {\n  cy.log(res.body.message);\n  expect(res.status).to.eq(200);\n  expect(res.body.response[0].int_delete_type).to.eq(0);\n  expect(res.body.status).to.eq('success');\n  cy.log(res.body.status);\n  cy.log('Total Records: ' + res.body.total_records);\n  // let numberOfKey = Object.keys(res.body.response[0]).toString()\n  // cy.log(numberOfKey)            \n});",
              "err": {},
              "uuid": "a194048b-a21b-42fc-afac-38fe4f60d8fd",
              "parentUUID": "38ea7b5b-64b5-42f2-9e77-4cdcc066640a",
              "isHook": false,
              "skipped": false
            },
            {
              "title": "GET - Area",
              "fullTitle": "Sales Order Get API GET - Area",
              "timedOut": null,
              "duration": 303,
              "state": "passed",
              "speed": "fast",
              "pass": true,
              "fail": false,
              "pending": false,
              "context": null,
              "code": "cy.request({\n  Method: 'GET',\n  url: BaseURL + 'api/common.php',\n  body: {\n    params: {\n      \"model\": \"Area\",\n      \"actionModel\": \"Default\",\n      \"intEmpId\": data.ClientId,\n      \"page\": \"\",\n      \"last_sync_date\": data.LSD,\n      \"appName\": \"order_app\",\n      \"appNameForService\": \"order_app\",\n      \"appVersion\": \"22.52.172\",\n      \"access-token\": data.AccessToken,\n      \"clientId\": data.ClientId,\n      \"action\": \"\",\n      \"requestType\": \"GET\",\n      \"primaryKey\": \"\",\n      \"intCustomerUserId\": 1001,\n      \"intCustomerUserDeviceId\": 0,\n      \"intApplicationId\": 0,\n      \"intDocumentType\": 201\n    }\n  }\n}).then(res => {\n  cy.log(res.body.message);\n  expect(res.status).to.eq(200);\n  expect(res.body.response[0].int_delete_type).to.eq(0);\n  expect(res.body.status).to.eq('success');\n  cy.log(res.body.status);\n  cy.log('Total Records: ' + res.body.total_records);\n  // let numberOfKey = Object.keys(res.body.response[0]).toString()\n  // cy.log(numberOfKey)            \n});",
              "err": {},
              "uuid": "6b5d5425-2d58-48a4-9177-7a4e31612c28",
              "parentUUID": "38ea7b5b-64b5-42f2-9e77-4cdcc066640a",
              "isHook": false,
              "skipped": false
            },
            {
              "title": "GET - DocumentSeries",
              "fullTitle": "Sales Order Get API GET - DocumentSeries",
              "timedOut": null,
              "duration": 232,
              "state": "passed",
              "speed": "fast",
              "pass": true,
              "fail": false,
              "pending": false,
              "context": null,
              "code": "cy.request({\n  Method: 'GET',\n  url: BaseURL + 'api/common.php',\n  body: {\n    params: {\n      \"model\": \"DocumentSeries\",\n      \"actionModel\": \"Default\",\n      \"intEmpId\": data.ClientId,\n      \"page\": \"\",\n      \"last_sync_date\": data.LSD,\n      \"appName\": \"order_app\",\n      \"appNameForService\": \"order_app\",\n      \"appVersion\": \"22.52.172\",\n      \"access-token\": data.AccessToken,\n      \"clientId\": data.ClientId,\n      \"action\": \"\",\n      \"requestType\": \"GET\",\n      \"primaryKey\": \"\",\n      \"intCustomerUserId\": 1001,\n      \"intCustomerUserDeviceId\": 0,\n      \"intApplicationId\": 0,\n      \"intDocumentType\": 201\n    }\n  }\n}).then(res => {\n  cy.log(res.body.message);\n  expect(res.status).to.eq(200);\n  expect(res.body.response[0].int_delete_type).to.eq(0);\n  expect(res.body.status).to.eq('success');\n  cy.log(res.body.status);\n  cy.log('Total Records: ' + res.body.total_records);\n  // let numberOfKey = Object.keys(res.body.response[0]).toString()\n  // cy.log(numberOfKey)            \n});",
              "err": {},
              "uuid": "fbd6bf0b-19b5-4874-a88c-fbc9ab9fc6ce",
              "parentUUID": "38ea7b5b-64b5-42f2-9e77-4cdcc066640a",
              "isHook": false,
              "skipped": false
            },
            {
              "title": "GET - Type",
              "fullTitle": "Sales Order Get API GET - Type",
              "timedOut": null,
              "duration": 319,
              "state": "passed",
              "speed": "fast",
              "pass": true,
              "fail": false,
              "pending": false,
              "context": null,
              "code": "cy.request({\n  Method: 'GET',\n  url: BaseURL + 'api/common.php',\n  body: {\n    params: {\n      \"model\": \"Type\",\n      \"actionModel\": \"Default\",\n      \"intEmpId\": data.ClientId,\n      \"page\": \"\",\n      \"last_sync_date\": data.LSD,\n      \"appName\": \"order_app\",\n      \"appNameForService\": \"order_app\",\n      \"appVersion\": \"22.52.172\",\n      \"access-token\": data.AccessToken,\n      \"clientId\": data.ClientId,\n      \"action\": \"\",\n      \"requestType\": \"GET\",\n      \"primaryKey\": \"\",\n      \"intCustomerUserId\": 1001,\n      \"intCustomerUserDeviceId\": 0,\n      \"intApplicationId\": 0,\n      \"intDocumentType\": 201\n    }\n  }\n}).then(res => {\n  cy.log(res.body.message);\n  expect(res.status).to.eq(200);\n  expect(res.body.response[0].int_delete_type).to.eq(0);\n  expect(res.body.status).to.eq('success');\n  cy.log(res.body.status);\n  cy.log('Total Records: ' + res.body.total_records);\n  // let numberOfKey = Object.keys(res.body.response[0]).toString()\n  // cy.log(numberOfKey)            \n});",
              "err": {},
              "uuid": "2433e1a4-eb96-42ae-9ac0-2ca6df7b4862",
              "parentUUID": "38ea7b5b-64b5-42f2-9e77-4cdcc066640a",
              "isHook": false,
              "skipped": false
            },
            {
              "title": "GET - Unit",
              "fullTitle": "Sales Order Get API GET - Unit",
              "timedOut": null,
              "duration": 256,
              "state": "passed",
              "speed": "fast",
              "pass": true,
              "fail": false,
              "pending": false,
              "context": null,
              "code": "cy.request({\n  Method: 'GET',\n  url: BaseURL + 'api/common.php',\n  body: {\n    params: {\n      \"model\": \"Unit\",\n      \"actionModel\": \"Default\",\n      \"intEmpId\": data.ClientId,\n      \"page\": \"\",\n      \"last_sync_date\": data.LSD,\n      \"appName\": \"order_app\",\n      \"appNameForService\": \"order_app\",\n      \"appVersion\": \"22.52.172\",\n      \"access-token\": data.AccessToken,\n      \"clientId\": data.ClientId,\n      \"action\": \"\",\n      \"requestType\": \"GET\",\n      \"primaryKey\": \"\",\n      \"intCustomerUserId\": 1001,\n      \"intCustomerUserDeviceId\": 0,\n      \"intApplicationId\": 0,\n      \"intDocumentType\": 201\n    }\n  }\n}).then(res => {\n  cy.log(res.body.message);\n  expect(res.status).to.eq(200);\n  expect(res.body.response[0].int_delete_type).to.eq(0);\n  expect(res.body.status).to.eq('success');\n  cy.log(res.body.status);\n  cy.log('Total Records: ' + res.body.total_records);\n  // let numberOfKey = Object.keys(res.body.response[0]).toString()\n  // cy.log(numberOfKey)            \n});",
              "err": {},
              "uuid": "147be417-022f-4ff1-be7e-fe10ef2dd88b",
              "parentUUID": "38ea7b5b-64b5-42f2-9e77-4cdcc066640a",
              "isHook": false,
              "skipped": false
            },
            {
              "title": "GET - UnitConversion",
              "fullTitle": "Sales Order Get API GET - UnitConversion",
              "timedOut": null,
              "duration": 307,
              "state": "passed",
              "speed": "fast",
              "pass": true,
              "fail": false,
              "pending": false,
              "context": null,
              "code": "cy.request({\n  Method: 'GET',\n  url: BaseURL + 'api/common.php',\n  body: {\n    params: {\n      \"model\": \"UnitConversion\",\n      \"actionModel\": \"Default\",\n      \"intEmpId\": data.ClientId,\n      \"page\": \"\",\n      \"last_sync_date\": data.LSD,\n      \"appName\": \"order_app\",\n      \"appNameForService\": \"order_app\",\n      \"appVersion\": \"22.52.172\",\n      \"access-token\": data.AccessToken,\n      \"clientId\": data.ClientId,\n      \"action\": \"\",\n      \"requestType\": \"GET\",\n      \"primaryKey\": \"\",\n      \"intCustomerUserId\": 1001,\n      \"intCustomerUserDeviceId\": 0,\n      \"intApplicationId\": 0,\n      \"intDocumentType\": 201\n    }\n  }\n}).then(res => {\n  cy.log(res.body.message);\n  expect(res.status).to.eq(200);\n  expect(res.body.response[0].int_delete_type).to.eq(0);\n  expect(res.body.status).to.eq('success');\n  cy.log(res.body.status);\n  cy.log('Total Records: ' + res.body.total_records);\n  // let numberOfKey = Object.keys(res.body.response[0]).toString()\n  // cy.log(numberOfKey)            \n});",
              "err": {},
              "uuid": "2027a0fd-d180-42ed-aed8-dbac50836f67",
              "parentUUID": "38ea7b5b-64b5-42f2-9e77-4cdcc066640a",
              "isHook": false,
              "skipped": false
            },
            {
              "title": "GET - Block",
              "fullTitle": "Sales Order Get API GET - Block",
              "timedOut": null,
              "duration": 208,
              "state": "passed",
              "speed": "fast",
              "pass": true,
              "fail": false,
              "pending": false,
              "context": null,
              "code": "cy.request({\n  Method: 'GET',\n  url: BaseURL + 'api/common.php',\n  body: {\n    params: {\n      \"model\": \"Block\",\n      \"actionModel\": \"Default\",\n      \"intEmpId\": data.ClientId,\n      \"page\": \"\",\n      \"last_sync_date\": data.LSD,\n      \"appName\": \"order_app\",\n      \"appNameForService\": \"order_app\",\n      \"appVersion\": \"22.52.172\",\n      \"access-token\": data.AccessToken,\n      \"clientId\": data.ClientId,\n      \"action\": \"\",\n      \"requestType\": \"GET\",\n      \"primaryKey\": \"\",\n      \"intCustomerUserId\": 1001,\n      \"intCustomerUserDeviceId\": 0,\n      \"intApplicationId\": 0,\n      \"intDocumentType\": 201\n    }\n  }\n}).then(res => {\n  cy.log(res.body.message);\n  expect(res.status).to.eq(200);\n  expect(res.body.response[0].int_delete_type).to.eq(0);\n  expect(res.body.status).to.eq('success');\n  cy.log(res.body.status);\n  cy.log('Total Records: ' + res.body.total_records);\n  // let numberOfKey = Object.keys(res.body.response[0]).toString()\n  // cy.log(numberOfKey)            \n});",
              "err": {},
              "uuid": "2de0949a-d309-43fd-8705-53d95760e7ac",
              "parentUUID": "38ea7b5b-64b5-42f2-9e77-4cdcc066640a",
              "isHook": false,
              "skipped": false
            },
            {
              "title": "GET - Country",
              "fullTitle": "Sales Order Get API GET - Country",
              "timedOut": null,
              "duration": 299,
              "state": "passed",
              "speed": "fast",
              "pass": true,
              "fail": false,
              "pending": false,
              "context": null,
              "code": "cy.request({\n  Method: 'GET',\n  url: BaseURL + 'api/common.php',\n  body: {\n    params: {\n      \"model\": \"Country\",\n      \"actionModel\": \"Default\",\n      \"intEmpId\": data.ClientId,\n      \"page\": \"\",\n      \"last_sync_date\": data.LSD,\n      \"appName\": \"order_app\",\n      \"appNameForService\": \"order_app\",\n      \"appVersion\": \"22.52.172\",\n      \"access-token\": data.AccessToken,\n      \"clientId\": data.ClientId,\n      \"action\": \"\",\n      \"requestType\": \"GET\",\n      \"primaryKey\": \"\",\n      \"intCustomerUserId\": 1001,\n      \"intCustomerUserDeviceId\": 0,\n      \"intApplicationId\": 0,\n      \"intDocumentType\": 201\n    }\n  }\n}).then(res => {\n  cy.log(res.body.message);\n  expect(res.status).to.eq(200);\n  expect(res.body.response[0].int_delete_type).to.eq(0);\n  expect(res.body.status).to.eq('success');\n  cy.log(res.body.status);\n  cy.log('Total Records: ' + res.body.total_records);\n  // let numberOfKey = Object.keys(res.body.response[0]).toString()\n  // cy.log(numberOfKey)            \n});",
              "err": {},
              "uuid": "c930c071-d33a-40bc-9e42-120e5edb34ee",
              "parentUUID": "38ea7b5b-64b5-42f2-9e77-4cdcc066640a",
              "isHook": false,
              "skipped": false
            },
            {
              "title": "GET - Organisation",
              "fullTitle": "Sales Order Get API GET - Organisation",
              "timedOut": null,
              "duration": 310,
              "state": "passed",
              "speed": "fast",
              "pass": true,
              "fail": false,
              "pending": false,
              "context": null,
              "code": "cy.request({\n  Method: 'GET',\n  url: BaseURL + 'api/common.php',\n  body: {\n    params: {\n      \"model\": \"Organisation\",\n      \"actionModel\": \"Default\",\n      \"intEmpId\": data.intEmpId,\n      \"page\": \"\",\n      \"last_sync_date\": data.LSD,\n      \"appName\": \"order_app\",\n      \"appNameForService\": \"order_app\",\n      \"appVersion\": \"22.52.172\",\n      \"access-token\": data.AccessToken,\n      \"clientId\": data.ClientId,\n      \"action\": \"\",\n      \"requestType\": \"GET\",\n      \"primaryKey\": \"\",\n      \"intCustomerUserId\": 1001,\n      \"intCustomerUserDeviceId\": 0,\n      \"intApplicationId\": 0,\n      \"expand\": \"tbl_address#int_address_id,tbl_address#int_address_id.tbl_city#int_city_id,tbl_address#int_address_id.tbl_city#int_tehsil_city_id,tbl_branch_regn#int_branch_id\",\n      \"blShowUserBranch\": true\n    }\n  }\n}).then(res => {\n  cy.log(res.body.message);\n  expect(res.status).to.eq(200);\n  expect(res.body.response[0].int_delete_type).to.eq(0);\n  expect(res.body.status).to.eq('success');\n  cy.log(res.body.status);\n  cy.log('Total Records: ' + res.body.total_records);\n  // let numberOfKey = Object.keys(res.body.response[0]).toString()\n  // cy.log(numberOfKey)            \n});",
              "err": {},
              "uuid": "062aef24-3196-491f-a3bb-845b49f964b2",
              "parentUUID": "38ea7b5b-64b5-42f2-9e77-4cdcc066640a",
              "isHook": false,
              "skipped": false
            },
            {
              "title": "GET - Branch",
              "fullTitle": "Sales Order Get API GET - Branch",
              "timedOut": null,
              "duration": 290,
              "state": "passed",
              "speed": "fast",
              "pass": true,
              "fail": false,
              "pending": false,
              "context": null,
              "code": "cy.request({\n  Method: 'GET',\n  url: BaseURL + 'api/common.php',\n  body: {\n    params: {\n      \"model\": \"Branch\",\n      \"actionModel\": \"Default\",\n      \"intEmpId\": data.intEmpId,\n      \"page\": \"\",\n      \"last_sync_date\": data.LSD,\n      \"appName\": \"order_app\",\n      \"appNameForService\": \"order_app\",\n      \"appVersion\": \"22.52.172\",\n      \"access-token\": data.AccessToken,\n      \"clientId\": data.ClientId,\n      \"action\": \"\",\n      \"requestType\": \"GET\",\n      \"primaryKey\": \"\",\n      \"intCustomerUserId\": 1001,\n      \"intCustomerUserDeviceId\": 0,\n      \"intApplicationId\": 0,\n      \"expand\": \"tbl_address#int_address_id,tbl_address#int_address_id.tbl_city#int_city_id,tbl_address#int_address_id.tbl_city#int_tehsil_city_id,tbl_branch_regn#int_branch_id\",\n      \"blShowUserBranch\": true\n    }\n  }\n}).then(res => {\n  cy.log(res.body.message);\n  expect(res.status).to.eq(200);\n  expect(res.body.response[0].int_delete_type).to.eq(0);\n  expect(res.body.status).to.eq('success');\n  cy.log(res.body.status);\n  cy.log('Total Records: ' + res.body.total_records);\n  // let numberOfKey = Object.keys(res.body.response[0]).toString()\n  // cy.log(numberOfKey)            \n});",
              "err": {},
              "uuid": "64e79961-8e71-4b0e-822d-85e9c08c9d68",
              "parentUUID": "38ea7b5b-64b5-42f2-9e77-4cdcc066640a",
              "isHook": false,
              "skipped": false
            },
            {
              "title": "GET - OrganisationRegn",
              "fullTitle": "Sales Order Get API GET - OrganisationRegn",
              "timedOut": null,
              "duration": 222,
              "state": "passed",
              "speed": "fast",
              "pass": true,
              "fail": false,
              "pending": false,
              "context": null,
              "code": "cy.request({\n  Method: 'GET',\n  url: BaseURL + 'api/common.php',\n  body: {\n    params: {\n      \"model\": \"OrganisationRegn\",\n      \"actionModel\": \"Default\",\n      \"intEmpId\": data.intEmpId,\n      \"page\": \"\",\n      \"last_sync_date\": data.LSD,\n      \"appName\": \"order_app\",\n      \"appNameForService\": \"order_app\",\n      \"appVersion\": \"22.52.172\",\n      \"access-token\": data.AccessToken,\n      \"clientId\": data.ClientId,\n      \"action\": \"\",\n      \"requestType\": \"GET\",\n      \"primaryKey\": \"\",\n      \"intCustomerUserId\": 1001,\n      \"intCustomerUserDeviceId\": 0,\n      \"intApplicationId\": 0\n    }\n  }\n}).then(res => {\n  cy.log(res.body.message);\n  expect(res.status).to.eq(200);\n  expect(res.body.response[0].int_delete_type).to.eq(0);\n  expect(res.body.status).to.eq('success');\n  cy.log(res.body.status);\n  cy.log('Total Records: ' + res.body.total_records);\n  // let numberOfKey = Object.keys(res.body.response[0]).toString()\n  // cy.log(numberOfKey)            \n});",
              "err": {},
              "uuid": "61f70638-a2e8-4c61-a9ab-57826d2d422c",
              "parentUUID": "38ea7b5b-64b5-42f2-9e77-4cdcc066640a",
              "isHook": false,
              "skipped": false
            },
            {
              "title": "GET - DocumentHead",
              "fullTitle": "Sales Order Get API GET - DocumentHead",
              "timedOut": null,
              "duration": 273,
              "state": "passed",
              "speed": "fast",
              "pass": true,
              "fail": false,
              "pending": false,
              "context": null,
              "code": "cy.request({\n  Method: 'GET',\n  url: BaseURL + 'api/common.php',\n  body: {\n    params: {\n      \"model\": \"DocumentHead\",\n      \"actionModel\": \"Default\",\n      \"intEmpId\": data.intEmpId,\n      \"page\": \"\",\n      \"last_sync_date\": data.LSD,\n      \"appName\": \"order_app\",\n      \"appNameForService\": \"order_app\",\n      \"appVersion\": \"22.52.172\",\n      \"access-token\": data.AccessToken,\n      \"clientId\": data.ClientId,\n      \"action\": \"\",\n      \"requestType\": \"GET\",\n      \"primaryKey\": \"\",\n      \"intCustomerUserId\": 1001,\n      \"intCustomerUserDeviceId\": 0,\n      \"intApplicationId\": 0,\n      \"expand\": \"tbl_document_head_value#int_document_head_id\"\n    }\n  }\n}).then(res => {\n  cy.log(res.body.message);\n  expect(res.status).to.eq(200);\n  expect(res.body.response[0].int_delete_type).to.eq(0);\n  expect(res.body.status).to.eq('success');\n  cy.log(res.body.status);\n  cy.log('Total Records: ' + res.body.total_records);\n  // let numberOfKey = Object.keys(res.body.response[0]).toString()\n  // cy.log(numberOfKey)            \n});",
              "err": {},
              "uuid": "4acd0caf-dca3-44f1-942b-280226564679",
              "parentUUID": "38ea7b5b-64b5-42f2-9e77-4cdcc066640a",
              "isHook": false,
              "skipped": false
            },
            {
              "title": "GET - AccountGroup",
              "fullTitle": "Sales Order Get API GET - AccountGroup",
              "timedOut": null,
              "duration": 204,
              "state": "passed",
              "speed": "fast",
              "pass": true,
              "fail": false,
              "pending": false,
              "context": null,
              "code": "cy.request({\n  Method: 'GET',\n  url: BaseURL + 'api/account.php',\n  body: {\n    params: {\n      \"model\": \"AccountGroup\",\n      \"actionModel\": \"Default\",\n      \"intEmpId\": data.intEmpId,\n      \"page\": \"\",\n      \"last_sync_date\": data.LSD,\n      \"appName\": \"order_app\",\n      \"appNameForService\": \"order_app\",\n      \"appVersion\": \"22.52.172\",\n      \"access-token\": data.AccessToken,\n      \"clientId\": data.ClientId,\n      \"action\": \"\",\n      \"requestType\": \"GET\",\n      \"primaryKey\": \"\",\n      \"intCustomerUserId\": 1001,\n      \"intCustomerUserDeviceId\": 0,\n      \"intApplicationId\": 0\n    }\n  }\n}).then(res => {\n  cy.log(res.body.message);\n  expect(res.status).to.eq(200);\n  expect(res.body.response[0].int_delete_type).to.eq(0);\n  expect(res.body.status).to.eq('success');\n  cy.log(res.body.status);\n  cy.log('Total Records: ' + res.body.total_records);\n  // let numberOfKey = Object.keys(res.body.response[0]).toString()\n  // cy.log(numberOfKey)            \n});",
              "err": {},
              "uuid": "6a91211d-8c4b-485f-a731-9f210f57409d",
              "parentUUID": "38ea7b5b-64b5-42f2-9e77-4cdcc066640a",
              "isHook": false,
              "skipped": false
            },
            {
              "title": "GET - Order",
              "fullTitle": "Sales Order Get API GET - Order",
              "timedOut": null,
              "duration": 312,
              "state": "passed",
              "speed": "fast",
              "pass": true,
              "fail": false,
              "pending": false,
              "context": null,
              "code": "cy.request({\n  Method: 'GET',\n  url: BaseURL + 'api/scms.php',\n  body: {\n    params: {\n      \"model\": \"Order\",\n      \"actionModel\": \"Default\",\n      \"intEmpId\": data.intEmpId,\n      \"page\": \"\",\n      \"last_sync_date\": data.LSD,\n      \"appName\": \"order_app\",\n      \"appNameForService\": \"order_app\",\n      \"appVersion\": \"20.51.96\",\n      \"access-token\": data.AccessToken,\n      \"clientId\": data.ClientId,\n      \"action\": \"\",\n      \"requestType\": \"GET\",\n      \"primaryKey\": \"\",\n      \"intCustomerUserId\": 2,\n      \"intCustomerUserDeviceId\": 0,\n      \"intApplicationId\": 0,\n      \"expand\": \"tbl_address#int_address_id, tbl_address#int_billing_address_id, tbl_address#int_shipping_address_id, tbl_party_regn#int_party_id, tbl_party_organisation#int_party_id, tbl_party_branch#int_party_id, tbl_party_branch_tax_category#int_party_id, tbl_party_employee#int_party_id\"\n    }\n  }\n}).then(res => {\n  expect(res.status).to.eq(200);\n  expect(res.body.response[0].int_document_type).to.eq(201);\n  expect(res.body.status).to.eq('success');\n  cy.log(res.body.status);\n  cy.log(res.body.total_records);\n  // let numberOfKey = Object.keys(res.body.response[0]).toString()\n  // cy.log(numberOfKey)\n});",
              "err": {},
              "uuid": "ef431d32-4987-4ead-91e6-b4b9ab249316",
              "parentUUID": "38ea7b5b-64b5-42f2-9e77-4cdcc066640a",
              "isHook": false,
              "skipped": false
            },
            {
              "title": "GET - Scheme",
              "fullTitle": "Sales Order Get API GET - Scheme",
              "timedOut": null,
              "duration": 304,
              "state": "passed",
              "speed": "fast",
              "pass": true,
              "fail": false,
              "pending": false,
              "context": null,
              "code": "cy.request({\n  Method: 'GET',\n  url: BaseURL + 'api/scms.php',\n  body: {\n    params: {\n      \"model\": \"Scheme\",\n      \"actionModel\": \"Default\",\n      \"intEmpId\": data.intEmpId,\n      \"page\": \"\",\n      \"last_sync_date\": data.LSD,\n      \"appName\": \"order_app\",\n      \"appNameForService\": \"order_app\",\n      \"appVersion\": \"21.51.125\",\n      \"access-token\": data.AccessToken,\n      \"clientId\": data.ClientId,\n      \"action\": \"\",\n      \"requestType\": \"GET\",\n      \"primaryKey\": \"\",\n      \"intCustomerUserId\": 1010,\n      \"intCustomerUserDeviceId\": 0,\n      \"intApplicationId\": 0\n    }\n  }\n}).then(res => {\n  expect(res.status).to.eq(200);\n  expect(res.body.response[0].int_delete_type).to.eq(0);\n  expect(res.body.status).to.eq('success');\n  cy.log(res.body.status);\n  cy.log(res.body.total_records);\n  // let numberOfKey = Object.keys(res.body.response[0]).toString()\n  // cy.log(numberOfKey)            \n});",
              "err": {},
              "uuid": "1f698043-60ca-483c-ba27-27dee267bc99",
              "parentUUID": "38ea7b5b-64b5-42f2-9e77-4cdcc066640a",
              "isHook": false,
              "skipped": false
            },
            {
              "title": "GET - PartyGroupMember",
              "fullTitle": "Sales Order Get API GET - PartyGroupMember",
              "timedOut": null,
              "duration": 299,
              "state": "passed",
              "speed": "fast",
              "pass": true,
              "fail": false,
              "pending": false,
              "context": null,
              "code": "cy.request({\n  Method: 'GET',\n  url: BaseURL + 'api/common.php',\n  body: {\n    params: {\n      \"model\": \"PartyGroupMember\",\n      \"actionModel\": \"Default\",\n      \"intEmpId\": data.intEmpId,\n      \"page\": \"\",\n      \"last_sync_date\": data.LSD,\n      \"appName\": \"order_app\",\n      \"appNameForService\": \"eSATHI\",\n      \"appVersion\": \"22.44.169\",\n      \"access-token\": data.AccessToken,\n      \"clientId\": data.ClientId,\n      \"action\": \"\",\n      \"requestType\": \"GET\",\n      \"primaryKey\": \"\",\n      \"intCustomerUserId\": 694,\n      \"intCustomerUserDeviceId\": 0,\n      \"intApplicationId\": 0\n    }\n  }\n}).then(res => {\n  expect(res.status).to.eq(200);\n  expect(res.body.response[0].int_delete_type).to.eq(0);\n  expect(res.body.status).to.eq('success');\n  cy.log(res.body.status);\n  cy.log(res.body.total_records);\n  // let numberOfKey = Object.keys(res.body.response[0]).toString()\n  // cy.log(numberOfKey)            \n});",
              "err": {},
              "uuid": "8113e12f-ca5b-4797-a708-86fbef67a6e3",
              "parentUUID": "38ea7b5b-64b5-42f2-9e77-4cdcc066640a",
              "isHook": false,
              "skipped": false
            },
            {
              "title": "GET - ProductSetMember",
              "fullTitle": "Sales Order Get API GET - ProductSetMember",
              "timedOut": null,
              "duration": 302,
              "state": "passed",
              "speed": "fast",
              "pass": true,
              "fail": false,
              "pending": false,
              "context": null,
              "code": "cy.request({\n  Method: 'GET',\n  url: BaseURL + 'api/common.php',\n  body: {\n    params: {\n      \"model\": \"ProductSetMember\",\n      \"actionModel\": \"Default\",\n      \"intEmpId\": data.intEmpId,\n      \"page\": \"\",\n      \"last_sync_date\": data.LSD,\n      \"appName\": \"order_app\",\n      \"appNameForService\": \"eSATHI\",\n      \"appVersion\": \"22.44.169\",\n      \"access-token\": data.AccessToken,\n      \"clientId\": data.ClientId,\n      \"action\": \"\",\n      \"requestType\": \"GET\",\n      \"primaryKey\": \"\",\n      \"intCustomerUserId\": 1001,\n      \"intCustomerUserDeviceId\": 0,\n      \"intApplicationId\": 0\n    }\n  }\n}).then(res => {\n  expect(res.status).to.eq(200);\n  expect(res.body.response[0].int_delete_type).to.eq(0);\n  expect(res.body.status).to.eq('success');\n  cy.log(res.body.status);\n  cy.log(res.body.total_records);\n  // let numberOfKey = Object.keys(res.body.response[0]).toString()\n  // cy.log(numberOfKey)            \n});",
              "err": {},
              "uuid": "ef26c23d-4ae5-4b16-b30d-100e4feadf0f",
              "parentUUID": "38ea7b5b-64b5-42f2-9e77-4cdcc066640a",
              "isHook": false,
              "skipped": false
            },
            {
              "title": "GET - ProductRateTemplate",
              "fullTitle": "Sales Order Get API GET - ProductRateTemplate",
              "timedOut": null,
              "duration": 328,
              "state": "passed",
              "speed": "fast",
              "pass": true,
              "fail": false,
              "pending": false,
              "context": null,
              "code": "cy.request({\n  Method: 'GET',\n  url: BaseURL + 'api/common.php',\n  body: {\n    params: {\n      \"model\": \"ProductRateTemplate\",\n      \"actionModel\": \"ProductRateTemplate\",\n      \"intEmpId\": data.intEmpId,\n      \"page\": \"\",\n      \"last_sync_date\": data.LSD,\n      \"appName\": \"order_app\",\n      \"appNameForService\": \"eSATHI\",\n      \"appVersion\": \"22.44.169\",\n      \"access-token\": data.AccessToken,\n      \"clientId\": data.ClientId,\n      \"action\": \"\",\n      \"requestType\": \"GET\",\n      \"primaryKey\": \"\",\n      \"intCustomerUserId\": 694,\n      \"intCustomerUserDeviceId\": 0,\n      \"intApplicationId\": 0,\n      \"int_rate_type\": 1,\n      \"expand\": \"tbl_product_rate_template_party#int_product_rate_template_id\"\n    }\n  }\n}).then(res => {\n  expect(res.status).to.eq(200);\n  expect(res.body.response[0].int_delete_type).to.eq(0);\n  expect(res.body.status).to.eq('success');\n  cy.log(res.body.message);\n  cy.log(res.body.status);\n  cy.log(res.body.total_records);\n  // let numberOfKey = Object.keys(res.body.response[0]).toString()\n  // cy.log(numberOfKey)\n});",
              "err": {},
              "uuid": "83ee5a35-cc4d-48d0-bf63-b6bf858817f0",
              "parentUUID": "38ea7b5b-64b5-42f2-9e77-4cdcc066640a",
              "isHook": false,
              "skipped": false
            },
            {
              "title": "GET - ProductRateTemplateProduct",
              "fullTitle": "Sales Order Get API GET - ProductRateTemplateProduct",
              "timedOut": null,
              "duration": 381,
              "state": "passed",
              "speed": "fast",
              "pass": true,
              "fail": false,
              "pending": false,
              "context": null,
              "code": "cy.request({\n  Method: 'GET',\n  url: BaseURL + 'api/common.php',\n  body: {\n    params: {\n      \"model\": \"ProductRateTemplateProduct\",\n      \"actionModel\": \"ProductRateTemplateProduct\",\n      \"intEmpId\": data.intEmpId,\n      \"page\": \"\",\n      \"last_sync_date\": data.LSD,\n      \"appName\": \"order_app\",\n      \"appNameForService\": \"eSATHI\",\n      \"appVersion\": \"22.44.169\",\n      \"access-token\": data.AccessToken,\n      \"clientId\": data.ClientId,\n      \"action\": \"\",\n      \"requestType\": \"GET\",\n      \"primaryKey\": \"\",\n      \"intCustomerUserId\": 694,\n      \"intCustomerUserDeviceId\": 0,\n      \"intApplicationId\": 0,\n      \"int_rate_type\": 1\n    }\n  }\n}).then(res => {\n  expect(res.status).to.eq(200);\n  expect(res.body.response[0].int_delete_type).to.eq(0);\n  expect(res.body.status).to.eq('success');\n  cy.log(res.body.status);\n  cy.log(res.body.total_records);\n  // let numberOfKey = Object.keys(res.body.response[0]).toString()\n  // cy.log(numberOfKey)            \n});",
              "err": {},
              "uuid": "5a7bbf49-8714-4a4c-bf70-8d5fa280ec46",
              "parentUUID": "38ea7b5b-64b5-42f2-9e77-4cdcc066640a",
              "isHook": false,
              "skipped": false
            },
            {
              "title": "GET - TaxCategory",
              "fullTitle": "Sales Order Get API GET - TaxCategory",
              "timedOut": null,
              "duration": 306,
              "state": "passed",
              "speed": "fast",
              "pass": true,
              "fail": false,
              "pending": false,
              "context": null,
              "code": "cy.request({\n  Method: 'GET',\n  url: BaseURL + 'api/common.php',\n  body: {\n    params: {\n      \"model\": \"TaxCategory\",\n      \"actionModel\": \"Default\",\n      \"intEmpId\": data.intEmpId,\n      \"page\": \"\",\n      \"last_sync_date\": data.LSD,\n      \"appName\": \"order_app\",\n      \"appNameForService\": \"eSATHI\",\n      \"appVersion\": \"22.44.169\",\n      \"access-token\": data.AccessToken,\n      \"clientId\": data.ClientId,\n      \"action\": \"\",\n      \"requestType\": \"GET\",\n      \"primaryKey\": \"\",\n      \"intCustomerUserId\": 694,\n      \"intCustomerUserDeviceId\": 0,\n      \"intApplicationId\": 0\n    }\n  }\n}).then(res => {\n  expect(res.status).to.eq(200);\n  expect(res.body.response[0].int_delete_type).to.eq(0);\n  expect(res.body.status).to.eq('success');\n  cy.log(res.body.status);\n  cy.log(res.body.total_records);\n  // let numberOfKey = Object.keys(res.body.response[0]).toString()\n  // cy.log(numberOfKey)            \n});",
              "err": {},
              "uuid": "83be8df7-b5fa-4b81-9d9d-fdc83d64f93a",
              "parentUUID": "38ea7b5b-64b5-42f2-9e77-4cdcc066640a",
              "isHook": false,
              "skipped": false
            }
          ],
          "suites": [],
          "passes": [
            "f03ac748-fbd8-4c9b-a2b6-3367abc63f6f",
            "a108a929-347f-4113-8852-85f9a0eca8e4",
            "c1724600-ca0b-47c1-92ef-39a494b9310f",
            "4f260bb6-0d12-4cdd-be9c-1fc5044b627f",
            "bf783da0-9018-409f-abdd-a9e3d328b6fb",
            "0f102e49-868e-43ee-89fc-c548dca8cd1c",
            "4bbf914e-e376-4e98-9be2-9c96a4971661",
            "c2246616-b4bf-4348-9af1-29d7718819ab",
            "cb21b12a-4755-4e90-8423-85a1c51f7aeb",
            "f3e35a59-486c-420b-b389-5775953dff67",
            "cf806b11-25b2-449b-9c56-3fd59c0e8537",
            "2e80fa4c-0466-405f-bda7-54b08383aeaa",
            "8fe770fa-a8cb-4f1b-984d-2a9ad590a545",
            "a194048b-a21b-42fc-afac-38fe4f60d8fd",
            "6b5d5425-2d58-48a4-9177-7a4e31612c28",
            "fbd6bf0b-19b5-4874-a88c-fbc9ab9fc6ce",
            "2433e1a4-eb96-42ae-9ac0-2ca6df7b4862",
            "147be417-022f-4ff1-be7e-fe10ef2dd88b",
            "2027a0fd-d180-42ed-aed8-dbac50836f67",
            "2de0949a-d309-43fd-8705-53d95760e7ac",
            "c930c071-d33a-40bc-9e42-120e5edb34ee",
            "062aef24-3196-491f-a3bb-845b49f964b2",
            "64e79961-8e71-4b0e-822d-85e9c08c9d68",
            "61f70638-a2e8-4c61-a9ab-57826d2d422c",
            "4acd0caf-dca3-44f1-942b-280226564679",
            "6a91211d-8c4b-485f-a731-9f210f57409d",
            "ef431d32-4987-4ead-91e6-b4b9ab249316",
            "1f698043-60ca-483c-ba27-27dee267bc99",
            "8113e12f-ca5b-4797-a708-86fbef67a6e3",
            "ef26c23d-4ae5-4b16-b30d-100e4feadf0f",
            "83ee5a35-cc4d-48d0-bf63-b6bf858817f0",
            "5a7bbf49-8714-4a4c-bf70-8d5fa280ec46",
            "83be8df7-b5fa-4b81-9d9d-fdc83d64f93a"
          ],
          "failures": [],
          "pending": [],
          "skipped": [],
          "duration": 43931,
          "root": false,
          "rootEmpty": false,
          "_timeout": 2000
        }
      ],
      "passes": [],
      "failures": [],
      "pending": [],
      "skipped": [],
      "duration": 0,
      "root": true,
      "rootEmpty": true,
      "_timeout": 2000
    }
  ],
  "meta": {
    "mocha": {
      "version": "7.0.1"
    },
    "mochawesome": {
      "options": {
        "quiet": false,
        "reportFilename": "mochawesome",
        "saveHtml": false,
        "saveJson": true,
        "consoleReporter": "spec",
        "useInlineDiffs": false,
        "code": true
      },
      "version": "7.1.3"
    },
    "marge": {
      "options": {
        "charts": true,
        "overwrite": false,
        "html": false,
        "json": true,
        "reportDir": "cypress/report/mochawesome-report"
      },
      "version": "6.2.0"
    }
  }
}