{
  "stats": {
    "suites": 1,
    "tests": 1,
    "passes": 1,
    "pending": 0,
    "failures": 0,
    "start": "2023-02-13T10:49:24.104Z",
    "end": "2023-02-13T10:50:00.305Z",
    "duration": 36201,
    "testsRegistered": 1,
    "passPercent": 100,
    "pendingPercent": 0,
    "other": 0,
    "hasOther": false,
    "skipped": 0,
    "hasSkipped": false
  },
  "results": [
    {
      "uuid": "e6063b38-d0c5-46db-bfa8-f4a1549d1d20",
      "title": "",
      "fullFile": "cypress/e2e/APItest/GetAPIs/Sales_Order/getAPI.cy.js",
      "file": "cypress/e2e/APItest/GetAPIs/Sales_Order/getAPI.cy.js",
      "beforeHooks": [],
      "afterHooks": [],
      "tests": [],
      "suites": [
        {
          "uuid": "2b237812-93c8-4081-8c6b-2b6f5d1c24ea",
          "title": "Sales Order Get API",
          "fullFile": "",
          "file": "",
          "beforeHooks": [],
          "afterHooks": [],
          "tests": [
            {
              "title": "GET - UserPermission",
              "fullTitle": "Sales Order Get API GET - UserPermission",
              "timedOut": null,
              "duration": 36106,
              "state": "passed",
              "speed": "slow",
              "pass": true,
              "fail": false,
              "pending": false,
              "context": null,
              "code": "var pageCount = 1;\nvar PageLeft;\nclass AllPage {\n  NextPage() {\n    cy.request({\n      Method: 'GET',\n      url: BaseURL + 'api/common.php',\n      body: {\n        params: {\n          \"model\": \"UserPermission\",\n          \"actionModel\": \"Default\",\n          \"intEmpId\": data.intEmpId,\n          \"page\": pageCount,\n          \"last_sync_date\": data.LSD,\n          \"appName\": \"order_app\",\n          \"appNameForService\": \"order_app\",\n          \"appVersion\": \"22.52.172\",\n          \"access-token\": data.AccessToken,\n          \"clientId\": data.ClientId,\n          \"action\": \"\",\n          \"requestType\": \"GET\",\n          \"primaryKey\": \"\",\n          \"intCustomerUserId\": 1001,\n          \"intCustomerUserDeviceId\": 0,\n          \"intApplicationId\": 0,\n          \"txtApplicationIds\": \"311,600,721,111\"\n        }\n      }\n    }).then(res => {\n      expect(res.status).to.eq(200);\n      expect(res.body.response[0].int_delete_type).to.eq(0);\n      //expect(res.body.status).to.eq('success')\n      PageLeft = res.body.page;\n      cy.log(PageLeft);\n      cy.log(res.body.total_records);\n      cy.log(res.body.message);\n      if (PageLeft !== 'No pages left.') {\n        next.NextPage();\n      } else {\n        expect(res.body.status).to.eq('success');\n      }\n      // let numberOfKey = Object.keys(res.body.response[0]).toString()\n      // cy.log(numberOfKey) \n      pageCount = pageCount + 1;\n    });\n  }\n}\nvar next = new AllPage();\ncy.api({\n  Method: 'GET',\n  url: BaseURL + 'api/common.php',\n  body: {\n    params: {\n      \"model\": \"UserPermission\",\n      \"actionModel\": \"Default\",\n      \"intEmpId\": data.intEmpId,\n      \"page\": pageCount,\n      \"last_sync_date\": data.LSD,\n      \"appName\": \"order_app\",\n      \"appNameForService\": \"order_app\",\n      \"appVersion\": \"22.52.172\",\n      \"access-token\": data.AccessToken,\n      \"clientId\": data.ClientId,\n      \"action\": \"\",\n      \"requestType\": \"GET\",\n      \"primaryKey\": \"\",\n      \"intCustomerUserId\": 1001,\n      \"intCustomerUserDeviceId\": 0,\n      \"intApplicationId\": 0,\n      \"txtApplicationIds\": \"311,600,721,111\"\n    }\n  }\n}).then(res => {\n  expect(res.status).to.eq(200);\n  expect(res.body.response[0].int_delete_type).to.eq(0);\n  //expect(res.body.status).to.eq('success')\n  PageLeft = res.body.page;\n  cy.log(PageLeft);\n  cy.log('Total records: ' + res.body.total_records);\n  cy.log(res.body.message);\n  if (PageLeft !== 'No pages left.') {\n    next.NextPage();\n  } else {\n    expect(res.body.status).to.eq('success');\n  }\n  // let numberOfKey = Object.keys(res.body.response[0]).toString()\n  // cy.log(numberOfKey)            \n});",
              "err": {},
              "uuid": "d783b108-7b9f-493c-a53f-bcb8c790693d",
              "parentUUID": "2b237812-93c8-4081-8c6b-2b6f5d1c24ea",
              "isHook": false,
              "skipped": false
            }
          ],
          "suites": [],
          "passes": [
            "d783b108-7b9f-493c-a53f-bcb8c790693d"
          ],
          "failures": [],
          "pending": [],
          "skipped": [],
          "duration": 36106,
          "root": false,
          "rootEmpty": false,
          "_timeout": 2000
        }
      ],
      "passes": [],
      "failures": [],
      "pending": [],
      "skipped": [],
      "duration": 0,
      "root": true,
      "rootEmpty": true,
      "_timeout": 2000
    }
  ],
  "meta": {
    "mocha": {
      "version": "7.0.1"
    },
    "mochawesome": {
      "options": {
        "quiet": false,
        "reportFilename": "mochawesome",
        "saveHtml": false,
        "saveJson": true,
        "consoleReporter": "spec",
        "useInlineDiffs": false,
        "code": true
      },
      "version": "7.1.3"
    },
    "marge": {
      "options": {
        "charts": true,
        "overwrite": false,
        "html": false,
        "json": true,
        "reportDir": "cypress/report/mochawesome-report"
      },
      "version": "6.2.0"
    }
  }
}