{
  "stats": {
    "suites": 2,
    "tests": 2,
    "passes": 1,
    "pending": 16,
    "failures": -15,
    "start": "2022-12-13T09:59:40.590Z",
    "end": "2022-12-13T09:59:51.501Z",
    "duration": 10911,
    "testsRegistered": 17,
    "passPercent": 100,
    "pendingPercent": 94.11764705882352,
    "other": 15,
    "hasOther": true,
    "skipped": 0,
    "hasSkipped": false
  },
  "results": [
    {
      "uuid": "b7140081-3785-4499-a5f2-61e15e609657",
      "title": "",
      "fullFile": "cypress/e2e/Test/Checko.cy.js",
      "file": "cypress/e2e/Test/Checko.cy.js",
      "beforeHooks": [],
      "afterHooks": [],
      "tests": [],
      "suites": [
        {
          "uuid": "5bd8525a-772b-4ca9-8024-a8f22a69d429",
          "title": "Regression Checklist",
          "fullFile": "",
          "file": "",
          "beforeHooks": [],
          "afterHooks": [],
          "tests": [
            {
              "title": "Create Blank Database",
              "fullTitle": "Regression Checklist Create Blank Database",
              "timedOut": null,
              "duration": 0,
              "state": "pending",
              "speed": null,
              "pass": false,
              "fail": false,
              "pending": true,
              "context": null,
              "code": "",
              "err": {},
              "uuid": "d3549208-c1b7-4a88-9d56-9fc6794683c7",
              "parentUUID": "5bd8525a-772b-4ca9-8024-a8f22a69d429",
              "isHook": false,
              "skipped": false
            },
            {
              "title": "Create Sales Order",
              "fullTitle": "Regression Checklist Create Sales Order",
              "timedOut": null,
              "duration": 0,
              "state": "pending",
              "speed": null,
              "pass": false,
              "fail": false,
              "pending": true,
              "context": null,
              "code": "",
              "err": {},
              "uuid": "66a25207-5a24-4276-8d3c-ffa9e1d1e608",
              "parentUUID": "5bd8525a-772b-4ca9-8024-a8f22a69d429",
              "isHook": false,
              "skipped": false
            },
            {
              "title": "Send Mail - Sales Order",
              "fullTitle": "Regression Checklist Send Mail - Sales Order",
              "timedOut": null,
              "duration": 0,
              "state": "pending",
              "speed": null,
              "pass": false,
              "fail": false,
              "pending": true,
              "context": null,
              "code": "",
              "err": {},
              "uuid": "5040d10e-fd4e-4cb6-be5c-5e30f5a8647b",
              "parentUUID": "5bd8525a-772b-4ca9-8024-a8f22a69d429",
              "isHook": false,
              "skipped": false
            },
            {
              "title": "Create Dispatch",
              "fullTitle": "Regression Checklist Create Dispatch",
              "timedOut": null,
              "duration": 0,
              "state": "pending",
              "speed": null,
              "pass": false,
              "fail": false,
              "pending": true,
              "context": null,
              "code": "",
              "err": {},
              "uuid": "8c624418-0a66-49ec-8ca3-f35c0a24ef90",
              "parentUUID": "5bd8525a-772b-4ca9-8024-a8f22a69d429",
              "isHook": false,
              "skipped": false
            },
            {
              "title": "Loading Slip Preview",
              "fullTitle": "Regression Checklist Loading Slip Preview",
              "timedOut": null,
              "duration": 0,
              "state": "pending",
              "speed": null,
              "pass": false,
              "fail": false,
              "pending": true,
              "context": null,
              "code": "",
              "err": {},
              "uuid": "9181ee9e-5118-42a3-a950-a330925e963d",
              "parentUUID": "5bd8525a-772b-4ca9-8024-a8f22a69d429",
              "isHook": false,
              "skipped": false
            },
            {
              "title": "Send Mail - Dispatch",
              "fullTitle": "Regression Checklist Send Mail - Dispatch",
              "timedOut": null,
              "duration": 0,
              "state": "pending",
              "speed": null,
              "pass": false,
              "fail": false,
              "pending": true,
              "context": null,
              "code": "",
              "err": {},
              "uuid": "03edcd93-442d-4621-8d99-5b977e26353f",
              "parentUUID": "5bd8525a-772b-4ca9-8024-a8f22a69d429",
              "isHook": false,
              "skipped": false
            },
            {
              "title": "Create Invoice",
              "fullTitle": "Regression Checklist Create Invoice",
              "timedOut": null,
              "duration": 0,
              "state": "pending",
              "speed": null,
              "pass": false,
              "fail": false,
              "pending": true,
              "context": null,
              "code": "",
              "err": {},
              "uuid": "a95e4da2-e9c4-4eb7-b6e8-01d29ae14088",
              "parentUUID": "5bd8525a-772b-4ca9-8024-a8f22a69d429",
              "isHook": false,
              "skipped": false
            },
            {
              "title": "Invoice Preview",
              "fullTitle": "Regression Checklist Invoice Preview",
              "timedOut": null,
              "duration": 0,
              "state": "pending",
              "speed": null,
              "pass": false,
              "fail": false,
              "pending": true,
              "context": null,
              "code": "",
              "err": {},
              "uuid": "cb1fe31b-33a1-4004-be85-7d9c54f30472",
              "parentUUID": "5bd8525a-772b-4ca9-8024-a8f22a69d429",
              "isHook": false,
              "skipped": false
            },
            {
              "title": "SATHI support ticket",
              "fullTitle": "Regression Checklist SATHI support ticket",
              "timedOut": null,
              "duration": 0,
              "state": "pending",
              "speed": null,
              "pass": false,
              "fail": false,
              "pending": true,
              "context": null,
              "code": "",
              "err": {},
              "uuid": "09897c34-a8d2-4897-87ca-a3c0baf40139",
              "parentUUID": "5bd8525a-772b-4ca9-8024-a8f22a69d429",
              "isHook": false,
              "skipped": false
            },
            {
              "title": "Helpdesk Ticket",
              "fullTitle": "Regression Checklist Helpdesk Ticket",
              "timedOut": null,
              "duration": 0,
              "state": "pending",
              "speed": null,
              "pass": false,
              "fail": false,
              "pending": true,
              "context": null,
              "code": "",
              "err": {},
              "uuid": "7afdeaed-4c06-47c4-9d5d-021f274ef5de",
              "parentUUID": "5bd8525a-772b-4ca9-8024-a8f22a69d429",
              "isHook": false,
              "skipped": false
            },
            {
              "title": "Create Retail",
              "fullTitle": "Regression Checklist Create Retail",
              "timedOut": null,
              "duration": 0,
              "state": "pending",
              "speed": null,
              "pass": false,
              "fail": false,
              "pending": true,
              "context": null,
              "code": "",
              "err": {},
              "uuid": "d33b00e1-d511-45e4-853b-2c394b03d7bc",
              "parentUUID": "5bd8525a-772b-4ca9-8024-a8f22a69d429",
              "isHook": false,
              "skipped": false
            },
            {
              "title": "Retail Preview",
              "fullTitle": "Regression Checklist Retail Preview",
              "timedOut": null,
              "duration": 0,
              "state": "pending",
              "speed": null,
              "pass": false,
              "fail": false,
              "pending": true,
              "context": null,
              "code": "",
              "err": {},
              "uuid": "cfdcd53a-b8e2-4d30-b894-00dfd78bcdd6",
              "parentUUID": "5bd8525a-772b-4ca9-8024-a8f22a69d429",
              "isHook": false,
              "skipped": false
            },
            {
              "title": "Import Product",
              "fullTitle": "Regression Checklist Import Product",
              "timedOut": null,
              "duration": 0,
              "state": "pending",
              "speed": null,
              "pass": false,
              "fail": false,
              "pending": true,
              "context": null,
              "code": "",
              "err": {},
              "uuid": "41a48af2-7019-4477-991e-63b2a0f4b379",
              "parentUUID": "5bd8525a-772b-4ca9-8024-a8f22a69d429",
              "isHook": false,
              "skipped": false
            },
            {
              "title": "Import Customer",
              "fullTitle": "Regression Checklist Import Customer",
              "timedOut": null,
              "duration": 0,
              "state": "pending",
              "speed": null,
              "pass": false,
              "fail": false,
              "pending": true,
              "context": null,
              "code": "",
              "err": {},
              "uuid": "bd84bc6e-a104-4c59-ac4d-bafa172d714b",
              "parentUUID": "5bd8525a-772b-4ca9-8024-a8f22a69d429",
              "isHook": false,
              "skipped": false
            },
            {
              "title": "Import Rate",
              "fullTitle": "Regression Checklist Import Rate",
              "timedOut": null,
              "duration": 0,
              "state": "pending",
              "speed": null,
              "pass": false,
              "fail": false,
              "pending": true,
              "context": null,
              "code": "",
              "err": {},
              "uuid": "816da664-094b-4bf7-b9d6-0c340f1fd89e",
              "parentUUID": "5bd8525a-772b-4ca9-8024-a8f22a69d429",
              "isHook": false,
              "skipped": false
            },
            {
              "title": "Import Rate - Rate from other template",
              "fullTitle": "Regression Checklist Import Rate - Rate from other template",
              "timedOut": null,
              "duration": 0,
              "state": "pending",
              "speed": null,
              "pass": false,
              "fail": false,
              "pending": true,
              "context": null,
              "code": "",
              "err": {},
              "uuid": "84a3ac3a-6bad-4596-922c-e2832d0284f7",
              "parentUUID": "5bd8525a-772b-4ca9-8024-a8f22a69d429",
              "isHook": false,
              "skipped": false
            }
          ],
          "suites": [],
          "passes": [],
          "failures": [],
          "pending": [
            "d3549208-c1b7-4a88-9d56-9fc6794683c7",
            "66a25207-5a24-4276-8d3c-ffa9e1d1e608",
            "5040d10e-fd4e-4cb6-be5c-5e30f5a8647b",
            "8c624418-0a66-49ec-8ca3-f35c0a24ef90",
            "9181ee9e-5118-42a3-a950-a330925e963d",
            "03edcd93-442d-4621-8d99-5b977e26353f",
            "a95e4da2-e9c4-4eb7-b6e8-01d29ae14088",
            "cb1fe31b-33a1-4004-be85-7d9c54f30472",
            "09897c34-a8d2-4897-87ca-a3c0baf40139",
            "7afdeaed-4c06-47c4-9d5d-021f274ef5de",
            "d33b00e1-d511-45e4-853b-2c394b03d7bc",
            "cfdcd53a-b8e2-4d30-b894-00dfd78bcdd6",
            "41a48af2-7019-4477-991e-63b2a0f4b379",
            "bd84bc6e-a104-4c59-ac4d-bafa172d714b",
            "816da664-094b-4bf7-b9d6-0c340f1fd89e",
            "84a3ac3a-6bad-4596-922c-e2832d0284f7"
          ],
          "skipped": [],
          "duration": 0,
          "root": false,
          "rootEmpty": false,
          "_timeout": 2000
        },
        {
          "uuid": "6d745a40-8dba-4701-b782-d58fd6c9b158",
          "title": "db-Xpert",
          "fullFile": "",
          "file": "",
          "beforeHooks": [],
          "afterHooks": [],
          "tests": [
            {
              "title": "Documents - Mobile",
              "fullTitle": "db-Xpert Documents - Mobile",
              "timedOut": null,
              "duration": 8996,
              "state": "passed",
              "speed": "medium",
              "pass": true,
              "fail": false,
              "pending": false,
              "context": null,
              "code": "//iSathi.logout()\ncy.visit(QAServer + 'Administration/index.php/documents/mobile-index');\ncy.get('.list_ul > :nth-child(1) > a').invoke('removeAttr', 'target').click();",
              "err": {},
              "uuid": "1693a176-55e6-4f28-8312-75ccbf02fe14",
              "parentUUID": "6d745a40-8dba-4701-b782-d58fd6c9b158",
              "isHook": false,
              "skipped": false
            }
          ],
          "suites": [],
          "passes": [
            "1693a176-55e6-4f28-8312-75ccbf02fe14"
          ],
          "failures": [],
          "pending": [],
          "skipped": [],
          "duration": 8996,
          "root": false,
          "rootEmpty": false,
          "_timeout": 2000
        }
      ],
      "passes": [],
      "failures": [],
      "pending": [],
      "skipped": [],
      "duration": 0,
      "root": true,
      "rootEmpty": true,
      "_timeout": 2000
    }
  ],
  "meta": {
    "mocha": {
      "version": "7.0.1"
    },
    "mochawesome": {
      "options": {
        "quiet": false,
        "reportFilename": "mochawesome",
        "saveHtml": false,
        "saveJson": true,
        "consoleReporter": "spec",
        "useInlineDiffs": false,
        "code": true
      },
      "version": "7.1.3"
    },
    "marge": {
      "options": {
        "charts": true,
        "overwrite": false,
        "html": false,
        "json": true,
        "reportDir": "cypress/report/mochawesome-report"
      },
      "version": "6.2.0"
    }
  }
}